#! /usr/bin/vvp
:ivl_version "11.0 (stable)";
:ivl_delay_selection "TYPICAL";
:vpi_time_precision + 0;
:vpi_module "/usr/lib/x86_64-linux-gnu/ivl/system.vpi";
:vpi_module "/usr/lib/x86_64-linux-gnu/ivl/vhdl_sys.vpi";
:vpi_module "/usr/lib/x86_64-linux-gnu/ivl/vhdl_textio.vpi";
:vpi_module "/usr/lib/x86_64-linux-gnu/ivl/v2005_math.vpi";
:vpi_module "/usr/lib/x86_64-linux-gnu/ivl/va_math.vpi";
S_0x63930c79f660 .scope module, "noc_axis_simple_adapter" "noc_axis_simple_adapter" 2 2;
 .timescale 0 0;
    .port_info 0 /INPUT 1 "clk";
    .port_info 1 /INPUT 1 "rst";
    .port_info 2 /INPUT 36 "noc_in";
    .port_info 3 /OUTPUT 1 "noc_credit";
    .port_info 4 /OUTPUT 1 "axis_tvalid";
    .port_info 5 /INPUT 1 "axis_tready";
    .port_info 6 /OUTPUT 32 "axis_tdata";
    .port_info 7 /OUTPUT 1 "axis_tlast";
P_0x63930c79f7f0 .param/l "IDLE" 1 2 28, C4<10>;
P_0x63930c79f830 .param/l "SEND" 1 2 30, C4<01>;
P_0x63930c79f870 .param/l "WAIT_TAIL" 1 2 29, C4<11>;
v0x63930c79faa0_0 .var "axis_tdata", 31 0;
v0x63930c7c8170_0 .var "axis_tlast", 0 0;
o0x79a582dcf078 .functor BUFZ 1, C4<z>; HiZ drive
v0x63930c7c8230_0 .net "axis_tready", 0 0, o0x79a582dcf078;  0 drivers
v0x63930c7c82d0_0 .var "axis_tvalid", 0 0;
o0x79a582dcf0d8 .functor BUFZ 1, C4<z>; HiZ drive
v0x63930c7c8390_0 .net "clk", 0 0, o0x79a582dcf0d8;  0 drivers
v0x63930c7c8450_0 .net "flit_ctrl", 2 0, L_0x63930c7c8ed0;  1 drivers
v0x63930c7c8530_0 .net "flit_data", 31 0, L_0x63930c7c8f70;  1 drivers
v0x63930c7c8610_0 .net "flit_head", 0 0, L_0x63930c7c9130;  1 drivers
v0x63930c7c86d0_0 .net "flit_tail", 0 0, L_0x63930c7c91d0;  1 drivers
v0x63930c7c8790_0 .net "flit_valid", 0 0, L_0x63930c7c9010;  1 drivers
v0x63930c7c8850_0 .net "link_valid", 0 0, L_0x63930c7c8e30;  1 drivers
v0x63930c7c8910_0 .var "noc_credit", 0 0;
o0x79a582dcf258 .functor BUFZ 36, C4<zzzzzzzzzzzzzzzzzzzzzzzzzzzzzzzzzzzz>; HiZ drive
v0x63930c7c89d0_0 .net "noc_in", 35 0, o0x79a582dcf258;  0 drivers
o0x79a582dcf288 .functor BUFZ 1, C4<z>; HiZ drive
v0x63930c7c8ab0_0 .net "rst", 0 0, o0x79a582dcf288;  0 drivers
v0x63930c7c8b70_0 .var "state", 1 0;
v0x63930c7c8c50_0 .var "tail_data", 31 0;
E_0x63930c7b1290 .event edge, v0x63930c7c8c50_0;
E_0x63930c7b15e0 .event posedge, v0x63930c7c8ab0_0, v0x63930c7c8390_0;
L_0x63930c7c8e30 .part o0x79a582dcf258, 35, 1;
L_0x63930c7c8ed0 .part o0x79a582dcf258, 32, 3;
L_0x63930c7c8f70 .part o0x79a582dcf258, 0, 32;
L_0x63930c7c9010 .part L_0x63930c7c8ed0, 0, 1;
L_0x63930c7c9130 .part L_0x63930c7c8ed0, 1, 1;
L_0x63930c7c91d0 .part L_0x63930c7c8ed0, 2, 1;
    .scope S_0x63930c79f660;
T_0 ;
    %wait E_0x63930c7b15e0;
    %load/vec4 v0x63930c7c8ab0_0;
    %flag_set/vec4 8;
    %jmp/0xz  T_0.0, 8;
    %pushi/vec4 2, 0, 2;
    %assign/vec4 v0x63930c7c8b70_0, 0;
    %pushi/vec4 0, 0, 1;
    %assign/vec4 v0x63930c7c82d0_0, 0;
    %pushi/vec4 0, 0, 32;
    %assign/vec4 v0x63930c79faa0_0, 0;
    %pushi/vec4 1, 0, 1;
    %assign/vec4 v0x63930c7c8170_0, 0;
    %pushi/vec4 1, 0, 1;
    %assign/vec4 v0x63930c7c8910_0, 0;
    %pushi/vec4 0, 0, 32;
    %assign/vec4 v0x63930c7c8c50_0, 0;
    %jmp T_0.1;
T_0.0 ;
    %load/vec4 v0x63930c7c8b70_0;
    %dup/vec4;
    %pushi/vec4 2, 0, 2;
    %cmp/u;
    %jmp/1 T_0.2, 6;
    %dup/vec4;
    %pushi/vec4 3, 0, 2;
    %cmp/u;
    %jmp/1 T_0.3, 6;
    %dup/vec4;
    %pushi/vec4 1, 0, 2;
    %cmp/u;
    %jmp/1 T_0.4, 6;
    %jmp T_0.5;
T_0.2 ;
    %pushi/vec4 0, 0, 1;
    %assign/vec4 v0x63930c7c82d0_0, 0;
    %load/vec4 v0x63930c7c8790_0;
    %load/vec4 v0x63930c7c8610_0;
    %and;
    %flag_set/vec4 8;
    %jmp/0xz  T_0.6, 8;
    %pushi/vec4 3, 0, 2;
    %assign/vec4 v0x63930c7c8b70_0, 0;
    %pushi/vec4 0, 0, 1;
    %assign/vec4 v0x63930c7c8910_0, 0;
T_0.6 ;
    %jmp T_0.5;
T_0.3 ;
    %load/vec4 v0x63930c7c8790_0;
    %load/vec4 v0x63930c7c86d0_0;
    %and;
    %flag_set/vec4 8;
    %jmp/0xz  T_0.8, 8;
    %load/vec4 v0x63930c7c8530_0;
    %assign/vec4 v0x63930c7c8c50_0, 0;
    %pushi/vec4 1, 0, 2;
    %assign/vec4 v0x63930c7c8b70_0, 0;
    %pushi/vec4 1, 0, 1;
    %assign/vec4 v0x63930c7c82d0_0, 0;
T_0.8 ;
    %jmp T_0.5;
T_0.4 ;
    %load/vec4 v0x63930c7c8230_0;
    %flag_set/vec4 8;
    %jmp/0xz  T_0.10, 8;
    %pushi/vec4 0, 0, 1;
    %assign/vec4 v0x63930c7c82d0_0, 0;
    %pushi/vec4 1, 0, 1;
    %assign/vec4 v0x63930c7c8910_0, 0;
    %pushi/vec4 2, 0, 2;
    %assign/vec4 v0x63930c7c8b70_0, 0;
T_0.10 ;
    %jmp T_0.5;
T_0.5 ;
    %pop/vec4 1;
T_0.1 ;
    %jmp T_0;
    .thread T_0;
    .scope S_0x63930c79f660;
T_1 ;
    %wait E_0x63930c7b1290;
    %load/vec4 v0x63930c7c8c50_0;
    %store/vec4 v0x63930c79faa0_0, 0, 32;
    %jmp T_1;
    .thread T_1, $push;
# The file index is used to find the file name in the following table.
:file_names 3;
    "N/A";
    "<interactive>";
    "noc2axi.v";
