/home/ruthwik/OpenFPGA/build/yosys/bin/yosys yosys_rewrite_0.ys

 /----------------------------------------------------------------------------\
 |  yosys -- Yosys Open SYnthesis Suite                                       |
 |  Copyright (C) 2012 - 2024  Claire Xenia Wolf <claire@yosyshq.com>         |
 |  Distributed under an ISC-like license, type "license" to see terms        |
 \----------------------------------------------------------------------------/
 Yosys 0.41+101 (git sha1 c71262f66, g++ 12.2.0-14 -fPIC -Os)

-- Executing script file `yosys_rewrite_0.ys' --

1. Executing Verilog-2005 frontend: ./benchmark/noc_bench.v
Parsing Verilog input from `./benchmark/noc_bench.v' to AST representation.
Warning: Literal has a width of 2 bit, but value requires 8 bit. (./benchmark/noc_bench.v:307)
Warning: Literal has a width of 2 bit, but value requires 8 bit. (./benchmark/noc_bench.v:359)
Warning: Literal has a width of 2 bit, but value requires 8 bit. (./benchmark/noc_bench.v:416)
Warning: Literal has a width of 2 bit, but value requires 8 bit. (./benchmark/noc_bench.v:468)
Warning: Literal has a width of 2 bit, but value requires 8 bit. (./benchmark/noc_bench.v:525)
Warning: Literal has a width of 2 bit, but value requires 8 bit. (./benchmark/noc_bench.v:587)
Warning: Literal has a width of 2 bit, but value requires 8 bit. (./benchmark/noc_bench.v:644)
Warning: Literal has a width of 2 bit, but value requires 8 bit. (./benchmark/noc_bench.v:696)
Warning: Literal has a width of 2 bit, but value requires 8 bit. (./benchmark/noc_bench.v:753)
Generating RTLIL representation for module `\noc'.
Successfully finished Verilog frontend.

2. Executing Verilog-2005 frontend: /home/ruthwik/OpenFPGA/openfpga-test-runs/dummy-router/verilog-files/dummy_router3.v
Parsing Verilog input from `/home/ruthwik/OpenFPGA/openfpga-test-runs/dummy-router/verilog-files/dummy_router3.v' to AST representation.
Generating RTLIL representation for module `\router'.
Successfully finished Verilog frontend.

3. Executing HIERARCHY pass (managing design hierarchy).

3.1. Analyzing design hierarchy..
Top module:  \noc

3.2. Analyzing design hierarchy..
Top module:  \noc
Removed 0 unused modules.
Warning: Resizing cell port noc.n8.MY_YPOS from 32 bits to 2 bits.
Warning: Resizing cell port noc.n8.MY_XPOS from 32 bits to 2 bits.
Warning: Resizing cell port noc.n7.MY_YPOS from 32 bits to 2 bits.
Warning: Resizing cell port noc.n7.MY_XPOS from 32 bits to 2 bits.
Warning: Resizing cell port noc.n6.MY_YPOS from 32 bits to 2 bits.
Warning: Resizing cell port noc.n6.MY_XPOS from 32 bits to 2 bits.
Warning: Resizing cell port noc.n5.MY_YPOS from 32 bits to 2 bits.
Warning: Resizing cell port noc.n5.MY_XPOS from 32 bits to 2 bits.
Warning: Resizing cell port noc.n4.MY_YPOS from 32 bits to 2 bits.
Warning: Resizing cell port noc.n4.MY_XPOS from 32 bits to 2 bits.
Warning: Resizing cell port noc.n3.MY_YPOS from 32 bits to 2 bits.
Warning: Resizing cell port noc.n3.MY_XPOS from 32 bits to 2 bits.
Warning: Resizing cell port noc.n2.MY_YPOS from 32 bits to 2 bits.
Warning: Resizing cell port noc.n2.MY_XPOS from 32 bits to 2 bits.
Warning: Resizing cell port noc.n1.MY_YPOS from 32 bits to 2 bits.
Warning: Resizing cell port noc.n1.MY_XPOS from 32 bits to 2 bits.
Warning: Resizing cell port noc.n0.MY_YPOS from 32 bits to 2 bits.
Warning: Resizing cell port noc.n0.MY_XPOS from 32 bits to 2 bits.

4. Executing PROC pass (convert processes to netlists).

4.1. Executing PROC_CLEAN pass (remove empty switches from decision trees).
Cleaned up 0 empty switches.

4.2. Executing PROC_RMDEAD pass (remove dead branches from decision trees).
Removed a total of 0 dead cases.

4.3. Executing PROC_PRUNE pass (remove redundant assignments in processes).
Removed 0 redundant assignments.
Promoted 30 assignments to connections.

4.4. Executing PROC_INIT pass (extract init attributes).

4.5. Executing PROC_ARST pass (detect async resets in processes).

4.6. Executing PROC_ROM pass (convert switches to ROMs).
Converted 0 switches.

4.7. Executing PROC_MUX pass (convert decision trees to multiplexers).
Creating decoders for process `\router.$proc$/home/ruthwik/OpenFPGA/openfpga-test-runs/dummy-router/verilog-files/dummy_router3.v:67$19'.

4.8. Executing PROC_DLATCH pass (convert process syncs to latches).

4.9. Executing PROC_DFF pass (convert process syncs to FFs).
Creating register for signal `\router.\ORDY_4' using process `\router.$proc$/home/ruthwik/OpenFPGA/openfpga-test-runs/dummy-router/verilog-files/dummy_router3.v:67$19'.
  created $dff cell `$procdff$20' with positive edge clock.
Creating register for signal `\router.\ODATA_4' using process `\router.$proc$/home/ruthwik/OpenFPGA/openfpga-test-runs/dummy-router/verilog-files/dummy_router3.v:67$19'.
  created $dff cell `$procdff$21' with positive edge clock.
Creating register for signal `\router.\OVALID_4' using process `\router.$proc$/home/ruthwik/OpenFPGA/openfpga-test-runs/dummy-router/verilog-files/dummy_router3.v:67$19'.
  created $dff cell `$procdff$22' with positive edge clock.
Creating register for signal `\router.\OACK_1' using process `\router.$proc$/home/ruthwik/OpenFPGA/openfpga-test-runs/dummy-router/verilog-files/dummy_router3.v:67$19'.
  created $dff cell `$procdff$23' with positive edge clock.
Creating register for signal `\router.\OLCK_1' using process `\router.$proc$/home/ruthwik/OpenFPGA/openfpga-test-runs/dummy-router/verilog-files/dummy_router3.v:67$19'.
  created $dff cell `$procdff$24' with positive edge clock.
Creating register for signal `\router.\ODATA_1' using process `\router.$proc$/home/ruthwik/OpenFPGA/openfpga-test-runs/dummy-router/verilog-files/dummy_router3.v:67$19'.
  created $dff cell `$procdff$25' with positive edge clock.
Creating register for signal `\router.\OVALID_1' using process `\router.$proc$/home/ruthwik/OpenFPGA/openfpga-test-runs/dummy-router/verilog-files/dummy_router3.v:67$19'.
  created $dff cell `$procdff$26' with positive edge clock.
Creating register for signal `\router.\OVCH_1' using process `\router.$proc$/home/ruthwik/OpenFPGA/openfpga-test-runs/dummy-router/verilog-files/dummy_router3.v:67$19'.
  created $dff cell `$procdff$27' with positive edge clock.
Creating register for signal `\router.\OACK_2' using process `\router.$proc$/home/ruthwik/OpenFPGA/openfpga-test-runs/dummy-router/verilog-files/dummy_router3.v:67$19'.
  created $dff cell `$procdff$28' with positive edge clock.
Creating register for signal `\router.\OLCK_2' using process `\router.$proc$/home/ruthwik/OpenFPGA/openfpga-test-runs/dummy-router/verilog-files/dummy_router3.v:67$19'.
  created $dff cell `$procdff$29' with positive edge clock.
Creating register for signal `\router.\ODATA_2' using process `\router.$proc$/home/ruthwik/OpenFPGA/openfpga-test-runs/dummy-router/verilog-files/dummy_router3.v:67$19'.
  created $dff cell `$procdff$30' with positive edge clock.
Creating register for signal `\router.\OVALID_2' using process `\router.$proc$/home/ruthwik/OpenFPGA/openfpga-test-runs/dummy-router/verilog-files/dummy_router3.v:67$19'.
  created $dff cell `$procdff$31' with positive edge clock.
Creating register for signal `\router.\OVCH_2' using process `\router.$proc$/home/ruthwik/OpenFPGA/openfpga-test-runs/dummy-router/verilog-files/dummy_router3.v:67$19'.
  created $dff cell `$procdff$32' with positive edge clock.
Creating register for signal `\router.\OACK_3' using process `\router.$proc$/home/ruthwik/OpenFPGA/openfpga-test-runs/dummy-router/verilog-files/dummy_router3.v:67$19'.
  created $dff cell `$procdff$33' with positive edge clock.
Creating register for signal `\router.\OLCK_3' using process `\router.$proc$/home/ruthwik/OpenFPGA/openfpga-test-runs/dummy-router/verilog-files/dummy_router3.v:67$19'.
  created $dff cell `$procdff$34' with positive edge clock.
Creating register for signal `\router.\ODATA_3' using process `\router.$proc$/home/ruthwik/OpenFPGA/openfpga-test-runs/dummy-router/verilog-files/dummy_router3.v:67$19'.
  created $dff cell `$procdff$35' with positive edge clock.
Creating register for signal `\router.\OVALID_3' using process `\router.$proc$/home/ruthwik/OpenFPGA/openfpga-test-runs/dummy-router/verilog-files/dummy_router3.v:67$19'.
  created $dff cell `$procdff$36' with positive edge clock.
Creating register for signal `\router.\OVCH_3' using process `\router.$proc$/home/ruthwik/OpenFPGA/openfpga-test-runs/dummy-router/verilog-files/dummy_router3.v:67$19'.
  created $dff cell `$procdff$37' with positive edge clock.
Creating register for signal `\router.\OACK_0' using process `\router.$proc$/home/ruthwik/OpenFPGA/openfpga-test-runs/dummy-router/verilog-files/dummy_router3.v:67$19'.
  created $dff cell `$procdff$38' with positive edge clock.
Creating register for signal `\router.\OLCK_0' using process `\router.$proc$/home/ruthwik/OpenFPGA/openfpga-test-runs/dummy-router/verilog-files/dummy_router3.v:67$19'.
  created $dff cell `$procdff$39' with positive edge clock.
Creating register for signal `\router.\ODATA_0' using process `\router.$proc$/home/ruthwik/OpenFPGA/openfpga-test-runs/dummy-router/verilog-files/dummy_router3.v:67$19'.
  created $dff cell `$procdff$40' with positive edge clock.
Creating register for signal `\router.\OVALID_0' using process `\router.$proc$/home/ruthwik/OpenFPGA/openfpga-test-runs/dummy-router/verilog-files/dummy_router3.v:67$19'.
  created $dff cell `$procdff$41' with positive edge clock.
Creating register for signal `\router.\OVCH_0' using process `\router.$proc$/home/ruthwik/OpenFPGA/openfpga-test-runs/dummy-router/verilog-files/dummy_router3.v:67$19'.
  created $dff cell `$procdff$42' with positive edge clock.
Creating register for signal `\router.\ORDY_0' using process `\router.$proc$/home/ruthwik/OpenFPGA/openfpga-test-runs/dummy-router/verilog-files/dummy_router3.v:67$19'.
  created $dff cell `$procdff$43' with positive edge clock.
Creating register for signal `\router.\ORDY_1' using process `\router.$proc$/home/ruthwik/OpenFPGA/openfpga-test-runs/dummy-router/verilog-files/dummy_router3.v:67$19'.
  created $dff cell `$procdff$44' with positive edge clock.
Creating register for signal `\router.\ORDY_2' using process `\router.$proc$/home/ruthwik/OpenFPGA/openfpga-test-runs/dummy-router/verilog-files/dummy_router3.v:67$19'.
  created $dff cell `$procdff$45' with positive edge clock.
Creating register for signal `\router.\ORDY_3' using process `\router.$proc$/home/ruthwik/OpenFPGA/openfpga-test-runs/dummy-router/verilog-files/dummy_router3.v:67$19'.
  created $dff cell `$procdff$46' with positive edge clock.
Creating register for signal `\router.\OACK_4' using process `\router.$proc$/home/ruthwik/OpenFPGA/openfpga-test-runs/dummy-router/verilog-files/dummy_router3.v:67$19'.
  created $dff cell `$procdff$47' with positive edge clock.
Creating register for signal `\router.\OLCK_4' using process `\router.$proc$/home/ruthwik/OpenFPGA/openfpga-test-runs/dummy-router/verilog-files/dummy_router3.v:67$19'.
  created $dff cell `$procdff$48' with positive edge clock.
Creating register for signal `\router.\OVCH_4' using process `\router.$proc$/home/ruthwik/OpenFPGA/openfpga-test-runs/dummy-router/verilog-files/dummy_router3.v:67$19'.
  created $dff cell `$procdff$49' with positive edge clock.

4.10. Executing PROC_MEMWR pass (convert process memory writes to cells).

4.11. Executing PROC_CLEAN pass (remove empty switches from decision trees).
Removing empty process `router.$proc$/home/ruthwik/OpenFPGA/openfpga-test-runs/dummy-router/verilog-files/dummy_router3.v:67$19'.
Cleaned up 0 empty switches.

4.12. Executing OPT_EXPR pass (perform const folding).
Optimizing module noc.

5. Executing TECHMAP pass (map to technology primitives).

5.1. Executing Verilog-2005 frontend: /home/ruthwik/OpenFPGA/build/yosys/bin/../share/yosys/adff2dff.v
Parsing Verilog input from `/home/ruthwik/OpenFPGA/build/yosys/bin/../share/yosys/adff2dff.v' to AST representation.
Generating RTLIL representation for module `\adff2dff'.
Successfully finished Verilog frontend.

5.2. Continuing TECHMAP pass.
No more expansions possible.
<suppressed ~3 debug messages>

6. Executing FLATTEN pass (flatten design).
Deleting now unused module router.
<suppressed ~9 debug messages>

7. Executing OPT_EXPR pass (perform const folding).
Optimizing module noc.

8. Executing OPT_CLEAN pass (remove unused cells and wires).
Finding unused cells or wires in module \noc..
Removed 243 unused cells and 771 unused wires.
<suppressed ~727 debug messages>

9. Executing CHECK pass (checking for obvious problems).
Checking module noc...
Found and reported 0 problems.

10. Executing OPT pass (performing simple optimizations).

10.1. Executing OPT_EXPR pass (perform const folding).
Optimizing module noc.

10.2. Executing OPT_MERGE pass (detect identical cells).
Finding identical cells in module `\noc'.
<suppressed ~18 debug messages>
Removed a total of 6 cells.

10.3. Executing OPT_MUXTREE pass (detect dead branches in mux trees).
Running muxtree optimizer on module \noc..
  Creating internal representation of mux trees.
  No muxes found in this module.
Removed 0 multiplexer ports.

10.4. Executing OPT_REDUCE pass (consolidate $*mux and $reduce_* inputs).
  Optimizing cells in module \noc.
Performed a total of 0 changes.

10.5. Executing OPT_MERGE pass (detect identical cells).
Finding identical cells in module `\noc'.
Removed a total of 0 cells.

10.6. Executing OPT_DFF pass (perform DFF optimizations).
Setting constant 1-bit at position 0 on $flatten\n3.$procdff$20 ($dff) from module noc.
Setting constant 0-bit at position 1 on $flatten\n3.$procdff$20 ($dff) from module noc.
Setting constant 0-bit at position 0 on $flatten\n0.$procdff$20 ($dff) from module noc.
Setting constant 0-bit at position 1 on $flatten\n0.$procdff$20 ($dff) from module noc.
Setting constant 0-bit at position 0 on $flatten\n6.$procdff$20 ($dff) from module noc.
Setting constant 1-bit at position 1 on $flatten\n6.$procdff$20 ($dff) from module noc.

10.7. Executing OPT_CLEAN pass (remove unused cells and wires).
Finding unused cells or wires in module \noc..

10.8. Executing OPT_EXPR pass (perform const folding).
Optimizing module noc.

10.9. Rerunning OPT passes. (Maybe there is more to do..)

10.10. Executing OPT_MUXTREE pass (detect dead branches in mux trees).
Running muxtree optimizer on module \noc..
  Creating internal representation of mux trees.
  No muxes found in this module.
Removed 0 multiplexer ports.

10.11. Executing OPT_REDUCE pass (consolidate $*mux and $reduce_* inputs).
  Optimizing cells in module \noc.
Performed a total of 0 changes.

10.12. Executing OPT_MERGE pass (detect identical cells).
Finding identical cells in module `\noc'.
Removed a total of 0 cells.

10.13. Executing OPT_DFF pass (perform DFF optimizations).

10.14. Executing OPT_CLEAN pass (remove unused cells and wires).
Finding unused cells or wires in module \noc..

10.15. Executing OPT_EXPR pass (perform const folding).
Optimizing module noc.

10.16. Finished OPT passes. (There is nothing left to do.)

11. Executing FSM pass (extract and optimize FSM).

11.1. Executing FSM_DETECT pass (finding FSMs in design).

11.2. Executing FSM_EXTRACT pass (extracting FSM from design).

11.3. Executing FSM_OPT pass (simple optimizations of FSMs).

11.4. Executing OPT_CLEAN pass (remove unused cells and wires).
Finding unused cells or wires in module \noc..

11.5. Executing FSM_OPT pass (simple optimizations of FSMs).

11.6. Executing FSM_RECODE pass (re-assigning FSM state encoding).

11.7. Executing FSM_INFO pass (dumping all available information on FSM cells).

11.8. Executing FSM_MAP pass (mapping FSMs to basic logic).

12. Executing OPT pass (performing simple optimizations).

12.1. Executing OPT_EXPR pass (perform const folding).
Optimizing module noc.

12.2. Executing OPT_MERGE pass (detect identical cells).
Finding identical cells in module `\noc'.
Removed a total of 0 cells.

12.3. Executing OPT_MUXTREE pass (detect dead branches in mux trees).
Running muxtree optimizer on module \noc..
  Creating internal representation of mux trees.
  No muxes found in this module.
Removed 0 multiplexer ports.

12.4. Executing OPT_REDUCE pass (consolidate $*mux and $reduce_* inputs).
  Optimizing cells in module \noc.
Performed a total of 0 changes.

12.5. Executing OPT_MERGE pass (detect identical cells).
Finding identical cells in module `\noc'.
Removed a total of 0 cells.

12.6. Executing OPT_DFF pass (perform DFF optimizations).

12.7. Executing OPT_CLEAN pass (remove unused cells and wires).
Finding unused cells or wires in module \noc..

12.8. Executing OPT_EXPR pass (perform const folding).
Optimizing module noc.

12.9. Finished OPT passes. (There is nothing left to do.)

13. Executing WREDUCE pass (reducing word size of cells).

14. Executing PEEPOPT pass (run peephole optimizers).

15. Executing OPT_CLEAN pass (remove unused cells and wires).
Finding unused cells or wires in module \noc..

16. Executing OPT pass (performing simple optimizations).

16.1. Executing OPT_EXPR pass (perform const folding).
Optimizing module noc.

16.2. Executing OPT_MERGE pass (detect identical cells).
Finding identical cells in module `\noc'.
Removed a total of 0 cells.

16.3. Executing OPT_MUXTREE pass (detect dead branches in mux trees).
Running muxtree optimizer on module \noc..
  Creating internal representation of mux trees.
  No muxes found in this module.
Removed 0 multiplexer ports.

16.4. Executing OPT_REDUCE pass (consolidate $*mux and $reduce_* inputs).
  Optimizing cells in module \noc.
Performed a total of 0 changes.

16.5. Executing OPT_MERGE pass (detect identical cells).
Finding identical cells in module `\noc'.
Removed a total of 0 cells.

16.6. Executing OPT_DFF pass (perform DFF optimizations).

16.7. Executing OPT_CLEAN pass (remove unused cells and wires).
Finding unused cells or wires in module \noc..

16.8. Executing OPT_EXPR pass (perform const folding).
Optimizing module noc.

16.9. Finished OPT passes. (There is nothing left to do.)

17. Executing MEMORY pass.

17.1. Executing OPT_MEM pass (optimize memories).
Performed a total of 0 transformations.

17.2. Executing OPT_MEM_PRIORITY pass (removing unnecessary memory write priority relations).
Performed a total of 0 transformations.

17.3. Executing OPT_MEM_FEEDBACK pass (finding memory read-to-write feedback paths).

17.4. Executing MEMORY_BMUX2ROM pass (converting muxes to ROMs).

17.5. Executing MEMORY_DFF pass (merging $dff cells to $memrd).

17.6. Executing OPT_CLEAN pass (remove unused cells and wires).
Finding unused cells or wires in module \noc..

17.7. Executing MEMORY_SHARE pass (consolidating $memrd/$memwr cells).

17.8. Executing OPT_MEM_WIDEN pass (optimize memories where all ports are wide).
Performed a total of 0 transformations.

17.9. Executing OPT_CLEAN pass (remove unused cells and wires).
Finding unused cells or wires in module \noc..

17.10. Executing MEMORY_COLLECT pass (generating $mem cells).

18. Executing OPT_CLEAN pass (remove unused cells and wires).
Finding unused cells or wires in module \noc..

19. Executing OPT pass (performing simple optimizations).

19.1. Executing OPT_EXPR pass (perform const folding).
Optimizing module noc.

19.2. Executing OPT_MERGE pass (detect identical cells).
Finding identical cells in module `\noc'.
Removed a total of 0 cells.

19.3. Executing OPT_DFF pass (perform DFF optimizations).

19.4. Executing OPT_CLEAN pass (remove unused cells and wires).
Finding unused cells or wires in module \noc..

19.5. Finished fast OPT passes.

20. Executing MEMORY_MAP pass (converting memories to logic and flip-flops).

21. Executing OPT pass (performing simple optimizations).

21.1. Executing OPT_EXPR pass (perform const folding).
Optimizing module noc.

21.2. Executing OPT_MERGE pass (detect identical cells).
Finding identical cells in module `\noc'.
Removed a total of 0 cells.

21.3. Executing OPT_MUXTREE pass (detect dead branches in mux trees).
Running muxtree optimizer on module \noc..
  Creating internal representation of mux trees.
  No muxes found in this module.
Removed 0 multiplexer ports.

21.4. Executing OPT_REDUCE pass (consolidate $*mux and $reduce_* inputs).
  Optimizing cells in module \noc.
Performed a total of 0 changes.

21.5. Executing OPT_MERGE pass (detect identical cells).
Finding identical cells in module `\noc'.
Removed a total of 0 cells.

21.6. Executing OPT_SHARE pass.

21.7. Executing OPT_DFF pass (perform DFF optimizations).

21.8. Executing OPT_CLEAN pass (remove unused cells and wires).
Finding unused cells or wires in module \noc..

21.9. Executing OPT_EXPR pass (perform const folding).
Optimizing module noc.

21.10. Finished OPT passes. (There is nothing left to do.)

22. Executing TECHMAP pass (map to technology primitives).

22.1. Executing Verilog-2005 frontend: /home/ruthwik/OpenFPGA/build/yosys/bin/../share/yosys/techmap.v
Parsing Verilog input from `/home/ruthwik/OpenFPGA/build/yosys/bin/../share/yosys/techmap.v' to AST representation.
Generating RTLIL representation for module `\_90_simplemap_bool_ops'.
Generating RTLIL representation for module `\_90_simplemap_reduce_ops'.
Generating RTLIL representation for module `\_90_simplemap_logic_ops'.
Generating RTLIL representation for module `\_90_simplemap_compare_ops'.
Generating RTLIL representation for module `\_90_simplemap_various'.
Generating RTLIL representation for module `\_90_simplemap_registers'.
Generating RTLIL representation for module `\_90_shift_ops_shr_shl_sshl_sshr'.
Generating RTLIL representation for module `\_90_shift_shiftx'.
Generating RTLIL representation for module `\_90_fa'.
Generating RTLIL representation for module `\_90_lcu_brent_kung'.
Generating RTLIL representation for module `\_90_alu'.
Generating RTLIL representation for module `\_90_macc'.
Generating RTLIL representation for module `\_90_alumacc'.
Generating RTLIL representation for module `\$__div_mod_u'.
Generating RTLIL representation for module `\$__div_mod_trunc'.
Generating RTLIL representation for module `\_90_div'.
Generating RTLIL representation for module `\_90_mod'.
Generating RTLIL representation for module `\$__div_mod_floor'.
Generating RTLIL representation for module `\_90_divfloor'.
Generating RTLIL representation for module `\_90_modfloor'.
Generating RTLIL representation for module `\_90_pow'.
Generating RTLIL representation for module `\_90_pmux'.
Generating RTLIL representation for module `\_90_demux'.
Generating RTLIL representation for module `\_90_lut'.
Successfully finished Verilog frontend.

22.2. Continuing TECHMAP pass.
Using extmapper simplemap for cells of type $dff.
No more expansions possible.
<suppressed ~91 debug messages>

23. Executing OPT pass (performing simple optimizations).

23.1. Executing OPT_EXPR pass (perform const folding).
Optimizing module noc.

23.2. Executing OPT_MERGE pass (detect identical cells).
Finding identical cells in module `\noc'.
Removed a total of 0 cells.

23.3. Executing OPT_DFF pass (perform DFF optimizations).

23.4. Executing OPT_CLEAN pass (remove unused cells and wires).
Finding unused cells or wires in module \noc..

23.5. Finished fast OPT passes.

24. Executing ABC pass (technology mapping using ABC).

24.1. Extracting gate netlist of module `\noc' to `<abc-temp-dir>/input.blif'..
Extracted 0 gates and 0 wires to a netlist network with 0 inputs and 0 outputs.
Don't call ABC as there is nothing to map.
Removing temp directory.

25. Executing SYNTH pass.

25.1. Executing HIERARCHY pass (managing design hierarchy).

25.1.1. Analyzing design hierarchy..
Top module:  \noc

25.1.2. Analyzing design hierarchy..
Top module:  \noc
Removed 0 unused modules.

25.2. Printing statistics.

=== noc ===

   Number of wires:                224
   Number of wire bits:           1934
   Number of public wires:         224
   Number of public wire bits:    1934
   Number of ports:                 56
   Number of port bits:            677
   Number of memories:               0
   Number of memory bits:            0
   Number of processes:              0
   Number of cells:                333
     $_DFF_P_                      324
     $scopeinfo                      9

25.3. Executing CHECK pass (checking for obvious problems).
Checking module noc...
Found and reported 0 problems.

26. Executing OPT_CLEAN pass (remove unused cells and wires).
Finding unused cells or wires in module \noc..
Removed 9 unused cells and 168 unused wires.
<suppressed ~177 debug messages>

27. Executing Verilog backend.

27.1. Executing BMUXMAP pass.

27.2. Executing DEMUXMAP pass.
Dumping module `\noc'.

28. Executing BLIF backend.

Warnings: 27 unique messages, 27 total
End of script. Logfile hash: d914b911f4, CPU: user 0.10s system 0.01s, MEM: 27.68 MB peak
Yosys 0.41+101 (git sha1 c71262f66, g++ 12.2.0-14 -fPIC -Os)
Time spent: 41% 14x opt_clean (0 sec), 14% 6x read_verilog (0 sec), ...
0