#Packing pin usage report
Type: io
	Input Pin Usage:
		Max: 1.00 (1.00)
		Avg: 0.50 (0.50)
		Min: 0.00 (0.00)
		Histogram:
		[        0:      0.1) 211 ( 49.5%) |**********************************************
		[      0.1:      0.2)   0 (  0.0%) |
		[      0.2:      0.3)   0 (  0.0%) |
		[      0.3:      0.4)   0 (  0.0%) |
		[      0.4:      0.5)   0 (  0.0%) |
		[      0.5:      0.6)   0 (  0.0%) |
		[      0.6:      0.7)   0 (  0.0%) |
		[      0.7:      0.8)   0 (  0.0%) |
		[      0.8:      0.9)   0 (  0.0%) |
		[      0.9:        1) 215 ( 50.5%) |***********************************************
	Output Pin Usage:
		Max: 1.00 (1.00)
		Avg: 0.50 (0.50)
		Min: 0.00 (0.00)
		Histogram:
		[        0:      0.1) 215 ( 50.5%) |***********************************************
		[      0.1:      0.2)   0 (  0.0%) |
		[      0.2:      0.3)   0 (  0.0%) |
		[      0.3:      0.4)   0 (  0.0%) |
		[      0.4:      0.5)   0 (  0.0%) |
		[      0.5:      0.6)   0 (  0.0%) |
		[      0.6:      0.7)   0 (  0.0%) |
		[      0.7:      0.8)   0 (  0.0%) |
		[      0.8:      0.9)   0 (  0.0%) |
		[      0.9:        1) 211 ( 49.5%) |**********************************************

Type: router
	Input Pin Usage:
		Max: 211.00 (1.00)
		Avg: 211.00 (1.00)
		Min: 211.00 (1.00)
		Histogram:
		[        0:       21) 0 (  0.0%) |
		[       21:       42) 0 (  0.0%) |
		[       42:       63) 0 (  0.0%) |
		[       63:       84) 0 (  0.0%) |
		[       84:  1.1e+02) 0 (  0.0%) |
		[  1.1e+02:  1.3e+02) 0 (  0.0%) |
		[  1.3e+02:  1.5e+02) 0 (  0.0%) |
		[  1.5e+02:  1.7e+02) 0 (  0.0%) |
		[  1.7e+02:  1.9e+02) 0 (  0.0%) |
		[  1.9e+02:  2.1e+02) 1 (100.0%) |**************************************************
	Output Pin Usage:
		Max: 215.00 (1.00)
		Avg: 215.00 (1.00)
		Min: 215.00 (1.00)
		Histogram:
		[        0:       22) 0 (  0.0%) |
		[       22:       43) 0 (  0.0%) |
		[       43:       64) 0 (  0.0%) |
		[       64:       86) 0 (  0.0%) |
		[       86:  1.1e+02) 0 (  0.0%) |
		[  1.1e+02:  1.3e+02) 0 (  0.0%) |
		[  1.3e+02:  1.5e+02) 0 (  0.0%) |
		[  1.5e+02:  1.7e+02) 0 (  0.0%) |
		[  1.7e+02:  1.9e+02) 0 (  0.0%) |
		[  1.9e+02:  2.2e+02) 1 (100.0%) |**************************************************

