/mnt/vault1/mfaroo19/OpenFPGA/build/yosys/bin/yosys yosys.ys

 /----------------------------------------------------------------------------\
 |  yosys -- Yosys Open SYnthesis Suite                                       |
 |  Copyright (C) 2012 - 2024  Claire Xenia Wolf <claire@yosyshq.com>         |
 |  Distributed under an ISC-like license, type "license" to see terms        |
 \----------------------------------------------------------------------------/
 Yosys 0.46+11 (git sha1 0200a7680, g++ 11.4.0-1ubuntu1~22.04 -fPIC -O3)

-- Executing script file `yosys.ys' --

1. Executing Verilog-2005 frontend: ./benchmark/mesh_1x2.v
Parsing Verilog input from `./benchmark/mesh_1x2.v' to AST representation.
Generating RTLIL representation for module `\mesh_1x2'.
Successfully finished Verilog frontend.

2. Executing Verilog-2005 frontend: /mnt/vault1/mfaroo19/OpenFPGA/openfpga-test-runs/stanford-router/benchmark-files/dummy_router_slice.v
Parsing Verilog input from `/mnt/vault1/mfaroo19/OpenFPGA/openfpga-test-runs/stanford-router/benchmark-files/dummy_router_slice.v' to AST representation.
Generating RTLIL representation for module `\router_slice'.
Successfully finished Verilog frontend.

3. Executing HIERARCHY pass (managing design hierarchy).

3.1. Analyzing design hierarchy..
Top module:  \mesh_1x2

3.2. Analyzing design hierarchy..
Top module:  \mesh_1x2
Removed 0 unused modules.

4. Executing PROC pass (convert processes to netlists).

4.1. Executing PROC_CLEAN pass (remove empty switches from decision trees).
Found and cleaned up 1 empty switch in `\router_slice.$proc$/mnt/vault1/mfaroo19/OpenFPGA/openfpga-test-runs/stanford-router/benchmark-files/dummy_router_slice.v:68$2'.
Cleaned up 1 empty switch.

4.2. Executing PROC_RMDEAD pass (remove dead branches from decision trees).
Removed a total of 0 dead cases.

4.3. Executing PROC_PRUNE pass (remove redundant assignments in processes).
Removed 0 redundant assignments.
Promoted 3 assignments to connections.

4.4. Executing PROC_INIT pass (extract init attributes).

4.5. Executing PROC_ARST pass (detect async resets in processes).

4.6. Executing PROC_ROM pass (convert switches to ROMs).
Converted 0 switches.

4.7. Executing PROC_MUX pass (convert decision trees to multiplexers).
Creating decoders for process `\router_slice.$proc$/mnt/vault1/mfaroo19/OpenFPGA/openfpga-test-runs/stanford-router/benchmark-files/dummy_router_slice.v:68$2'.

4.8. Executing PROC_DLATCH pass (convert process syncs to latches).

4.9. Executing PROC_DFF pass (convert process syncs to FFs).
Creating register for signal `\router_slice.\channel_out_op_1' using process `\router_slice.$proc$/mnt/vault1/mfaroo19/OpenFPGA/openfpga-test-runs/stanford-router/benchmark-files/dummy_router_slice.v:68$2'.
  created $dff cell `$procdff$6' with positive edge clock.
Creating register for signal `\router_slice.\flow_ctrl_out_ip_1' using process `\router_slice.$proc$/mnt/vault1/mfaroo19/OpenFPGA/openfpga-test-runs/stanford-router/benchmark-files/dummy_router_slice.v:68$2'.
  created $dff cell `$procdff$7' with positive edge clock.
Creating register for signal `\router_slice.\error_1' using process `\router_slice.$proc$/mnt/vault1/mfaroo19/OpenFPGA/openfpga-test-runs/stanford-router/benchmark-files/dummy_router_slice.v:68$2'.
  created $dff cell `$procdff$8' with positive edge clock.

4.10. Executing PROC_MEMWR pass (convert process memory writes to cells).

4.11. Executing PROC_CLEAN pass (remove empty switches from decision trees).
Removing empty process `router_slice.$proc$/mnt/vault1/mfaroo19/OpenFPGA/openfpga-test-runs/stanford-router/benchmark-files/dummy_router_slice.v:68$2'.
Cleaned up 0 empty switches.

4.12. Executing OPT_EXPR pass (perform const folding).
Optimizing module mesh_1x2.

5. Executing TECHMAP pass (map to technology primitives).

5.1. Executing Verilog-2005 frontend: /mnt/vault1/mfaroo19/OpenFPGA/build/yosys/bin/../share/yosys/adff2dff.v
Parsing Verilog input from `/mnt/vault1/mfaroo19/OpenFPGA/build/yosys/bin/../share/yosys/adff2dff.v' to AST representation.
Generating RTLIL representation for module `\adff2dff'.
Successfully finished Verilog frontend.

5.2. Continuing TECHMAP pass.
No more expansions possible.
<suppressed ~3 debug messages>

6. Executing FLATTEN pass (flatten design).

7. Executing OPT_EXPR pass (perform const folding).
Optimizing module mesh_1x2.

8. Executing OPT_CLEAN pass (remove unused cells and wires).
Finding unused cells or wires in module \mesh_1x2..
Removed 0 unused cells and 1 unused wires.
<suppressed ~1 debug messages>

9. Executing CHECK pass (checking for obvious problems).
Checking module mesh_1x2...
Warning: Wire mesh_1x2.\rtr_error is used but has no driver.
Warning: Wire mesh_1x2.\flow_ctrl_out [10] is used but has no driver.
Warning: Wire mesh_1x2.\flow_ctrl_out [9] is used but has no driver.
Warning: Wire mesh_1x2.\flow_ctrl_out [8] is used but has no driver.
Warning: Wire mesh_1x2.\flow_ctrl_out [7] is used but has no driver.
Warning: Wire mesh_1x2.\flow_ctrl_out [6] is used but has no driver.
Warning: Wire mesh_1x2.\flow_ctrl_out [5] is used but has no driver.
Warning: Wire mesh_1x2.\flow_ctrl_out [4] is used but has no driver.
Warning: Wire mesh_1x2.\flow_ctrl_out [3] is used but has no driver.
Warning: Wire mesh_1x2.\flow_ctrl_out [2] is used but has no driver.
Warning: Wire mesh_1x2.\flow_ctrl_out [1] is used but has no driver.
Warning: Wire mesh_1x2.\flow_ctrl_out [0] is used but has no driver.
Warning: Wire mesh_1x2.\channel_router_0_op [340] is used but has no driver.
Warning: Wire mesh_1x2.\channel_router_0_op [339] is used but has no driver.
Warning: Wire mesh_1x2.\channel_router_0_op [338] is used but has no driver.
Warning: Wire mesh_1x2.\channel_router_0_op [337] is used but has no driver.
Warning: Wire mesh_1x2.\channel_router_0_op [336] is used but has no driver.
Warning: Wire mesh_1x2.\channel_router_0_op [335] is used but has no driver.
Warning: Wire mesh_1x2.\channel_router_0_op [334] is used but has no driver.
Warning: Wire mesh_1x2.\channel_router_0_op [333] is used but has no driver.
Warning: Wire mesh_1x2.\channel_router_0_op [332] is used but has no driver.
Warning: Wire mesh_1x2.\channel_router_0_op [331] is used but has no driver.
Warning: Wire mesh_1x2.\channel_router_0_op [330] is used but has no driver.
Warning: Wire mesh_1x2.\channel_router_0_op [329] is used but has no driver.
Warning: Wire mesh_1x2.\channel_router_0_op [328] is used but has no driver.
Warning: Wire mesh_1x2.\channel_router_0_op [327] is used but has no driver.
Warning: Wire mesh_1x2.\channel_router_0_op [326] is used but has no driver.
Warning: Wire mesh_1x2.\channel_router_0_op [325] is used but has no driver.
Warning: Wire mesh_1x2.\channel_router_0_op [324] is used but has no driver.
Warning: Wire mesh_1x2.\channel_router_0_op [323] is used but has no driver.
Warning: Wire mesh_1x2.\channel_router_0_op [322] is used but has no driver.
Warning: Wire mesh_1x2.\channel_router_0_op [321] is used but has no driver.
Warning: Wire mesh_1x2.\channel_router_0_op [320] is used but has no driver.
Warning: Wire mesh_1x2.\channel_router_0_op [319] is used but has no driver.
Warning: Wire mesh_1x2.\channel_router_0_op [318] is used but has no driver.
Warning: Wire mesh_1x2.\channel_router_0_op [317] is used but has no driver.
Warning: Wire mesh_1x2.\channel_router_0_op [316] is used but has no driver.
Warning: Wire mesh_1x2.\channel_router_0_op [315] is used but has no driver.
Warning: Wire mesh_1x2.\channel_router_0_op [314] is used but has no driver.
Warning: Wire mesh_1x2.\channel_router_0_op [313] is used but has no driver.
Warning: Wire mesh_1x2.\channel_router_0_op [312] is used but has no driver.
Warning: Wire mesh_1x2.\channel_router_0_op [311] is used but has no driver.
Warning: Wire mesh_1x2.\channel_router_0_op [310] is used but has no driver.
Warning: Wire mesh_1x2.\channel_router_0_op [309] is used but has no driver.
Warning: Wire mesh_1x2.\channel_router_0_op [308] is used but has no driver.
Warning: Wire mesh_1x2.\channel_router_0_op [307] is used but has no driver.
Warning: Wire mesh_1x2.\channel_router_0_op [306] is used but has no driver.
Warning: Wire mesh_1x2.\channel_router_0_op [305] is used but has no driver.
Warning: Wire mesh_1x2.\channel_router_0_op [304] is used but has no driver.
Warning: Wire mesh_1x2.\channel_router_0_op [303] is used but has no driver.
Warning: Wire mesh_1x2.\channel_router_0_op [302] is used but has no driver.
Warning: Wire mesh_1x2.\channel_router_0_op [301] is used but has no driver.
Warning: Wire mesh_1x2.\channel_router_0_op [300] is used but has no driver.
Warning: Wire mesh_1x2.\channel_router_0_op [299] is used but has no driver.
Warning: Wire mesh_1x2.\channel_router_0_op [298] is used but has no driver.
Warning: Wire mesh_1x2.\channel_router_0_op [297] is used but has no driver.
Warning: Wire mesh_1x2.\channel_router_0_op [296] is used but has no driver.
Warning: Wire mesh_1x2.\channel_router_0_op [295] is used but has no driver.
Warning: Wire mesh_1x2.\channel_router_0_op [294] is used but has no driver.
Warning: Wire mesh_1x2.\channel_router_0_op [293] is used but has no driver.
Warning: Wire mesh_1x2.\channel_router_0_op [292] is used but has no driver.
Warning: Wire mesh_1x2.\channel_router_0_op [291] is used but has no driver.
Warning: Wire mesh_1x2.\channel_router_0_op [290] is used but has no driver.
Warning: Wire mesh_1x2.\channel_router_0_op [289] is used but has no driver.
Warning: Wire mesh_1x2.\channel_router_0_op [288] is used but has no driver.
Warning: Wire mesh_1x2.\channel_router_0_op [287] is used but has no driver.
Warning: Wire mesh_1x2.\channel_router_0_op [286] is used but has no driver.
Warning: Wire mesh_1x2.\channel_router_0_op [285] is used but has no driver.
Warning: Wire mesh_1x2.\channel_router_0_op [284] is used but has no driver.
Warning: Wire mesh_1x2.\channel_router_0_op [283] is used but has no driver.
Warning: Wire mesh_1x2.\channel_router_0_op [282] is used but has no driver.
Warning: Wire mesh_1x2.\channel_router_0_op [281] is used but has no driver.
Warning: Wire mesh_1x2.\channel_router_0_op [280] is used but has no driver.
Warning: Wire mesh_1x2.\channel_router_0_op [279] is used but has no driver.
Warning: Wire mesh_1x2.\channel_router_0_op [278] is used but has no driver.
Warning: Wire mesh_1x2.\channel_router_0_op [277] is used but has no driver.
Warning: Wire mesh_1x2.\channel_router_0_op [276] is used but has no driver.
Warning: Wire mesh_1x2.\channel_router_0_op [275] is used but has no driver.
Warning: Wire mesh_1x2.\channel_router_0_op [274] is used but has no driver.
Warning: Wire mesh_1x2.\channel_router_0_op [273] is used but has no driver.
Warning: Wire mesh_1x2.\channel_router_0_op [272] is used but has no driver.
Warning: Wire mesh_1x2.\channel_router_0_op [271] is used but has no driver.
Warning: Wire mesh_1x2.\channel_router_0_op [270] is used but has no driver.
Warning: Wire mesh_1x2.\channel_router_0_op [269] is used but has no driver.
Warning: Wire mesh_1x2.\channel_router_0_op [268] is used but has no driver.
Warning: Wire mesh_1x2.\channel_router_0_op [267] is used but has no driver.
Warning: Wire mesh_1x2.\channel_router_0_op [266] is used but has no driver.
Warning: Wire mesh_1x2.\channel_router_0_op [265] is used but has no driver.
Warning: Wire mesh_1x2.\channel_router_0_op [264] is used but has no driver.
Warning: Wire mesh_1x2.\channel_router_0_op [263] is used but has no driver.
Warning: Wire mesh_1x2.\channel_router_0_op [262] is used but has no driver.
Warning: Wire mesh_1x2.\channel_router_0_op [261] is used but has no driver.
Warning: Wire mesh_1x2.\channel_router_0_op [260] is used but has no driver.
Warning: Wire mesh_1x2.\channel_router_0_op [259] is used but has no driver.
Warning: Wire mesh_1x2.\channel_router_0_op [258] is used but has no driver.
Warning: Wire mesh_1x2.\channel_router_0_op [257] is used but has no driver.
Warning: Wire mesh_1x2.\channel_router_0_op [256] is used but has no driver.
Warning: Wire mesh_1x2.\channel_router_0_op [255] is used but has no driver.
Warning: Wire mesh_1x2.\channel_router_0_op [254] is used but has no driver.
Warning: Wire mesh_1x2.\channel_router_0_op [253] is used but has no driver.
Warning: Wire mesh_1x2.\channel_router_0_op [252] is used but has no driver.
Warning: Wire mesh_1x2.\channel_router_0_op [251] is used but has no driver.
Warning: Wire mesh_1x2.\channel_router_0_op [250] is used but has no driver.
Warning: Wire mesh_1x2.\channel_router_0_op [249] is used but has no driver.
Warning: Wire mesh_1x2.\channel_router_0_op [248] is used but has no driver.
Warning: Wire mesh_1x2.\channel_router_0_op [247] is used but has no driver.
Warning: Wire mesh_1x2.\channel_router_0_op [246] is used but has no driver.
Warning: Wire mesh_1x2.\channel_router_0_op [245] is used but has no driver.
Warning: Wire mesh_1x2.\channel_router_0_op [244] is used but has no driver.
Warning: Wire mesh_1x2.\channel_router_0_op [243] is used but has no driver.
Warning: Wire mesh_1x2.\channel_router_0_op [242] is used but has no driver.
Warning: Wire mesh_1x2.\channel_router_0_op [241] is used but has no driver.
Warning: Wire mesh_1x2.\channel_router_0_op [240] is used but has no driver.
Warning: Wire mesh_1x2.\channel_router_0_op [239] is used but has no driver.
Warning: Wire mesh_1x2.\channel_router_0_op [238] is used but has no driver.
Warning: Wire mesh_1x2.\channel_router_0_op [237] is used but has no driver.
Warning: Wire mesh_1x2.\channel_router_0_op [236] is used but has no driver.
Warning: Wire mesh_1x2.\channel_router_0_op [235] is used but has no driver.
Warning: Wire mesh_1x2.\channel_router_0_op [234] is used but has no driver.
Warning: Wire mesh_1x2.\channel_router_0_op [233] is used but has no driver.
Warning: Wire mesh_1x2.\channel_router_0_op [232] is used but has no driver.
Warning: Wire mesh_1x2.\channel_router_0_op [231] is used but has no driver.
Warning: Wire mesh_1x2.\channel_router_0_op [230] is used but has no driver.
Warning: Wire mesh_1x2.\channel_router_0_op [229] is used but has no driver.
Warning: Wire mesh_1x2.\channel_router_0_op [228] is used but has no driver.
Warning: Wire mesh_1x2.\channel_router_0_op [227] is used but has no driver.
Warning: Wire mesh_1x2.\channel_router_0_op [226] is used but has no driver.
Warning: Wire mesh_1x2.\channel_router_0_op [225] is used but has no driver.
Warning: Wire mesh_1x2.\channel_router_0_op [224] is used but has no driver.
Warning: Wire mesh_1x2.\channel_router_0_op [223] is used but has no driver.
Warning: Wire mesh_1x2.\channel_router_0_op [222] is used but has no driver.
Warning: Wire mesh_1x2.\channel_router_0_op [221] is used but has no driver.
Warning: Wire mesh_1x2.\channel_router_0_op [220] is used but has no driver.
Warning: Wire mesh_1x2.\channel_router_0_op [219] is used but has no driver.
Warning: Wire mesh_1x2.\channel_router_0_op [218] is used but has no driver.
Warning: Wire mesh_1x2.\channel_router_0_op [217] is used but has no driver.
Warning: Wire mesh_1x2.\channel_router_0_op [216] is used but has no driver.
Warning: Wire mesh_1x2.\channel_router_0_op [215] is used but has no driver.
Warning: Wire mesh_1x2.\channel_router_0_op [214] is used but has no driver.
Warning: Wire mesh_1x2.\channel_router_0_op [213] is used but has no driver.
Warning: Wire mesh_1x2.\channel_router_0_op [212] is used but has no driver.
Warning: Wire mesh_1x2.\channel_router_0_op [211] is used but has no driver.
Warning: Wire mesh_1x2.\channel_router_0_op [210] is used but has no driver.
Warning: Wire mesh_1x2.\channel_router_0_op [209] is used but has no driver.
Warning: Wire mesh_1x2.\channel_router_0_op [208] is used but has no driver.
Warning: Wire mesh_1x2.\channel_router_0_op [207] is used but has no driver.
Warning: Wire mesh_1x2.\channel_router_0_op [206] is used but has no driver.
Warning: Wire mesh_1x2.\channel_router_0_op [205] is used but has no driver.
Warning: Wire mesh_1x2.\channel_router_0_op [204] is used but has no driver.
Warning: Wire mesh_1x2.\channel_router_0_op [203] is used but has no driver.
Warning: Wire mesh_1x2.\channel_router_0_op [202] is used but has no driver.
Warning: Wire mesh_1x2.\channel_router_0_op [201] is used but has no driver.
Warning: Wire mesh_1x2.\channel_router_0_op [200] is used but has no driver.
Warning: Wire mesh_1x2.\channel_router_0_op [199] is used but has no driver.
Warning: Wire mesh_1x2.\channel_router_0_op [198] is used but has no driver.
Warning: Wire mesh_1x2.\channel_router_0_op [197] is used but has no driver.
Warning: Wire mesh_1x2.\channel_router_0_op [196] is used but has no driver.
Warning: Wire mesh_1x2.\channel_router_0_op [195] is used but has no driver.
Warning: Wire mesh_1x2.\channel_router_0_op [194] is used but has no driver.
Warning: Wire mesh_1x2.\channel_router_0_op [193] is used but has no driver.
Warning: Wire mesh_1x2.\channel_router_0_op [192] is used but has no driver.
Warning: Wire mesh_1x2.\channel_router_0_op [191] is used but has no driver.
Warning: Wire mesh_1x2.\channel_router_0_op [190] is used but has no driver.
Warning: Wire mesh_1x2.\channel_router_0_op [189] is used but has no driver.
Warning: Wire mesh_1x2.\channel_router_0_op [188] is used but has no driver.
Warning: Wire mesh_1x2.\channel_router_0_op [187] is used but has no driver.
Warning: Wire mesh_1x2.\channel_router_0_op [186] is used but has no driver.
Warning: Wire mesh_1x2.\channel_router_0_op [185] is used but has no driver.
Warning: Wire mesh_1x2.\channel_router_0_op [184] is used but has no driver.
Warning: Wire mesh_1x2.\channel_router_0_op [183] is used but has no driver.
Warning: Wire mesh_1x2.\channel_router_0_op [182] is used but has no driver.
Warning: Wire mesh_1x2.\channel_router_0_op [181] is used but has no driver.
Warning: Wire mesh_1x2.\channel_router_0_op [180] is used but has no driver.
Warning: Wire mesh_1x2.\channel_router_0_op [179] is used but has no driver.
Warning: Wire mesh_1x2.\channel_router_0_op [178] is used but has no driver.
Warning: Wire mesh_1x2.\channel_router_0_op [177] is used but has no driver.
Warning: Wire mesh_1x2.\channel_router_0_op [176] is used but has no driver.
Warning: Wire mesh_1x2.\channel_router_0_op [175] is used but has no driver.
Warning: Wire mesh_1x2.\channel_router_0_op [174] is used but has no driver.
Warning: Wire mesh_1x2.\channel_router_0_op [173] is used but has no driver.
Warning: Wire mesh_1x2.\channel_router_0_op [172] is used but has no driver.
Warning: Wire mesh_1x2.\channel_router_0_op [171] is used but has no driver.
Warning: Wire mesh_1x2.\channel_router_0_op [170] is used but has no driver.
Warning: Wire mesh_1x2.\channel_router_0_op [169] is used but has no driver.
Warning: Wire mesh_1x2.\channel_router_0_op [168] is used but has no driver.
Warning: Wire mesh_1x2.\channel_router_0_op [167] is used but has no driver.
Warning: Wire mesh_1x2.\channel_router_0_op [166] is used but has no driver.
Warning: Wire mesh_1x2.\channel_router_0_op [165] is used but has no driver.
Warning: Wire mesh_1x2.\channel_router_0_op [164] is used but has no driver.
Warning: Wire mesh_1x2.\channel_router_0_op [163] is used but has no driver.
Warning: Wire mesh_1x2.\channel_router_0_op [162] is used but has no driver.
Warning: Wire mesh_1x2.\channel_router_0_op [161] is used but has no driver.
Warning: Wire mesh_1x2.\channel_router_0_op [160] is used but has no driver.
Warning: Wire mesh_1x2.\channel_router_0_op [159] is used but has no driver.
Warning: Wire mesh_1x2.\channel_router_0_op [158] is used but has no driver.
Warning: Wire mesh_1x2.\channel_router_0_op [157] is used but has no driver.
Warning: Wire mesh_1x2.\channel_router_0_op [156] is used but has no driver.
Warning: Wire mesh_1x2.\channel_router_0_op [155] is used but has no driver.
Warning: Wire mesh_1x2.\channel_router_0_op [154] is used but has no driver.
Warning: Wire mesh_1x2.\channel_router_0_op [153] is used but has no driver.
Warning: Wire mesh_1x2.\channel_router_0_op [152] is used but has no driver.
Warning: Wire mesh_1x2.\channel_router_0_op [151] is used but has no driver.
Warning: Wire mesh_1x2.\channel_router_0_op [150] is used but has no driver.
Warning: Wire mesh_1x2.\channel_router_0_op [149] is used but has no driver.
Warning: Wire mesh_1x2.\channel_router_0_op [148] is used but has no driver.
Warning: Wire mesh_1x2.\channel_router_0_op [147] is used but has no driver.
Warning: Wire mesh_1x2.\channel_router_0_op [146] is used but has no driver.
Warning: Wire mesh_1x2.\channel_router_0_op [145] is used but has no driver.
Warning: Wire mesh_1x2.\channel_router_0_op [144] is used but has no driver.
Warning: Wire mesh_1x2.\channel_router_0_op [143] is used but has no driver.
Warning: Wire mesh_1x2.\channel_router_0_op [142] is used but has no driver.
Warning: Wire mesh_1x2.\channel_router_0_op [141] is used but has no driver.
Warning: Wire mesh_1x2.\channel_router_0_op [140] is used but has no driver.
Warning: Wire mesh_1x2.\channel_router_0_op [139] is used but has no driver.
Warning: Wire mesh_1x2.\channel_router_0_op [138] is used but has no driver.
Warning: Wire mesh_1x2.\channel_router_0_op [137] is used but has no driver.
Warning: Wire mesh_1x2.\channel_router_0_op [136] is used but has no driver.
Warning: Wire mesh_1x2.\channel_router_0_op [135] is used but has no driver.
Warning: Wire mesh_1x2.\channel_router_0_op [134] is used but has no driver.
Warning: Wire mesh_1x2.\channel_router_0_op [133] is used but has no driver.
Warning: Wire mesh_1x2.\channel_router_0_op [132] is used but has no driver.
Warning: Wire mesh_1x2.\channel_router_0_op [131] is used but has no driver.
Warning: Wire mesh_1x2.\channel_router_0_op [130] is used but has no driver.
Warning: Wire mesh_1x2.\channel_router_0_op [129] is used but has no driver.
Warning: Wire mesh_1x2.\channel_router_0_op [128] is used but has no driver.
Warning: Wire mesh_1x2.\channel_router_0_op [127] is used but has no driver.
Warning: Wire mesh_1x2.\channel_router_0_op [126] is used but has no driver.
Warning: Wire mesh_1x2.\channel_router_0_op [125] is used but has no driver.
Warning: Wire mesh_1x2.\channel_router_0_op [124] is used but has no driver.
Warning: Wire mesh_1x2.\channel_router_0_op [123] is used but has no driver.
Warning: Wire mesh_1x2.\channel_router_0_op [122] is used but has no driver.
Warning: Wire mesh_1x2.\channel_router_0_op [121] is used but has no driver.
Warning: Wire mesh_1x2.\channel_router_0_op [120] is used but has no driver.
Warning: Wire mesh_1x2.\channel_router_0_op [119] is used but has no driver.
Warning: Wire mesh_1x2.\channel_router_0_op [118] is used but has no driver.
Warning: Wire mesh_1x2.\channel_router_0_op [117] is used but has no driver.
Warning: Wire mesh_1x2.\channel_router_0_op [116] is used but has no driver.
Warning: Wire mesh_1x2.\channel_router_0_op [115] is used but has no driver.
Warning: Wire mesh_1x2.\channel_router_0_op [114] is used but has no driver.
Warning: Wire mesh_1x2.\channel_router_0_op [113] is used but has no driver.
Warning: Wire mesh_1x2.\channel_router_0_op [112] is used but has no driver.
Warning: Wire mesh_1x2.\channel_router_0_op [111] is used but has no driver.
Warning: Wire mesh_1x2.\channel_router_0_op [110] is used but has no driver.
Warning: Wire mesh_1x2.\channel_router_0_op [109] is used but has no driver.
Warning: Wire mesh_1x2.\channel_router_0_op [108] is used but has no driver.
Warning: Wire mesh_1x2.\channel_router_0_op [107] is used but has no driver.
Warning: Wire mesh_1x2.\channel_router_0_op [106] is used but has no driver.
Warning: Wire mesh_1x2.\channel_router_0_op [105] is used but has no driver.
Warning: Wire mesh_1x2.\channel_router_0_op [104] is used but has no driver.
Warning: Wire mesh_1x2.\channel_router_0_op [103] is used but has no driver.
Warning: Wire mesh_1x2.\channel_router_0_op [102] is used but has no driver.
Warning: Wire mesh_1x2.\channel_router_0_op [101] is used but has no driver.
Warning: Wire mesh_1x2.\channel_router_0_op [100] is used but has no driver.
Warning: Wire mesh_1x2.\channel_router_0_op [99] is used but has no driver.
Warning: Wire mesh_1x2.\channel_router_0_op [98] is used but has no driver.
Warning: Wire mesh_1x2.\channel_router_0_op [97] is used but has no driver.
Warning: Wire mesh_1x2.\channel_router_0_op [96] is used but has no driver.
Warning: Wire mesh_1x2.\channel_router_0_op [95] is used but has no driver.
Warning: Wire mesh_1x2.\channel_router_0_op [94] is used but has no driver.
Warning: Wire mesh_1x2.\channel_router_0_op [93] is used but has no driver.
Warning: Wire mesh_1x2.\channel_router_0_op [92] is used but has no driver.
Warning: Wire mesh_1x2.\channel_router_0_op [91] is used but has no driver.
Warning: Wire mesh_1x2.\channel_router_0_op [90] is used but has no driver.
Warning: Wire mesh_1x2.\channel_router_0_op [89] is used but has no driver.
Warning: Wire mesh_1x2.\channel_router_0_op [88] is used but has no driver.
Warning: Wire mesh_1x2.\channel_router_0_op [87] is used but has no driver.
Warning: Wire mesh_1x2.\channel_router_0_op [86] is used but has no driver.
Warning: Wire mesh_1x2.\channel_router_0_op [85] is used but has no driver.
Warning: Wire mesh_1x2.\channel_router_0_op [84] is used but has no driver.
Warning: Wire mesh_1x2.\channel_router_0_op [83] is used but has no driver.
Warning: Wire mesh_1x2.\channel_router_0_op [82] is used but has no driver.
Warning: Wire mesh_1x2.\channel_router_0_op [81] is used but has no driver.
Warning: Wire mesh_1x2.\channel_router_0_op [80] is used but has no driver.
Warning: Wire mesh_1x2.\channel_router_0_op [79] is used but has no driver.
Warning: Wire mesh_1x2.\channel_router_0_op [78] is used but has no driver.
Warning: Wire mesh_1x2.\channel_router_0_op [77] is used but has no driver.
Warning: Wire mesh_1x2.\channel_router_0_op [76] is used but has no driver.
Warning: Wire mesh_1x2.\channel_router_0_op [75] is used but has no driver.
Warning: Wire mesh_1x2.\channel_router_0_op [74] is used but has no driver.
Warning: Wire mesh_1x2.\channel_router_0_op [73] is used but has no driver.
Warning: Wire mesh_1x2.\channel_router_0_op [72] is used but has no driver.
Warning: Wire mesh_1x2.\channel_router_0_op [71] is used but has no driver.
Warning: Wire mesh_1x2.\channel_router_0_op [70] is used but has no driver.
Warning: Wire mesh_1x2.\channel_router_0_op [69] is used but has no driver.
Warning: Wire mesh_1x2.\channel_router_0_op [68] is used but has no driver.
Warning: Wire mesh_1x2.\channel_router_0_op [67] is used but has no driver.
Warning: Wire mesh_1x2.\channel_router_0_op [66] is used but has no driver.
Warning: Wire mesh_1x2.\channel_router_0_op [65] is used but has no driver.
Warning: Wire mesh_1x2.\channel_router_0_op [64] is used but has no driver.
Warning: Wire mesh_1x2.\channel_router_0_op [63] is used but has no driver.
Warning: Wire mesh_1x2.\channel_router_0_op [62] is used but has no driver.
Warning: Wire mesh_1x2.\channel_router_0_op [61] is used but has no driver.
Warning: Wire mesh_1x2.\channel_router_0_op [60] is used but has no driver.
Warning: Wire mesh_1x2.\channel_router_0_op [59] is used but has no driver.
Warning: Wire mesh_1x2.\channel_router_0_op [58] is used but has no driver.
Warning: Wire mesh_1x2.\channel_router_0_op [57] is used but has no driver.
Warning: Wire mesh_1x2.\channel_router_0_op [56] is used but has no driver.
Warning: Wire mesh_1x2.\channel_router_0_op [55] is used but has no driver.
Warning: Wire mesh_1x2.\channel_router_0_op [54] is used but has no driver.
Warning: Wire mesh_1x2.\channel_router_0_op [53] is used but has no driver.
Warning: Wire mesh_1x2.\channel_router_0_op [52] is used but has no driver.
Warning: Wire mesh_1x2.\channel_router_0_op [51] is used but has no driver.
Warning: Wire mesh_1x2.\channel_router_0_op [50] is used but has no driver.
Warning: Wire mesh_1x2.\channel_router_0_op [49] is used but has no driver.
Warning: Wire mesh_1x2.\channel_router_0_op [48] is used but has no driver.
Warning: Wire mesh_1x2.\channel_router_0_op [47] is used but has no driver.
Warning: Wire mesh_1x2.\channel_router_0_op [46] is used but has no driver.
Warning: Wire mesh_1x2.\channel_router_0_op [45] is used but has no driver.
Warning: Wire mesh_1x2.\channel_router_0_op [44] is used but has no driver.
Warning: Wire mesh_1x2.\channel_router_0_op [43] is used but has no driver.
Warning: Wire mesh_1x2.\channel_router_0_op [42] is used but has no driver.
Warning: Wire mesh_1x2.\channel_router_0_op [41] is used but has no driver.
Warning: Wire mesh_1x2.\channel_router_0_op [40] is used but has no driver.
Warning: Wire mesh_1x2.\channel_router_0_op [39] is used but has no driver.
Warning: Wire mesh_1x2.\channel_router_0_op [38] is used but has no driver.
Warning: Wire mesh_1x2.\channel_router_0_op [37] is used but has no driver.
Warning: Wire mesh_1x2.\channel_router_0_op [36] is used but has no driver.
Warning: Wire mesh_1x2.\channel_router_0_op [35] is used but has no driver.
Warning: Wire mesh_1x2.\channel_router_0_op [34] is used but has no driver.
Warning: Wire mesh_1x2.\channel_router_0_op [33] is used but has no driver.
Warning: Wire mesh_1x2.\channel_router_0_op [32] is used but has no driver.
Warning: Wire mesh_1x2.\channel_router_0_op [31] is used but has no driver.
Warning: Wire mesh_1x2.\channel_router_0_op [30] is used but has no driver.
Warning: Wire mesh_1x2.\channel_router_0_op [29] is used but has no driver.
Warning: Wire mesh_1x2.\channel_router_0_op [28] is used but has no driver.
Warning: Wire mesh_1x2.\channel_router_0_op [27] is used but has no driver.
Warning: Wire mesh_1x2.\channel_router_0_op [26] is used but has no driver.
Warning: Wire mesh_1x2.\channel_router_0_op [25] is used but has no driver.
Warning: Wire mesh_1x2.\channel_router_0_op [24] is used but has no driver.
Warning: Wire mesh_1x2.\channel_router_0_op [23] is used but has no driver.
Warning: Wire mesh_1x2.\channel_router_0_op [22] is used but has no driver.
Warning: Wire mesh_1x2.\channel_router_0_op [21] is used but has no driver.
Warning: Wire mesh_1x2.\channel_router_0_op [20] is used but has no driver.
Warning: Wire mesh_1x2.\channel_router_0_op [19] is used but has no driver.
Warning: Wire mesh_1x2.\channel_router_0_op [18] is used but has no driver.
Warning: Wire mesh_1x2.\channel_router_0_op [17] is used but has no driver.
Warning: Wire mesh_1x2.\channel_router_0_op [16] is used but has no driver.
Warning: Wire mesh_1x2.\channel_router_0_op [15] is used but has no driver.
Warning: Wire mesh_1x2.\channel_router_0_op [14] is used but has no driver.
Warning: Wire mesh_1x2.\channel_router_0_op [13] is used but has no driver.
Warning: Wire mesh_1x2.\channel_router_0_op [12] is used but has no driver.
Warning: Wire mesh_1x2.\channel_router_0_op [11] is used but has no driver.
Warning: Wire mesh_1x2.\channel_router_0_op [10] is used but has no driver.
Warning: Wire mesh_1x2.\channel_router_0_op [9] is used but has no driver.
Warning: Wire mesh_1x2.\channel_router_0_op [8] is used but has no driver.
Warning: Wire mesh_1x2.\channel_router_0_op [7] is used but has no driver.
Warning: Wire mesh_1x2.\channel_router_0_op [6] is used but has no driver.
Warning: Wire mesh_1x2.\channel_router_0_op [5] is used but has no driver.
Warning: Wire mesh_1x2.\channel_router_0_op [4] is used but has no driver.
Warning: Wire mesh_1x2.\channel_router_0_op [3] is used but has no driver.
Warning: Wire mesh_1x2.\channel_router_0_op [2] is used but has no driver.
Warning: Wire mesh_1x2.\channel_router_0_op [1] is used but has no driver.
Warning: Wire mesh_1x2.\channel_router_0_op [0] is used but has no driver.
Found and reported 353 problems.

10. Executing OPT pass (performing simple optimizations).

10.1. Executing OPT_EXPR pass (perform const folding).
Optimizing module mesh_1x2.

10.2. Executing OPT_MERGE pass (detect identical cells).
Finding identical cells in module `\mesh_1x2'.
Removed a total of 0 cells.

10.3. Executing OPT_MUXTREE pass (detect dead branches in mux trees).
Running muxtree optimizer on module \mesh_1x2..
  Creating internal representation of mux trees.
  No muxes found in this module.
Removed 0 multiplexer ports.

10.4. Executing OPT_REDUCE pass (consolidate $*mux and $reduce_* inputs).
  Optimizing cells in module \mesh_1x2.
Performed a total of 0 changes.

10.5. Executing OPT_MERGE pass (detect identical cells).
Finding identical cells in module `\mesh_1x2'.
Removed a total of 0 cells.

10.6. Executing OPT_DFF pass (perform DFF optimizations).

10.7. Executing OPT_CLEAN pass (remove unused cells and wires).
Finding unused cells or wires in module \mesh_1x2..

10.8. Executing OPT_EXPR pass (perform const folding).
Optimizing module mesh_1x2.

10.9. Finished OPT passes. (There is nothing left to do.)

11. Executing FSM pass (extract and optimize FSM).

11.1. Executing FSM_DETECT pass (finding FSMs in design).

11.2. Executing FSM_EXTRACT pass (extracting FSM from design).

11.3. Executing FSM_OPT pass (simple optimizations of FSMs).

11.4. Executing OPT_CLEAN pass (remove unused cells and wires).
Finding unused cells or wires in module \mesh_1x2..

11.5. Executing FSM_OPT pass (simple optimizations of FSMs).

11.6. Executing FSM_RECODE pass (re-assigning FSM state encoding).

11.7. Executing FSM_INFO pass (dumping all available information on FSM cells).

11.8. Executing FSM_MAP pass (mapping FSMs to basic logic).

12. Executing OPT pass (performing simple optimizations).

12.1. Executing OPT_EXPR pass (perform const folding).
Optimizing module mesh_1x2.

12.2. Executing OPT_MERGE pass (detect identical cells).
Finding identical cells in module `\mesh_1x2'.
Removed a total of 0 cells.

12.3. Executing OPT_MUXTREE pass (detect dead branches in mux trees).
Running muxtree optimizer on module \mesh_1x2..
  Creating internal representation of mux trees.
  No muxes found in this module.
Removed 0 multiplexer ports.

12.4. Executing OPT_REDUCE pass (consolidate $*mux and $reduce_* inputs).
  Optimizing cells in module \mesh_1x2.
Performed a total of 0 changes.

12.5. Executing OPT_MERGE pass (detect identical cells).
Finding identical cells in module `\mesh_1x2'.
Removed a total of 0 cells.

12.6. Executing OPT_DFF pass (perform DFF optimizations).

12.7. Executing OPT_CLEAN pass (remove unused cells and wires).
Finding unused cells or wires in module \mesh_1x2..

12.8. Executing OPT_EXPR pass (perform const folding).
Optimizing module mesh_1x2.

12.9. Finished OPT passes. (There is nothing left to do.)

13. Executing WREDUCE pass (reducing word size of cells).

14. Executing PEEPOPT pass (run peephole optimizers).

15. Executing OPT_CLEAN pass (remove unused cells and wires).
Finding unused cells or wires in module \mesh_1x2..

16. Executing OPT pass (performing simple optimizations).

16.1. Executing OPT_EXPR pass (perform const folding).
Optimizing module mesh_1x2.

16.2. Executing OPT_MERGE pass (detect identical cells).
Finding identical cells in module `\mesh_1x2'.
Removed a total of 0 cells.

16.3. Executing OPT_MUXTREE pass (detect dead branches in mux trees).
Running muxtree optimizer on module \mesh_1x2..
  Creating internal representation of mux trees.
  No muxes found in this module.
Removed 0 multiplexer ports.

16.4. Executing OPT_REDUCE pass (consolidate $*mux and $reduce_* inputs).
  Optimizing cells in module \mesh_1x2.
Performed a total of 0 changes.

16.5. Executing OPT_MERGE pass (detect identical cells).
Finding identical cells in module `\mesh_1x2'.
Removed a total of 0 cells.

16.6. Executing OPT_DFF pass (perform DFF optimizations).

16.7. Executing OPT_CLEAN pass (remove unused cells and wires).
Finding unused cells or wires in module \mesh_1x2..

16.8. Executing OPT_EXPR pass (perform const folding).
Optimizing module mesh_1x2.

16.9. Finished OPT passes. (There is nothing left to do.)

17. Executing MEMORY pass.

17.1. Executing OPT_MEM pass (optimize memories).
Performed a total of 0 transformations.

17.2. Executing OPT_MEM_PRIORITY pass (removing unnecessary memory write priority relations).
Performed a total of 0 transformations.

17.3. Executing OPT_MEM_FEEDBACK pass (finding memory read-to-write feedback paths).

17.4. Executing MEMORY_BMUX2ROM pass (converting muxes to ROMs).

17.5. Executing MEMORY_DFF pass (merging $dff cells to $memrd).

17.6. Executing OPT_CLEAN pass (remove unused cells and wires).
Finding unused cells or wires in module \mesh_1x2..

17.7. Executing MEMORY_SHARE pass (consolidating $memrd/$memwr cells).

17.8. Executing OPT_MEM_WIDEN pass (optimize memories where all ports are wide).
Performed a total of 0 transformations.

17.9. Executing OPT_CLEAN pass (remove unused cells and wires).
Finding unused cells or wires in module \mesh_1x2..

17.10. Executing MEMORY_COLLECT pass (generating $mem cells).

18. Executing OPT_CLEAN pass (remove unused cells and wires).
Finding unused cells or wires in module \mesh_1x2..

19. Executing OPT pass (performing simple optimizations).

19.1. Executing OPT_EXPR pass (perform const folding).
Optimizing module mesh_1x2.

19.2. Executing OPT_MERGE pass (detect identical cells).
Finding identical cells in module `\mesh_1x2'.
Removed a total of 0 cells.

19.3. Executing OPT_DFF pass (perform DFF optimizations).

19.4. Executing OPT_CLEAN pass (remove unused cells and wires).
Finding unused cells or wires in module \mesh_1x2..

19.5. Finished fast OPT passes.

20. Executing MEMORY_MAP pass (converting memories to logic and flip-flops).

21. Executing OPT pass (performing simple optimizations).

21.1. Executing OPT_EXPR pass (perform const folding).
Optimizing module mesh_1x2.

21.2. Executing OPT_MERGE pass (detect identical cells).
Finding identical cells in module `\mesh_1x2'.
Removed a total of 0 cells.

21.3. Executing OPT_MUXTREE pass (detect dead branches in mux trees).
Running muxtree optimizer on module \mesh_1x2..
  Creating internal representation of mux trees.
  No muxes found in this module.
Removed 0 multiplexer ports.

21.4. Executing OPT_REDUCE pass (consolidate $*mux and $reduce_* inputs).
  Optimizing cells in module \mesh_1x2.
Performed a total of 0 changes.

21.5. Executing OPT_MERGE pass (detect identical cells).
Finding identical cells in module `\mesh_1x2'.
Removed a total of 0 cells.

21.6. Executing OPT_SHARE pass.

21.7. Executing OPT_DFF pass (perform DFF optimizations).

21.8. Executing OPT_CLEAN pass (remove unused cells and wires).
Finding unused cells or wires in module \mesh_1x2..

21.9. Executing OPT_EXPR pass (perform const folding).
Optimizing module mesh_1x2.

21.10. Finished OPT passes. (There is nothing left to do.)

22. Executing TECHMAP pass (map to technology primitives).

22.1. Executing Verilog-2005 frontend: /mnt/vault1/mfaroo19/OpenFPGA/build/yosys/bin/../share/yosys/techmap.v
Parsing Verilog input from `/mnt/vault1/mfaroo19/OpenFPGA/build/yosys/bin/../share/yosys/techmap.v' to AST representation.
Generating RTLIL representation for module `\_90_simplemap_bool_ops'.
Generating RTLIL representation for module `\_90_simplemap_reduce_ops'.
Generating RTLIL representation for module `\_90_simplemap_logic_ops'.
Generating RTLIL representation for module `\_90_simplemap_compare_ops'.
Generating RTLIL representation for module `\_90_simplemap_various'.
Generating RTLIL representation for module `\_90_simplemap_registers'.
Generating RTLIL representation for module `\_90_shift_ops_shr_shl_sshl_sshr'.
Generating RTLIL representation for module `\_90_shift_shiftx'.
Generating RTLIL representation for module `\_90_fa'.
Generating RTLIL representation for module `\_90_lcu_brent_kung'.
Generating RTLIL representation for module `\_90_alu'.
Generating RTLIL representation for module `\_90_macc'.
Generating RTLIL representation for module `\_90_alumacc'.
Generating RTLIL representation for module `\$__div_mod_u'.
Generating RTLIL representation for module `\$__div_mod_trunc'.
Generating RTLIL representation for module `\_90_div'.
Generating RTLIL representation for module `\_90_mod'.
Generating RTLIL representation for module `\$__div_mod_floor'.
Generating RTLIL representation for module `\_90_divfloor'.
Generating RTLIL representation for module `\_90_modfloor'.
Generating RTLIL representation for module `\_90_pow'.
Generating RTLIL representation for module `\_90_pmux'.
Generating RTLIL representation for module `\_90_demux'.
Generating RTLIL representation for module `\_90_lut'.
Successfully finished Verilog frontend.

22.2. Continuing TECHMAP pass.
Running "alumacc" on wrapper $extern:wrap:$add:A_SIGNED=0:A_WIDTH=1:B_SIGNED=0:B_WIDTH=1:Y_WIDTH=1:394426c56d1a028ba8fdd5469b163e04011def47.
Using template $extern:wrap:$add:A_SIGNED=0:A_WIDTH=1:B_SIGNED=0:B_WIDTH=1:Y_WIDTH=1:394426c56d1a028ba8fdd5469b163e04011def47 for cells of type $extern:wrap:$add:A_SIGNED=0:A_WIDTH=1:B_SIGNED=0:B_WIDTH=1:Y_WIDTH=1:394426c56d1a028ba8fdd5469b163e04011def47.
Using template $paramod$fc972a7a46956c1788f3cb5257b53c8f1df2d0cc\_90_alu for cells of type $alu.
Using extmapper simplemap for cells of type $xor.
Using extmapper simplemap for cells of type $and.
Using template $paramod\_90_lcu_brent_kung\WIDTH=32'00000000000000000000000000000001 for cells of type $lcu.
Using extmapper simplemap for cells of type $pos.
Using extmapper simplemap for cells of type $mux.
Using extmapper simplemap for cells of type $not.
Using extmapper simplemap for cells of type $or.
No more expansions possible.
<suppressed ~225 debug messages>

23. Executing OPT pass (performing simple optimizations).

23.1. Executing OPT_EXPR pass (perform const folding).
Optimizing module mesh_1x2.
<suppressed ~5 debug messages>

23.2. Executing OPT_MERGE pass (detect identical cells).
Finding identical cells in module `\mesh_1x2'.
Removed a total of 0 cells.

23.3. Executing OPT_DFF pass (perform DFF optimizations).

23.4. Executing OPT_CLEAN pass (remove unused cells and wires).
Finding unused cells or wires in module \mesh_1x2..
Removed 2 unused cells and 30 unused wires.
<suppressed ~3 debug messages>

23.5. Finished fast OPT passes.

24. Executing ABC pass (technology mapping using ABC).

24.1. Extracting gate netlist of module `\mesh_1x2' to `<abc-temp-dir>/input.blif'..
Extracted 1 gates and 3 wires to a netlist network with 2 inputs and 1 outputs.

24.1.1. Executing ABC.
Running ABC command: "<yosys-exe-dir>/yosys-abc" -s -f <abc-temp-dir>/abc.script 2>&1
ABC: ABC command line: "source <abc-temp-dir>/abc.script".
ABC: 
ABC: + read_blif <abc-temp-dir>/input.blif 
ABC: + read_lut <abc-temp-dir>/lutdefs.txt 
ABC: + strash 
ABC: + &get -n 
ABC: + &fraig -x 
ABC: + &put 
ABC: + scorr 
ABC: Warning: The network is combinational (run "fraig" or "fraig_sweep").
ABC: + dc2 
ABC: + dretime 
ABC: + strash 
ABC: + dch -f 
ABC: + if 
ABC: + mfs2 
ABC: + lutpack -S 1 
ABC: + write_blif <abc-temp-dir>/output.blif 

24.1.2. Re-integrating ABC results.
ABC RESULTS:              $lut cells:        1
ABC RESULTS:        internal signals:        0
ABC RESULTS:           input signals:        2
ABC RESULTS:          output signals:        1
Removing temp directory.

25. Executing SYNTH pass.

25.1. Executing HIERARCHY pass (managing design hierarchy).

25.1.1. Analyzing design hierarchy..
ERROR: Module `\router_asc' referenced in module `\mesh_1x2' in cell `\rtr_0' is not part of the design.
1