#! /usr/bin/vvp
:ivl_version "11.0 (stable)";
:ivl_delay_selection "TYPICAL";
:vpi_time_precision + 0;
:vpi_module "/usr/lib/x86_64-linux-gnu/ivl/system.vpi";
:vpi_module "/usr/lib/x86_64-linux-gnu/ivl/vhdl_sys.vpi";
:vpi_module "/usr/lib/x86_64-linux-gnu/ivl/vhdl_textio.vpi";
:vpi_module "/usr/lib/x86_64-linux-gnu/ivl/v2005_math.vpi";
:vpi_module "/usr/lib/x86_64-linux-gnu/ivl/va_math.vpi";
S_0x6340f215f1f0 .scope module, "axis_to_noc_adapter" "axis_to_noc_adapter" 2 2;
 .timescale 0 0;
    .port_info 0 /INPUT 1 "clk";
    .port_info 1 /INPUT 1 "rst";
    .port_info 2 /INPUT 1 "axis_tvalid";
    .port_info 3 /OUTPUT 1 "axis_tready";
    .port_info 4 /INPUT 32 "axis_tdata";
    .port_info 5 /INPUT 4 "axis_tdest";
    .port_info 6 /OUTPUT 36 "router_out_port";
    .port_info 7 /INPUT 1 "noc_credit";
P_0x6340f215f380 .param/l "DEST_WIDTH" 0 2 3, +C4<00000000000000000000000000000100>;
P_0x6340f215f3c0 .param/l "HEAD_CTRL" 1 2 20, C4<110>;
P_0x6340f215f400 .param/l "IDLE" 1 2 26, C4<10>;
P_0x6340f215f440 .param/l "SEND_HEAD" 1 2 27, C4<11>;
P_0x6340f215f480 .param/l "SEND_TAIL" 1 2 28, C4<01>;
P_0x6340f215f4c0 .param/l "TAIL_CTRL" 1 2 21, C4<101>;
o0x7b771aea6018 .functor BUFZ 32, C4<zzzzzzzzzzzzzzzzzzzzzzzzzzzzzzzz>; HiZ drive
v0x6340f2187dd0_0 .net "axis_tdata", 31 0, o0x7b771aea6018;  0 drivers
o0x7b771aea6048 .functor BUFZ 4, C4<zzzz>; HiZ drive
v0x6340f21afff0_0 .net "axis_tdest", 3 0, o0x7b771aea6048;  0 drivers
v0x6340f21b00d0_0 .var "axis_tready", 0 0;
o0x7b771aea60a8 .functor BUFZ 1, C4<z>; HiZ drive
v0x6340f21b01a0_0 .net "axis_tvalid", 0 0, o0x7b771aea60a8;  0 drivers
o0x7b771aea60d8 .functor BUFZ 1, C4<z>; HiZ drive
v0x6340f21b0260_0 .net "clk", 0 0, o0x7b771aea60d8;  0 drivers
v0x6340f21b0370_0 .var "data_buffer", 31 0;
v0x6340f21b0450_0 .var "dest_buffer", 3 0;
o0x7b771aea6168 .functor BUFZ 1, C4<z>; HiZ drive
v0x6340f21b0530_0 .net "noc_credit", 0 0, o0x7b771aea6168;  0 drivers
v0x6340f21b05f0_0 .var "router_out_port", 35 0;
o0x7b771aea61c8 .functor BUFZ 1, C4<z>; HiZ drive
v0x6340f21b06d0_0 .net "rst", 0 0, o0x7b771aea61c8;  0 drivers
v0x6340f21b0790_0 .var "state", 1 0;
E_0x6340f215fa00 .event posedge, v0x6340f21b06d0_0, v0x6340f21b0260_0;
    .scope S_0x6340f215f1f0;
T_0 ;
    %wait E_0x6340f215fa00;
    %load/vec4 v0x6340f21b06d0_0;
    %flag_set/vec4 8;
    %jmp/0xz  T_0.0, 8;
    %pushi/vec4 2, 0, 2;
    %assign/vec4 v0x6340f21b0790_0, 0;
    %pushi/vec4 0, 0, 1;
    %assign/vec4 v0x6340f21b00d0_0, 0;
    %pushi/vec4 0, 0, 36;
    %assign/vec4 v0x6340f21b05f0_0, 0;
    %pushi/vec4 0, 0, 32;
    %assign/vec4 v0x6340f21b0370_0, 0;
    %pushi/vec4 0, 0, 4;
    %assign/vec4 v0x6340f21b0450_0, 0;
    %jmp T_0.1;
T_0.0 ;
    %load/vec4 v0x6340f21b0790_0;
    %dup/vec4;
    %pushi/vec4 2, 0, 2;
    %cmp/u;
    %jmp/1 T_0.2, 6;
    %dup/vec4;
    %pushi/vec4 3, 0, 2;
    %cmp/u;
    %jmp/1 T_0.3, 6;
    %dup/vec4;
    %pushi/vec4 1, 0, 2;
    %cmp/u;
    %jmp/1 T_0.4, 6;
    %jmp T_0.5;
T_0.2 ;
    %pushi/vec4 0, 0, 1;
    %ix/load 4, 35, 0;
    %ix/load 5, 0, 0;
    %flag_set/imm 4, 0;
    %assign/vec4/off/d v0x6340f21b05f0_0, 4, 5;
    %pushi/vec4 1, 0, 1;
    %assign/vec4 v0x6340f21b00d0_0, 0;
    %load/vec4 v0x6340f21b01a0_0;
    %load/vec4 v0x6340f21b00d0_0;
    %and;
    %flag_set/vec4 8;
    %jmp/0xz  T_0.6, 8;
    %load/vec4 v0x6340f2187dd0_0;
    %assign/vec4 v0x6340f21b0370_0, 0;
    %load/vec4 v0x6340f21afff0_0;
    %assign/vec4 v0x6340f21b0450_0, 0;
    %pushi/vec4 3, 0, 2;
    %assign/vec4 v0x6340f21b0790_0, 0;
    %pushi/vec4 0, 0, 1;
    %assign/vec4 v0x6340f21b00d0_0, 0;
T_0.6 ;
    %jmp T_0.5;
T_0.3 ;
    %load/vec4 v0x6340f21b0530_0;
    %flag_set/vec4 8;
    %jmp/0xz  T_0.8, 8;
    %pushi/vec4 1, 0, 1;
    %concati/vec4 6, 0, 3;
    %load/vec4 v0x6340f21b0450_0;
    %concati/vec4 5, 0, 3;
    %concati/vec4 0, 0, 25;
    %concat/vec4; draw_concat_vec4
    %assign/vec4 v0x6340f21b05f0_0, 0;
    %pushi/vec4 1, 0, 2;
    %assign/vec4 v0x6340f21b0790_0, 0;
T_0.8 ;
    %jmp T_0.5;
T_0.4 ;
    %load/vec4 v0x6340f21b0530_0;
    %flag_set/vec4 8;
    %jmp/0xz  T_0.10, 8;
    %pushi/vec4 1, 0, 1;
    %concati/vec4 5, 0, 3;
    %load/vec4 v0x6340f21b0370_0;
    %concat/vec4; draw_concat_vec4
    %assign/vec4 v0x6340f21b05f0_0, 0;
    %pushi/vec4 2, 0, 2;
    %assign/vec4 v0x6340f21b0790_0, 0;
    %pushi/vec4 1, 0, 1;
    %assign/vec4 v0x6340f21b00d0_0, 0;
T_0.10 ;
    %jmp T_0.5;
T_0.5 ;
    %pop/vec4 1;
    %load/vec4 v0x6340f21b0530_0;
    %nor/r;
    %flag_set/vec4 8;
    %jmp/0xz  T_0.12, 8;
    %pushi/vec4 0, 0, 1;
    %ix/load 4, 35, 0;
    %ix/load 5, 0, 0;
    %flag_set/imm 4, 0;
    %assign/vec4/off/d v0x6340f21b05f0_0, 4, 5;
T_0.12 ;
T_0.1 ;
    %jmp T_0;
    .thread T_0;
# The file index is used to find the file name in the following table.
:file_names 3;
    "N/A";
    "<interactive>";
    "axi2noc.v";
