#! /usr/bin/vvp
:ivl_version "11.0 (stable)";
:ivl_delay_selection "TYPICAL";
:vpi_time_precision + 0;
:vpi_module "/usr/lib/x86_64-linux-gnu/ivl/system.vpi";
:vpi_module "/usr/lib/x86_64-linux-gnu/ivl/vhdl_sys.vpi";
:vpi_module "/usr/lib/x86_64-linux-gnu/ivl/vhdl_textio.vpi";
:vpi_module "/usr/lib/x86_64-linux-gnu/ivl/v2005_math.vpi";
:vpi_module "/usr/lib/x86_64-linux-gnu/ivl/va_math.vpi";
S_0x56ee16fb9ae0 .scope module, "tb_address_translation" "tb_address_translation" 2 28;
 .timescale 0 0;
v0x56ee16fe34c0_0 .var "curr_addr", 3 0;
v0x56ee16fe35b0_0 .var "router_addrs", 63 0;
v0x56ee16fe3680_0 .net "translated_addrs", 3 0, v0x56ee16fe3360_0;  1 drivers
S_0x56ee16fce810 .scope module, "dut" "address_translation" 2 34, 2 1 0, S_0x56ee16fb9ae0;
 .timescale 0 0;
    .port_info 0 /INPUT 4 "curr_addr";
    .port_info 1 /INPUT 64 "router_addrs";
    .port_info 2 /OUTPUT 4 "translated_addrs";
P_0x56ee16fb9120 .param/l "addr_width" 0 2 2, +C4<00000000000000000000000000000100>;
P_0x56ee16fb9160 .param/l "num_routers" 0 2 3, +C4<00000000000000000000000000010000>;
v0x56ee16fceb30_0 .net "curr_addr", 3 0, v0x56ee16fe34c0_0;  1 drivers
v0x56ee16fe3190_0 .var/i "i", 31 0;
v0x56ee16fe3270_0 .net "router_addrs", 63 0, v0x56ee16fe35b0_0;  1 drivers
v0x56ee16fe3360_0 .var "translated_addrs", 3 0;
E_0x56ee16fcc830 .event edge, v0x56ee16fe3270_0, v0x56ee16fceb30_0;
    .scope S_0x56ee16fce810;
T_0 ;
    %wait E_0x56ee16fcc830;
    %pushi/vec4 0, 0, 4;
    %store/vec4 v0x56ee16fe3360_0, 0, 4;
    %pushi/vec4 0, 0, 32;
    %store/vec4 v0x56ee16fe3190_0, 0, 32;
T_0.0 ;
    %load/vec4 v0x56ee16fe3190_0;
    %cmpi/s 16, 0, 32;
    %jmp/0xz T_0.1, 5;
    %load/vec4 v0x56ee16fe3270_0;
    %load/vec4 v0x56ee16fe3190_0;
    %muli 4, 0, 32;
    %part/s 4;
    %load/vec4 v0x56ee16fceb30_0;
    %cmp/e;
    %jmp/0xz  T_0.2, 4;
    %load/vec4 v0x56ee16fe3190_0;
    %parti/s 4, 0, 2;
    %store/vec4 v0x56ee16fe3360_0, 0, 4;
T_0.2 ;
    %load/vec4 v0x56ee16fe3190_0;
    %addi 1, 0, 32;
    %store/vec4 v0x56ee16fe3190_0, 0, 32;
    %jmp T_0.0;
T_0.1 ;
    %jmp T_0;
    .thread T_0, $push;
    .scope S_0x56ee16fb9ae0;
T_1 ;
    %vpi_call 2 42 "$dumpfile", "waveform.vcd" {0 0 0};
    %vpi_call 2 43 "$dumpvars", 32'sb00000000000000000000000000000000, S_0x56ee16fb9ae0 {0 0 0};
    %pushi/vec4 2147483648, 0, 32;
    %concati/vec4 4202508, 0, 32;
    %store/vec4 v0x56ee16fe35b0_0, 0, 64;
    %pushi/vec4 8, 0, 4;
    %store/vec4 v0x56ee16fe34c0_0, 0, 4;
    %delay 10, 0;
    %vpi_call 2 51 "$display", "Logical: %b -> Physical: %b", v0x56ee16fe34c0_0, v0x56ee16fe3680_0 {0 0 0};
    %pushi/vec4 12, 0, 4;
    %store/vec4 v0x56ee16fe34c0_0, 0, 4;
    %delay 10, 0;
    %vpi_call 2 56 "$display", "Logical: %b -> Physical: %b", v0x56ee16fe34c0_0, v0x56ee16fe3680_0 {0 0 0};
    %pushi/vec4 4, 0, 4;
    %store/vec4 v0x56ee16fe34c0_0, 0, 4;
    %delay 10, 0;
    %vpi_call 2 61 "$display", "Logical: %b -> Physical: %b ", v0x56ee16fe34c0_0, v0x56ee16fe3680_0 {0 0 0};
    %pushi/vec4 2, 0, 4;
    %store/vec4 v0x56ee16fe34c0_0, 0, 4;
    %delay 10, 0;
    %vpi_call 2 65 "$display", "Logical: %b -> Physical: %b ", v0x56ee16fe34c0_0, v0x56ee16fe3680_0 {0 0 0};
    %delay 10, 0;
    %vpi_call 2 69 "$finish" {0 0 0};
    %end;
    .thread T_1;
# The file index is used to find the file name in the following table.
:file_names 3;
    "N/A";
    "<interactive>";
    "address_translation.v";
