#Packing pin usage report
Type: io
	Input Pin Usage:
		Max: 1.00 (1.00)
		Avg: 0.50 (0.50)
		Min: 0.00 (0.00)
		Histogram:
		[        0:      0.1) 339 ( 49.6%) |**********************************************
		[      0.1:      0.2)   0 (  0.0%) |
		[      0.2:      0.3)   0 (  0.0%) |
		[      0.3:      0.4)   0 (  0.0%) |
		[      0.4:      0.5)   0 (  0.0%) |
		[      0.5:      0.6)   0 (  0.0%) |
		[      0.6:      0.7)   0 (  0.0%) |
		[      0.7:      0.8)   0 (  0.0%) |
		[      0.8:      0.9)   0 (  0.0%) |
		[      0.9:        1) 344 ( 50.4%) |***********************************************
	Output Pin Usage:
		Max: 1.00 (1.00)
		Avg: 0.50 (0.50)
		Min: 0.00 (0.00)
		Histogram:
		[        0:      0.1) 344 ( 50.4%) |***********************************************
		[      0.1:      0.2)   0 (  0.0%) |
		[      0.2:      0.3)   0 (  0.0%) |
		[      0.3:      0.4)   0 (  0.0%) |
		[      0.4:      0.5)   0 (  0.0%) |
		[      0.5:      0.6)   0 (  0.0%) |
		[      0.6:      0.7)   0 (  0.0%) |
		[      0.7:      0.8)   0 (  0.0%) |
		[      0.8:      0.9)   0 (  0.0%) |
		[      0.9:        1) 339 ( 49.6%) |**********************************************

Type: clb
	Input Pin Usage:
		Max: 4.00 (0.10)
		Avg: 1.33 (0.03)
		Min: 0.00 (0.00)
		Histogram:
		[        0:      4.1) 3 (100.0%) |*************************************************
		[      4.1:      8.2) 0 (  0.0%) |
		[      8.2:       12) 0 (  0.0%) |
		[       12:       16) 0 (  0.0%) |
		[       16:       20) 0 (  0.0%) |
		[       20:       25) 0 (  0.0%) |
		[       25:       29) 0 (  0.0%) |
		[       29:       33) 0 (  0.0%) |
		[       33:       37) 0 (  0.0%) |
		[       37:       41) 0 (  0.0%) |
	Output Pin Usage:
		Max: 2.00 (0.10)
		Avg: 1.33 (0.07)
		Min: 1.00 (0.05)
		Histogram:
		[        0:        2) 3 (100.0%) |*************************************************
		[        2:        4) 0 (  0.0%) |
		[        4:        6) 0 (  0.0%) |
		[        6:        8) 0 (  0.0%) |
		[        8:       10) 0 (  0.0%) |
		[       10:       12) 0 (  0.0%) |
		[       12:       14) 0 (  0.0%) |
		[       14:       16) 0 (  0.0%) |
		[       16:       18) 0 (  0.0%) |
		[       18:       20) 0 (  0.0%) |

Type: router
	Input Pin Usage:
		Max: 211.00 (1.00)
		Avg: 199.33 (0.94)
		Min: 176.00 (0.83)
		Histogram:
		[        0:       21) 0 (  0.0%) |
		[       21:       42) 0 (  0.0%) |
		[       42:       63) 0 (  0.0%) |
		[       63:       84) 0 (  0.0%) |
		[       84:  1.1e+02) 0 (  0.0%) |
		[  1.1e+02:  1.3e+02) 0 (  0.0%) |
		[  1.3e+02:  1.5e+02) 0 (  0.0%) |
		[  1.5e+02:  1.7e+02) 0 (  0.0%) |
		[  1.7e+02:  1.9e+02) 3 ( 33.3%) |*************************
		[  1.9e+02:  2.1e+02) 6 ( 66.7%) |*************************************************
	Output Pin Usage:
		Max: 202.00 (0.94)
		Avg: 147.33 (0.69)
		Min: 120.00 (0.56)
		Histogram:
		[        0:       22) 0 (  0.0%) |
		[       22:       43) 0 (  0.0%) |
		[       43:       64) 0 (  0.0%) |
		[       64:       86) 0 (  0.0%) |
		[       86:  1.1e+02) 0 (  0.0%) |
		[  1.1e+02:  1.3e+02) 4 ( 44.4%) |*************************************************
		[  1.3e+02:  1.5e+02) 0 (  0.0%) |
		[  1.5e+02:  1.7e+02) 4 ( 44.4%) |*************************************************
		[  1.7e+02:  1.9e+02) 0 (  0.0%) |
		[  1.9e+02:  2.2e+02) 1 ( 11.1%) |************

