#! /usr/bin/vvp
:ivl_version "11.0 (stable)";
:ivl_delay_selection "TYPICAL";
:vpi_time_precision - 12;
:vpi_module "/usr/lib/x86_64-linux-gnu/ivl/system.vpi";
:vpi_module "/usr/lib/x86_64-linux-gnu/ivl/vhdl_sys.vpi";
:vpi_module "/usr/lib/x86_64-linux-gnu/ivl/vhdl_textio.vpi";
:vpi_module "/usr/lib/x86_64-linux-gnu/ivl/v2005_math.vpi";
:vpi_module "/usr/lib/x86_64-linux-gnu/ivl/va_math.vpi";
S_0x6309199f3470 .scope module, "test" "test" 2 3;
 .timescale -9 -12;
P_0x6309199f3600 .param/l "CHANNEL_WIDTH" 1 2 18, +C4<000000000000000000000000000001000101>;
P_0x6309199f3640 .param/l "FLIT_DATA_WIDTH" 1 2 6, +C4<00000000000000000000000001000000>;
P_0x6309199f3680 .param/l "LAR_INFO_WIDTH" 1 2 13, +C4<00000000000000000000000000000100>;
P_0x6309199f36c0 .param/l "LINK_CTRL_WIDTH" 1 2 10, +C4<00000000000000000000000000000001>;
P_0x6309199f3700 .param/l "MAX_PAYLOAD_LENGTH" 1 2 8, +C4<00000000000000000000000000000100>;
P_0x6309199f3740 .param/l "NUM_PORTS" 1 2 11, +C4<00000000000000000000000000000101>;
P_0x6309199f3780 .param/l "NUM_RESOURCE_CLASSES" 1 2 16, +C4<00000000000000000000000000000010>;
P_0x6309199f37c0 .param/l "PAYLOAD_LENGTH_WIDTH" 1 2 15, +C4<00000000000000000000000000000010>;
P_0x6309199f3800 .param/l "RESOURCE_CLASS_IDX_WIDTH" 1 2 12, +C4<00000000000000000000000000000001>;
P_0x6309199f3840 .param/l "ROUTER_ADDR_WIDTH" 1 2 7, +C4<00000000000000000000000000000100>;
P_0x6309199f3880 .param/l "ROUTE_INFO_WIDTH" 1 2 14, +C4<00000000000000000000000000001100>;
P_0x6309199f38c0 .param/l "VC_IDX_WIDTH" 1 2 9, +C4<00000000000000000000000000000010>;
v0x630919a239f0_0 .net "channel_data_out", 68 0, v0x630919a22b50_0;  1 drivers
L_0x75d99f132180 .functor BUFT 1, C4<000000000000000000000000000000000000000000000000000000000000000000000000000000000000000000000000000000000000000000000000000000000000000000000000000000000000000000000000000000000000000000000000000000000000000000000000000000000000000000000000000000000000000000000000000000000000000000000000000000000000000000000000000000000000000000000000000000000>, C4<0>, C4<0>, C4<0>;
v0x630919a23ad0_0 .net "channel_in_ip", 344 0, L_0x75d99f132180;  1 drivers
L_0x75d99f1321c8 .functor BUFT 1, C4<000000000000000000000000000000000000000000000000000000000000000000000000000000000000000000000000000000000000000000000000000000000000000000000000000000000000000000000000000000000000000000000000000000000000000000000000000000000000000000000000000000000000000000000000000000000000000000000000000000000000000000000000000000000000000000000000000000000>, C4<0>, C4<0>, C4<0>;
v0x630919a23b90_0 .net "channel_out_op", 344 0, L_0x75d99f1321c8;  1 drivers
v0x630919a23c80_0 .var "clk", 0 0;
v0x630919a23d50_0 .var "data_in", 63 0;
v0x630919a23df0_0 .net "data_ready_out", 0 0, L_0x6309199e3470;  1 drivers
v0x630919a23ec0_0 .var "data_valid_in", 0 0;
v0x630919a23f90_0 .var "dest_address", 3 0;
v0x630919a24060_0 .net "flit_head_out", 0 0, v0x630919a231f0_0;  1 drivers
v0x630919a24130_0 .net "flit_tail_out", 0 0, v0x630919a232b0_0;  1 drivers
v0x630919a24200_0 .net "flit_valid_out", 0 0, v0x630919a23370_0;  1 drivers
L_0x75d99f132258 .functor BUFT 1, C4<0000000000>, C4<0>, C4<0>, C4<0>;
v0x630919a242d0_0 .net "flow_ctrl_in_op", 9 0, L_0x75d99f132258;  1 drivers
L_0x75d99f132210 .functor BUFT 1, C4<0000000000>, C4<0>, C4<0>, C4<0>;
v0x630919a24370_0 .net "flow_ctrl_out_ip", 9 0, L_0x75d99f132210;  1 drivers
v0x630919a24410_0 .var "reset", 0 0;
v0x630919a244e0_0 .var "resource_class_in", 0 0;
L_0x75d99f132138 .functor BUFT 1, C4<0000>, C4<0>, C4<0>, C4<0>;
v0x630919a245b0_0 .net "router_address", 3 0, L_0x75d99f132138;  1 drivers
v0x630919a24650_0 .var "vc_index_in", 1 0;
S_0x6309199a70f0 .scope module, "packetizer_inst" "packetizer" 2 56, 3 3 0, S_0x6309199f3470;
 .timescale -9 -12;
    .port_info 0 /INPUT 1 "clk";
    .port_info 1 /INPUT 1 "reset";
    .port_info 2 /INPUT 1 "data_valid_in";
    .port_info 3 /INPUT 64 "data_in";
    .port_info 4 /INPUT 4 "dest_address";
    .port_info 5 /INPUT 2 "vc_index_in";
    .port_info 6 /INPUT 1 "resource_class_in";
    .port_info 7 /OUTPUT 1 "data_ready_out";
    .port_info 8 /OUTPUT 1 "flit_valid_out";
    .port_info 9 /OUTPUT 1 "flit_head_out";
    .port_info 10 /OUTPUT 1 "flit_tail_out";
    .port_info 11 /OUTPUT 69 "channel_data_out";
P_0x630919a03c40 .param/l "CHANNEL_WIDTH" 1 3 35, +C4<000000000000000000000000000001000101>;
P_0x630919a03c80 .param/l "DATA" 1 3 36, +C4<00000000000000000000000000000010>;
P_0x630919a03cc0 .param/l "FLIT_CTRL_WIDTH" 1 3 37, +C4<00000000000000000000000000000100>;
P_0x630919a03d00 .param/l "FLIT_DATA_WIDTH" 0 3 4, +C4<00000000000000000000000001000000>;
P_0x630919a03d40 .param/l "HEAD" 1 3 36, +C4<00000000000000000000000000000001>;
P_0x630919a03d80 .param/l "IDLE" 1 3 36, +C4<00000000000000000000000000000000>;
P_0x630919a03dc0 .param/l "LAR_INFO_WIDTH" 0 3 11, +C4<00000000000000000000000000000100>;
P_0x630919a03e00 .param/l "LINK_CTRL_WIDTH" 0 3 8, +C4<00000000000000000000000000000001>;
P_0x630919a03e40 .param/l "MAX_PAYLOAD_LENGTH" 0 3 6, +C4<00000000000000000000000000000100>;
P_0x630919a03e80 .param/l "NUM_PORTS" 0 3 9, +C4<00000000000000000000000000000101>;
P_0x630919a03ec0 .param/l "NUM_RESOURCE_CLASSES" 0 3 14, +C4<00000000000000000000000000000010>;
P_0x630919a03f00 .param/l "PAYLOAD_LENGTH_WIDTH" 0 3 13, +C4<00000000000000000000000000000010>;
P_0x630919a03f40 .param/l "RESOURCE_CLASS_IDX_WIDTH" 0 3 10, +C4<00000000000000000000000000000001>;
P_0x630919a03f80 .param/l "ROUTER_ADDR_WIDTH" 0 3 5, +C4<00000000000000000000000000000100>;
P_0x630919a03fc0 .param/l "ROUTE_INFO_WIDTH" 0 3 12, +C4<00000000000000000000000000001100>;
P_0x630919a04000 .param/l "TAIL" 1 3 36, +C4<00000000000000000000000000000011>;
P_0x630919a04040 .param/l "VC_IDX_WIDTH" 0 3 7, +C4<00000000000000000000000000000010>;
L_0x6309199e3470 .functor AND 1, L_0x630919a349a0, L_0x630919a34c60, C4<1>, C4<1>;
v0x6309199dc190_0 .net *"_ivl_0", 31 0, L_0x630919a24830;  1 drivers
L_0x75d99f1320a8 .functor BUFT 1, C4<0000000000000000000000000000>, C4<0>, C4<0>, C4<0>;
v0x6309199dc2d0_0 .net *"_ivl_11", 27 0, L_0x75d99f1320a8;  1 drivers
L_0x75d99f1320f0 .functor BUFT 1, C4<00000000000000000000000000000100>, C4<0>, C4<0>, C4<0>;
v0x6309199dc6f0_0 .net/2u *"_ivl_12", 31 0, L_0x75d99f1320f0;  1 drivers
v0x630919a226e0_0 .net *"_ivl_14", 0 0, L_0x630919a34c60;  1 drivers
L_0x75d99f132018 .functor BUFT 1, C4<000000000000000000000000000000>, C4<0>, C4<0>, C4<0>;
v0x630919a227a0_0 .net *"_ivl_3", 29 0, L_0x75d99f132018;  1 drivers
L_0x75d99f132060 .functor BUFT 1, C4<00000000000000000000000000000010>, C4<0>, C4<0>, C4<0>;
v0x630919a228d0_0 .net/2u *"_ivl_4", 31 0, L_0x75d99f132060;  1 drivers
v0x630919a229b0_0 .net *"_ivl_6", 0 0, L_0x630919a349a0;  1 drivers
v0x630919a22a70_0 .net *"_ivl_8", 31 0, L_0x630919a34b10;  1 drivers
v0x630919a22b50_0 .var "channel_data_out", 68 0;
v0x630919a22c30_0 .net "clk", 0 0, v0x630919a23c80_0;  1 drivers
v0x630919a22cf0_0 .var "data_count", 3 0;
v0x630919a22dd0_0 .net "data_in", 63 0, v0x630919a23d50_0;  1 drivers
v0x630919a22eb0_0 .net "data_ready_out", 0 0, L_0x6309199e3470;  alias, 1 drivers
v0x630919a22f70_0 .net "data_valid_in", 0 0, v0x630919a23ec0_0;  1 drivers
v0x630919a23030_0 .net "dest_address", 3 0, v0x630919a23f90_0;  1 drivers
v0x630919a23110_0 .var "dest_rtr_addr_temp", 3 0;
v0x630919a231f0_0 .var "flit_head_out", 0 0;
v0x630919a232b0_0 .var "flit_tail_out", 0 0;
v0x630919a23370_0 .var "flit_valid_out", 0 0;
v0x630919a23430_0 .net "reset", 0 0, v0x630919a24410_0;  1 drivers
v0x630919a234f0_0 .net "resource_class_in", 0 0, v0x630919a244e0_0;  1 drivers
v0x630919a235d0_0 .var "state", 1 0;
v0x630919a236b0_0 .var "vc_index", 1 0;
v0x630919a23790_0 .net "vc_index_in", 1 0, v0x630919a24650_0;  1 drivers
E_0x6309199e4770 .event posedge, v0x630919a22c30_0;
L_0x630919a24830 .concat [ 2 30 0 0], v0x630919a235d0_0, L_0x75d99f132018;
L_0x630919a349a0 .cmp/eq 32, L_0x630919a24830, L_0x75d99f132060;
L_0x630919a34b10 .concat [ 4 28 0 0], v0x630919a22cf0_0, L_0x75d99f1320a8;
L_0x630919a34c60 .cmp/gt 32, L_0x75d99f1320f0, L_0x630919a34b10;
    .scope S_0x6309199a70f0;
T_0 ;
    %wait E_0x6309199e4770;
    %load/vec4 v0x630919a23430_0;
    %flag_set/vec4 8;
    %jmp/0xz  T_0.0, 8;
    %pushi/vec4 0, 0, 2;
    %assign/vec4 v0x630919a235d0_0, 0;
    %pushi/vec4 0, 0, 1;
    %assign/vec4 v0x630919a23370_0, 0;
    %pushi/vec4 0, 0, 1;
    %assign/vec4 v0x630919a231f0_0, 0;
    %pushi/vec4 0, 0, 1;
    %assign/vec4 v0x630919a232b0_0, 0;
    %pushi/vec4 0, 0, 69;
    %assign/vec4 v0x630919a22b50_0, 0;
    %pushi/vec4 0, 0, 2;
    %assign/vec4 v0x630919a236b0_0, 0;
    %pushi/vec4 0, 0, 4;
    %assign/vec4 v0x630919a22cf0_0, 0;
    %pushi/vec4 0, 0, 4;
    %assign/vec4 v0x630919a23110_0, 0;
    %jmp T_0.1;
T_0.0 ;
    %pushi/vec4 0, 0, 1;
    %assign/vec4 v0x630919a231f0_0, 0;
    %pushi/vec4 0, 0, 1;
    %assign/vec4 v0x630919a232b0_0, 0;
    %load/vec4 v0x630919a235d0_0;
    %dup/vec4;
    %pushi/vec4 0, 0, 2;
    %cmp/u;
    %jmp/1 T_0.2, 6;
    %dup/vec4;
    %pushi/vec4 1, 0, 2;
    %cmp/u;
    %jmp/1 T_0.3, 6;
    %dup/vec4;
    %pushi/vec4 2, 0, 2;
    %cmp/u;
    %jmp/1 T_0.4, 6;
    %dup/vec4;
    %pushi/vec4 3, 0, 2;
    %cmp/u;
    %jmp/1 T_0.5, 6;
    %jmp T_0.6;
T_0.2 ;
    %load/vec4 v0x630919a22f70_0;
    %flag_set/vec4 8;
    %jmp/0xz  T_0.7, 8;
    %pushi/vec4 1, 0, 2;
    %assign/vec4 v0x630919a235d0_0, 0;
    %pushi/vec4 1, 0, 1;
    %assign/vec4 v0x630919a23370_0, 0;
    %pushi/vec4 1, 0, 1;
    %assign/vec4 v0x630919a231f0_0, 0;
    %pushi/vec4 0, 0, 1;
    %assign/vec4 v0x630919a232b0_0, 0;
    %load/vec4 v0x630919a23790_0;
    %assign/vec4 v0x630919a236b0_0, 0;
    %pushi/vec4 0, 0, 4;
    %assign/vec4 v0x630919a22cf0_0, 0;
    %load/vec4 v0x630919a23030_0;
    %assign/vec4 v0x630919a23110_0, 0;
    %pushi/vec4 1, 0, 1;
    %ix/load 4, 0, 0;
    %ix/load 5, 0, 0;
    %flag_set/imm 4, 0;
    %assign/vec4/off/d v0x630919a22b50_0, 4, 5;
    %pushi/vec4 1, 0, 1;
    %ix/load 4, 1, 0;
    %ix/load 5, 0, 0;
    %flag_set/imm 4, 0;
    %assign/vec4/off/d v0x630919a22b50_0, 4, 5;
    %load/vec4 v0x630919a23790_0;
    %ix/load 4, 2, 0;
    %ix/load 5, 0, 0;
    %flag_set/imm 4, 0;
    %assign/vec4/off/d v0x630919a22b50_0, 4, 5;
    %pushi/vec4 1, 0, 1;
    %ix/load 4, 4, 0;
    %ix/load 5, 0, 0;
    %flag_set/imm 4, 0;
    %assign/vec4/off/d v0x630919a22b50_0, 4, 5;
    %pushi/vec4 0, 0, 1;
    %ix/load 4, 5, 0;
    %ix/load 5, 0, 0;
    %flag_set/imm 4, 0;
    %assign/vec4/off/d v0x630919a22b50_0, 4, 5;
    %pushi/vec4 0, 0, 4;
    %ix/load 4, 6, 0;
    %ix/load 5, 0, 0;
    %flag_set/imm 4, 0;
    %assign/vec4/off/d v0x630919a22b50_0, 4, 5;
    %pushi/vec4 0, 0, 15;
    %ix/load 4, 4, 0;
    %ix/load 5, 0, 0;
    %flag_set/imm 4, 0;
    %assign/vec4/off/d v0x630919a22b50_0, 4, 5;
    %load/vec4 v0x630919a23030_0;
    %ix/load 4, 10, 0;
    %ix/load 5, 0, 0;
    %flag_set/imm 4, 0;
    %assign/vec4/off/d v0x630919a22b50_0, 4, 5;
    %pushi/vec4 0, 0, 64;
    %ix/load 4, 5, 0;
    %ix/load 5, 0, 0;
    %flag_set/imm 4, 0;
    %assign/vec4/off/d v0x630919a22b50_0, 4, 5;
T_0.7 ;
    %jmp T_0.6;
T_0.3 ;
    %load/vec4 v0x630919a22f70_0;
    %flag_set/vec4 8;
    %jmp/0xz  T_0.9, 8;
    %pushi/vec4 2, 0, 2;
    %assign/vec4 v0x630919a235d0_0, 0;
    %pushi/vec4 1, 0, 1;
    %assign/vec4 v0x630919a23370_0, 0;
    %pushi/vec4 0, 0, 1;
    %assign/vec4 v0x630919a231f0_0, 0;
    %pushi/vec4 0, 0, 1;
    %assign/vec4 v0x630919a232b0_0, 0;
    %load/vec4 v0x630919a22cf0_0;
    %addi 1, 0, 4;
    %assign/vec4 v0x630919a22cf0_0, 0;
    %pushi/vec4 1, 0, 1;
    %ix/load 4, 0, 0;
    %ix/load 5, 0, 0;
    %flag_set/imm 4, 0;
    %assign/vec4/off/d v0x630919a22b50_0, 4, 5;
    %pushi/vec4 1, 0, 1;
    %ix/load 4, 1, 0;
    %ix/load 5, 0, 0;
    %flag_set/imm 4, 0;
    %assign/vec4/off/d v0x630919a22b50_0, 4, 5;
    %load/vec4 v0x630919a236b0_0;
    %ix/load 4, 2, 0;
    %ix/load 5, 0, 0;
    %flag_set/imm 4, 0;
    %assign/vec4/off/d v0x630919a22b50_0, 4, 5;
    %pushi/vec4 0, 0, 1;
    %ix/load 4, 4, 0;
    %ix/load 5, 0, 0;
    %flag_set/imm 4, 0;
    %assign/vec4/off/d v0x630919a22b50_0, 4, 5;
    %pushi/vec4 0, 0, 1;
    %ix/load 4, 5, 0;
    %ix/load 5, 0, 0;
    %flag_set/imm 4, 0;
    %assign/vec4/off/d v0x630919a22b50_0, 4, 5;
    %load/vec4 v0x630919a22dd0_0;
    %ix/load 4, 5, 0;
    %ix/load 5, 0, 0;
    %flag_set/imm 4, 0;
    %assign/vec4/off/d v0x630919a22b50_0, 4, 5;
T_0.9 ;
    %jmp T_0.6;
T_0.4 ;
    %load/vec4 v0x630919a22f70_0;
    %load/vec4 v0x630919a23110_0;
    %load/vec4 v0x630919a23030_0;
    %cmp/e;
    %flag_get/vec4 4;
    %and;
    %load/vec4 v0x630919a22cf0_0;
    %pad/u 32;
    %cmpi/u 3, 0, 32;
    %flag_get/vec4 5;
    %and;
    %flag_set/vec4 8;
    %jmp/0xz  T_0.11, 8;
    %pushi/vec4 1, 0, 1;
    %assign/vec4 v0x630919a23370_0, 0;
    %pushi/vec4 1, 0, 1;
    %ix/load 4, 0, 0;
    %ix/load 5, 0, 0;
    %flag_set/imm 4, 0;
    %assign/vec4/off/d v0x630919a22b50_0, 4, 5;
    %pushi/vec4 1, 0, 1;
    %ix/load 4, 1, 0;
    %ix/load 5, 0, 0;
    %flag_set/imm 4, 0;
    %assign/vec4/off/d v0x630919a22b50_0, 4, 5;
    %load/vec4 v0x630919a236b0_0;
    %ix/load 4, 2, 0;
    %ix/load 5, 0, 0;
    %flag_set/imm 4, 0;
    %assign/vec4/off/d v0x630919a22b50_0, 4, 5;
    %pushi/vec4 0, 0, 1;
    %ix/load 4, 4, 0;
    %ix/load 5, 0, 0;
    %flag_set/imm 4, 0;
    %assign/vec4/off/d v0x630919a22b50_0, 4, 5;
    %pushi/vec4 0, 0, 1;
    %ix/load 4, 5, 0;
    %ix/load 5, 0, 0;
    %flag_set/imm 4, 0;
    %assign/vec4/off/d v0x630919a22b50_0, 4, 5;
    %load/vec4 v0x630919a22dd0_0;
    %ix/load 4, 5, 0;
    %ix/load 5, 0, 0;
    %flag_set/imm 4, 0;
    %assign/vec4/off/d v0x630919a22b50_0, 4, 5;
    %load/vec4 v0x630919a22cf0_0;
    %addi 1, 0, 4;
    %assign/vec4 v0x630919a22cf0_0, 0;
    %jmp T_0.12;
T_0.11 ;
    %load/vec4 v0x630919a22f70_0;
    %load/vec4 v0x630919a22cf0_0;
    %pad/u 32;
    %pushi/vec4 3, 0, 32;
    %cmp/e;
    %flag_get/vec4 4;
    %and;
    %flag_set/vec4 8;
    %load/vec4 v0x630919a22f70_0;
    %load/vec4 v0x630919a23110_0;
    %load/vec4 v0x630919a23030_0;
    %cmp/ne;
    %flag_get/vec4 4;
    %and;
    %flag_set/vec4 9;
    %flag_or 9, 8;
    %jmp/0xz  T_0.13, 9;
    %pushi/vec4 3, 0, 2;
    %assign/vec4 v0x630919a235d0_0, 0;
    %pushi/vec4 1, 0, 1;
    %assign/vec4 v0x630919a23370_0, 0;
    %pushi/vec4 1, 0, 1;
    %assign/vec4 v0x630919a232b0_0, 0;
    %pushi/vec4 1, 0, 1;
    %ix/load 4, 0, 0;
    %ix/load 5, 0, 0;
    %flag_set/imm 4, 0;
    %assign/vec4/off/d v0x630919a22b50_0, 4, 5;
    %pushi/vec4 1, 0, 1;
    %ix/load 4, 1, 0;
    %ix/load 5, 0, 0;
    %flag_set/imm 4, 0;
    %assign/vec4/off/d v0x630919a22b50_0, 4, 5;
    %load/vec4 v0x630919a236b0_0;
    %ix/load 4, 2, 0;
    %ix/load 5, 0, 0;
    %flag_set/imm 4, 0;
    %assign/vec4/off/d v0x630919a22b50_0, 4, 5;
    %pushi/vec4 0, 0, 1;
    %ix/load 4, 4, 0;
    %ix/load 5, 0, 0;
    %flag_set/imm 4, 0;
    %assign/vec4/off/d v0x630919a22b50_0, 4, 5;
    %pushi/vec4 1, 0, 1;
    %ix/load 4, 5, 0;
    %ix/load 5, 0, 0;
    %flag_set/imm 4, 0;
    %assign/vec4/off/d v0x630919a22b50_0, 4, 5;
    %pushi/vec4 0, 0, 64;
    %ix/load 4, 5, 0;
    %ix/load 5, 0, 0;
    %flag_set/imm 4, 0;
    %assign/vec4/off/d v0x630919a22b50_0, 4, 5;
    %pushi/vec4 3, 0, 2;
    %assign/vec4 v0x630919a235d0_0, 0;
    %jmp T_0.14;
T_0.13 ;
    %pushi/vec4 0, 0, 2;
    %assign/vec4 v0x630919a235d0_0, 0;
T_0.14 ;
T_0.12 ;
    %jmp T_0.6;
T_0.5 ;
    %pushi/vec4 0, 0, 2;
    %assign/vec4 v0x630919a235d0_0, 0;
    %jmp T_0.6;
T_0.6 ;
    %pop/vec4 1;
T_0.1 ;
    %jmp T_0;
    .thread T_0;
    .scope S_0x6309199f3470;
T_1 ;
    %delay 5000, 0;
    %load/vec4 v0x630919a23c80_0;
    %inv;
    %store/vec4 v0x630919a23c80_0, 0, 1;
    %jmp T_1;
    .thread T_1;
    .scope S_0x6309199f3470;
T_2 ;
    %pushi/vec4 0, 0, 1;
    %store/vec4 v0x630919a23c80_0, 0, 1;
    %pushi/vec4 1, 0, 1;
    %store/vec4 v0x630919a24410_0, 0, 1;
    %pushi/vec4 0, 0, 1;
    %store/vec4 v0x630919a23ec0_0, 0, 1;
    %pushi/vec4 0, 0, 64;
    %store/vec4 v0x630919a23d50_0, 0, 64;
    %pushi/vec4 1, 0, 4;
    %store/vec4 v0x630919a23f90_0, 0, 4;
    %pushi/vec4 0, 0, 2;
    %store/vec4 v0x630919a24650_0, 0, 2;
    %pushi/vec4 0, 0, 1;
    %store/vec4 v0x630919a244e0_0, 0, 1;
    %delay 10000, 0;
    %pushi/vec4 0, 0, 1;
    %store/vec4 v0x630919a24410_0, 0, 1;
    %delay 10000, 0;
    %pushi/vec4 1, 0, 1;
    %store/vec4 v0x630919a24410_0, 0, 1;
    %delay 10000, 0;
    %pushi/vec4 0, 0, 1;
    %store/vec4 v0x630919a24410_0, 0, 1;
    %vpi_call 2 98 "$display", "Sending a Packet" {0 0 0};
    %delay 10000, 0;
    %pushi/vec4 1, 0, 1;
    %store/vec4 v0x630919a23ec0_0, 0, 1;
    %pushi/vec4 2443359172, 0, 35;
    %concati/vec4 279694831, 0, 29;
    %store/vec4 v0x630919a23d50_0, 0, 64;
    %pushi/vec4 1, 0, 4;
    %store/vec4 v0x630919a23f90_0, 0, 4;
    %delay 10000, 0;
    %pushi/vec4 1, 0, 1;
    %store/vec4 v0x630919a23ec0_0, 0, 1;
    %pushi/vec4 4275878409, 0, 32;
    %concati/vec4 2271560481, 0, 32;
    %store/vec4 v0x630919a23d50_0, 0, 64;
    %delay 10000, 0;
    %pushi/vec4 1, 0, 1;
    %store/vec4 v0x630919a23ec0_0, 0, 1;
    %pushi/vec4 2299632162, 0, 35;
    %concati/vec4 359036808, 0, 29;
    %store/vec4 v0x630919a23d50_0, 0, 64;
    %delay 10000, 0;
    %pushi/vec4 1, 0, 1;
    %store/vec4 v0x630919a23ec0_0, 0, 1;
    %pushi/vec4 2289526357, 0, 32;
    %concati/vec4 1144201745, 0, 32;
    %store/vec4 v0x630919a23d50_0, 0, 64;
    %delay 10000, 0;
    %pushi/vec4 0, 0, 1;
    %store/vec4 v0x630919a23ec0_0, 0, 1;
    %delay 100000, 0;
    %vpi_call 2 114 "$finish" {0 0 0};
    %end;
    .thread T_2;
    .scope S_0x6309199f3470;
T_3 ;
    %vpi_call 2 118 "$dumpfile", "test.vcd" {0 0 0};
    %vpi_call 2 120 "$monitor", "Time=%0t, data_ready_out=%b, flit_valid_out=%b, flit_head_out=%b, flit_tail_out=%b, channel_data_out=%h", $time, v0x630919a23df0_0, v0x630919a24200_0, v0x630919a24060_0, v0x630919a24130_0, v0x630919a239f0_0 {0 0 0};
    %end;
    .thread T_3;
# The file index is used to find the file name in the following table.
:file_names 4;
    "N/A";
    "<interactive>";
    "test.v";
    "packetizer.v";
