/home/rsunketa/OpenFPGA/build/yosys/bin/yosys yosys_rewrite_0.ys

 /----------------------------------------------------------------------------\
 |  yosys -- Yosys Open SYnthesis Suite                                       |
 |  Copyright (C) 2012 - 2024  Claire Xenia Wolf <claire@yosyshq.com>         |
 |  Distributed under an ISC-like license, type "license" to see terms        |
 \----------------------------------------------------------------------------/
 Yosys 0.41+101 (git sha1 c71262f66, g++ 13.3.1 -fPIC -Os)

-- Executing script file `yosys_rewrite_0.ys' --

1. Executing Verilog-2005 frontend: ./benchmark/noc_bench.v
Parsing Verilog input from `./benchmark/noc_bench.v' to AST representation.
Warning: Literal has a width of 2 bit, but value requires 8 bit. (./benchmark/noc_bench.v:441)
Warning: Literal has a width of 2 bit, but value requires 8 bit. (./benchmark/noc_bench.v:511)
Warning: Literal has a width of 2 bit, but value requires 8 bit. (./benchmark/noc_bench.v:581)
Warning: Literal has a width of 2 bit, but value requires 8 bit. (./benchmark/noc_bench.v:651)
Warning: Literal has a width of 2 bit, but value requires 8 bit. (./benchmark/noc_bench.v:721)
Warning: Literal has a width of 2 bit, but value requires 8 bit. (./benchmark/noc_bench.v:791)
Warning: Literal has a width of 2 bit, but value requires 8 bit. (./benchmark/noc_bench.v:861)
Warning: Literal has a width of 2 bit, but value requires 8 bit. (./benchmark/noc_bench.v:931)
Warning: Literal has a width of 2 bit, but value requires 8 bit. (./benchmark/noc_bench.v:1001)
Generating RTLIL representation for module `\noc'.
Successfully finished Verilog frontend.

2. Executing Verilog-2005 frontend: /home/rsunketa/OpenFPGA/openfpga-test-runs/dummy-router/verilog-files/dummy_router3.v
Parsing Verilog input from `/home/rsunketa/OpenFPGA/openfpga-test-runs/dummy-router/verilog-files/dummy_router3.v' to AST representation.
Generating RTLIL representation for module `\router'.
Successfully finished Verilog frontend.

3. Executing HIERARCHY pass (managing design hierarchy).

3.1. Analyzing design hierarchy..
Top module:  \noc

3.2. Analyzing design hierarchy..
Top module:  \noc
Removed 0 unused modules.

4. Executing Verilog backend.

4.1. Executing BMUXMAP pass.

4.2. Executing DEMUXMAP pass.
Dumping module `\noc'.

5. Executing BLIF backend.

Warnings: 9 unique messages, 9 total
End of script. Logfile hash: 291dd8c30e, CPU: user 0.02s system 0.00s, MEM: 25.45 MB peak
Yosys 0.41+101 (git sha1 c71262f66, g++ 13.3.1 -fPIC -Os)
Time spent: 80% 4x read_verilog (0 sec), 10% 2x write_blif (0 sec), ...
0