/mnt/vault1/mfaroo19/OpenFPGA/build/openfpga/openfpga -batch -f mesh_1x2_run.openfpga
Reading script file mesh_1x2_run.openfpga...

            ___                   _____ ____   ____    _     
           / _ \ _ __   ___ _ __ |  ___|  _ \ / ___|  / \    
          | | | | '_ \ / _ \ '_ \| |_  | |_) | |  _  / _ \   
          | |_| | |_) |  __/ | | |  _| |  __/| |_| |/ ___ \  
           \___/| .__/ \___|_| |_|_|   |_|    \____/_/   \_\ 
                |_|                                          

               OpenFPGA: An Open-source FPGA IP Generator
                     Versatile Place and Route (VPR)
                           FPGA-Verilog
                           FPGA-SPICE
                           FPGA-SDC
                           FPGA-Bitstream

             This is a free software under the MIT License

             Copyright (c) 2018 LNIS - The University of Utah

Permission is hereby granted, free of charge, to any person obtaining a copy
of this software and associated documentation files (the "Software"), to deal
in the Software without restriction, including without limitation the rights
to use, copy, modify, merge, publish, distribute, sublicense, and/or sell
copies of the Software, and to permit persons to whom the Software is
furnished to do so, subject to the following conditions:

The above copyright notice and this permission notice shall be included in
all copies or substantial portions of the Software.

THE SOFTWARE IS PROVIDED "AS IS", WITHOUT WARRANTY OF ANY KIND, EXPRESS OR
IMPLIED, INCLUDING BUT NOT LIMITED TO THE WARRANTIES OF MERCHANTABILITY,
FITNESS FOR A PARTICULAR PURPOSE AND NONINFRINGEMENT. IN NO EVENT SHALL THE
AUTHORS OR COPYRIGHT HOLDERS BE LIABLE FOR ANY CLAIM, DAMAGES OR OTHER
LIABILITY, WHETHER IN AN ACTION OF CONTRACT, TORT OR OTHERWISE, ARISING FROM,
OUT OF OR IN CONNECTION WITH THE SOFTWARE OR THE USE OR OTHER DEALINGS IN
THE SOFTWARE.



Command line to execute: vpr /mnt/vault1/mfaroo19/OpenFPGA/openfpga-test-runs/stanford-router/run005/vpr_arch/mesh_1x2/MIN_ROUTE_CHAN_WIDTH/arch/vpr_arch.xml mesh_1x2.blif --device large --constant_net_method route
VPR FPGA Placement and Routing.
Version: 8.1.0-dev+v8.0.0-12163-g8178b7129
Revision: v8.0.0-12163-g8178b7129
Compiled: 2025-02-07T13:27:18
Compiler: GNU 11.4.0 on Linux-6.8.0-49-generic x86_64
Build Info: release IPO VTR_ASSERT_LEVEL=2

University of Toronto
verilogtorouting.org
vtr-users@googlegroups.com
This is free open source code under MIT license.

VPR was run with the following command-line:
vpr /mnt/vault1/mfaroo19/OpenFPGA/openfpga-test-runs/stanford-router/run005/vpr_arch/mesh_1x2/MIN_ROUTE_CHAN_WIDTH/arch/vpr_arch.xml mesh_1x2.blif --device large --constant_net_method route

Using up to 1 parallel worker(s)

Architecture file: /mnt/vault1/mfaroo19/OpenFPGA/openfpga-test-runs/stanford-router/run005/vpr_arch/mesh_1x2/MIN_ROUTE_CHAN_WIDTH/arch/vpr_arch.xml
Circuit name: mesh_1x2

# Loading Architecture Description
Warning 1: Model 'io' input port 'outpad' has no timing specification (no clock specified to create a sequential input port, not combinationally connected to any outputs, not a clock input)
Warning 2: Model 'io' output port 'inpad' has no timing specification (no clock specified to create a sequential output port, not combinationally connected to any inputs, not a clock output)
mode 'io[physical]' is defined by user to be disabled in packing
mode 'fle[physical]' is defined by user to be disabled in packing
mode 'ble6[default]' is defined by user to be disabled in packing
mode 'router_wrap[router_phy]' is defined by user to be disabled in packing
# Loading Architecture Description took 0.04 seconds (max_rss 23.0 MiB, delta_rss +0.0 MiB)

Timing analysis: ON
Circuit netlist file: mesh_1x2.net
Circuit placement file: mesh_1x2.place
Circuit routing file: mesh_1x2.route
Circuit SDC file: mesh_1x2.sdc
Vpr floorplanning constraints file: not specified

Packer: ENABLED
Placer: ENABLED
Analytical Placer: DISABLED
Router: ENABLED
Analysis: ENABLED

VPR was run with the following options:

NetlistOpts.absorb_buffer_luts            : true
NetlistOpts.sweep_dangling_primary_ios    : true
NetlistOpts.sweep_dangling_nets           : true
NetlistOpts.sweep_dangling_blocks         : true
NetlistOpts.sweep_constant_primary_outputs: false
NetlistOpts.netlist_verbosity             : 1
NetlistOpts.const_gen_inference           : COMB_SEQ

PackerOpts.allow_unrelated_clustering: auto
PackerOpts.alpha_clustering: 0.750000
PackerOpts.beta_clustering: 0.900000
PackerOpts.cluster_seed_type: BLEND2
PackerOpts.connection_driven: true
PackerOpts.global_clocks: true
PackerOpts.hill_climbing_flag: false
PackerOpts.inter_cluster_net_delay: 1.000000
PackerOpts.timing_driven: true
PackerOpts.target_external_pin_util: auto

PlacerOpts.place_freq: PLACE_ONCE
PlacerOpts.place_algorithm: CRITICALITY_TIMING_PLACE
PlacerOpts.pad_loc_type: FREE
PlacerOpts.constraints_file: No constraints file given
PlacerOpts.place_chan_width: 100
PlacerOpts.inner_loop_recompute_divider: 0
PlacerOpts.recompute_crit_iter: 1
PlacerOpts.timing_tradeoff: 0.500000
PlacerOpts.td_place_exp_first: 1.000000
PlacerOpts.td_place_exp_last: 8.000000
PlacerOpts.delay_offset: 0.000000
PlacerOpts.delay_ramp_delta_threshold: -1
PlacerOpts.delay_ramp_slope: 0.000000
PlacerOpts.tsu_rel_margin: 1.000000
PlacerOpts.tsu_abs_margin: 0.000000
PlacerOpts.post_place_timing_report_file: 
PlacerOpts.allowed_tiles_for_delay_model: 
PlacerOpts.delay_model_reducer: MIN
PlacerOpts.delay_model_type: SIMPLE
PlacerOpts.rlim_escape_fraction: 0.000000
PlacerOpts.move_stats_file: 
PlacerOpts.placement_saves_per_temperature: 0
PlacerOpts.effort_scaling: CIRCUIT
PlacerOpts.place_delta_delay_matrix_calculation_method: ASTAR_ROUTE
PlaceOpts.seed: 1
AnnealSched.type: AUTO_SCHED
AnnealSched.inner_num: 0.500000

RouterOpts.route_type: DETAILED
RouterOpts.flat_routing: false
RouterOpts.choke_points: on
RouterOpts.router_algorithm: TIMING_DRIVEN
RouterOpts.base_cost_type: DELAY_NORMALIZED_LENGTH
RouterOpts.fixed_channel_width: NO_FIXED_CHANNEL_WIDTH
RouterOpts.check_route: FULL
RouterOpts.acc_fac: 1.000000
RouterOpts.bb_factor: 3
RouterOpts.bend_cost: 0.000000
RouterOpts.first_iter_pres_fac: 0.000000
RouterOpts.initial_pres_fac: 0.500000
RouterOpts.pres_fac_mult: 1.300000
RouterOpts.max_pres_fac: 1000.000000
RouterOpts.max_router_iterations: 50
RouterOpts.min_incremental_reroute_fanout: 16
RouterOpts.do_check_rr_graph: true
RouterOpts.verify_binary_search: false
RouterOpts.min_channel_width_hint: 0
RouterOpts.read_rr_edge_metadata: false
RouterOpts.exit_after_first_routing_iteration: false
RouterOpts.astar_fac: 1.200000
RouterOpts.astar_offset: 0.000000
RouterOpts.router_profiler_astar_fac: 1.200000
RouterOpts.criticality_exp: 1.000000
RouterOpts.max_criticality: 0.990000
RouterOpts.init_wirelength_abort_threshold: 0.850000
RouterOpts.incr_reroute_delay_ripup: AUTO
RouterOpts.save_routing_per_iteration: false
RouterOpts.congested_routing_iteration_threshold_frac: 1.000000
RouterOpts.high_fanout_threshold: 64
RouterOpts.router_debug_net: -2
RouterOpts.router_debug_sink_rr: -2
RouterOpts.router_debug_iteration: -2
RouterOpts.max_convergence_count: 1
RouterOpts.reconvergence_cpd_threshold: 0.990000
RouterOpts.update_lower_bound_delays: true
RouterOpts.first_iteration_timing_report_file: 
RouterOpts.route_bb_update: DYNAMIC
RouterOpts.lookahead_type: MAP
RouterOpts.initial_timing: LOOKAHEAD
RouterOpts.router_heap: FOUR_ARY_HEAP
RouterOpts.routing_failure_predictor = SAFE
RouterOpts.routing_budgets_algorithm = DISABLE

AnalysisOpts.gen_post_synthesis_netlist: false
AnalysisOpts.timing_report_npaths: 100
AnalysisOpts.timing_report_skew: false
AnalysisOpts.echo_dot_timing_graph_node: -1
AnalysisOpts.timing_report_detail: NETLIST
AnalysisOpts.post_synth_netlist_unconn_input_handling: UNCONNECTED
AnalysisOpts.post_synth_netlist_unconn_output_handling: UNCONNECTED

# Building complex block graph
Warning 3: clb[0].O[10] unconnected pin in architecture.
Warning 4: clb[0].O[11] unconnected pin in architecture.
Warning 5: clb[0].O[12] unconnected pin in architecture.
Warning 6: clb[0].O[13] unconnected pin in architecture.
Warning 7: clb[0].O[14] unconnected pin in architecture.
Warning 8: clb[0].O[15] unconnected pin in architecture.
Warning 9: clb[0].O[16] unconnected pin in architecture.
Warning 10: clb[0].O[17] unconnected pin in architecture.
Warning 11: clb[0].O[18] unconnected pin in architecture.
Warning 12: clb[0].O[19] unconnected pin in architecture.
Warning 13: router_wrap[0].clk[0] unconnected pin in architecture.
# Building complex block graph took 0.00 seconds (max_rss 25.0 MiB, delta_rss +2.0 MiB)
Circuit file: mesh_1x2.blif
# Load circuit
Found constant-zero generator '$false'
Found constant-one generator '$true'
Found constant-zero generator '$undef'
# Load circuit took 0.00 seconds (max_rss 26.5 MiB, delta_rss +1.0 MiB)
# Clean circuit
Absorbed 0 LUT buffers
Inferred    0 additional primitive pins as constant generators since they have no combinationally connected inputs
Inferred    0 additional primitive pins as constant generators due to constant inputs
Inferred    0 additional primitive pins as constant generators since they have no combinationally connected inputs
Inferred    0 additional primitive pins as constant generators due to constant inputs
Inferred    0 additional primitive pins as constant generators since they have no combinationally connected inputs
Inferred    0 additional primitive pins as constant generators due to constant inputs
Swept input(s)      : 0
Swept output(s)     : 0 (0 dangling, 0 constant)
Swept net(s)        : 2
Swept block(s)      : 2
Constant Pins Marked: 0
# Clean circuit took 0.00 seconds (max_rss 26.5 MiB, delta_rss +0.0 MiB)
# Compress circuit
# Compress circuit took 0.00 seconds (max_rss 26.5 MiB, delta_rss +0.0 MiB)
# Verify circuit
# Verify circuit took 0.00 seconds (max_rss 26.5 MiB, delta_rss +0.0 MiB)
Circuit Statistics:
  Blocks: 709
    .input    :     354
    .names    :       2
        0-LUT:       1
        2-LUT:       1
    .output   :     352
    router_asc:       1
  Nets  : 707
    Avg Fanout:     1.0
    Max Fanout:     2.0
    Min Fanout:     1.0
  Netlist Clocks: 1
# Build Timing Graph
  Timing Graph Nodes: 1415
  Timing Graph Edges: 1414
  Timing Graph Levels: 4
# Build Timing Graph took 0.00 seconds (max_rss 27.0 MiB, delta_rss +0.0 MiB)
Netlist contains 1 clocks
  Netlist Clock 'clk' Fanout: 1 pins (0.1%), 1 blocks (0.1%)
# Load Timing Constraints

SDC file 'mesh_1x2.sdc' not found
Setting default timing constraints:
   * constrain all primay inputs and primary outputs on netlist clock 'clk'
   * optimize netlist clock to run as fast as possible
Timing constraints created 1 clocks
  Constrained Clock 'clk' Source: 'clk.inpad[0]'

# Load Timing Constraints took 0.00 seconds (max_rss 27.0 MiB, delta_rss +0.0 MiB)
# Packing
Begin packing 'mesh_1x2.blif'.

After removing unused inputs...
	total blocks: 709, total nets: 707, total inputs: 354, total outputs: 352
Begin prepacking.
0 attraction groups were created during prepacking.
Finish prepacking.
Using inter-cluster delay: 1.33777e-09
Packing with pin utilization targets: io:1,1 clb:0.8,1 router:1,1
Packing with high fanout thresholds: io:128 clb:32 router:128
Starting Clustering - Clustering Progress: 
-------------------   --------------------------   ---------
Molecules processed   Number of clusters created   FPGA size
-------------------   --------------------------   ---------
Incr Slack updates 1 in 1.335e-05 sec
Full Max Req/Worst Slack updates 1 in 1.749e-05 sec
Incr Max Req/Worst Slack updates 0 in 0 sec
Incr Criticality updates 0 in 0 sec
Full Criticality updates 1 in 2.307e-05 sec
# Packing took 0.01 seconds (max_rss 29.5 MiB, delta_rss +2.5 MiB)
The entire flow of VPR took 0.06 seconds (max_rss 29.5 MiB)
Fatal error occurred!
OpenFPGA Abort


Finish execution with 2 errors

The entire OpenFPGA flow took 0.056394 seconds

Thank you for using OpenFPGA!
Error 1: 
Type: Packing
File: /mnt/vault1/mfaroo19/OpenFPGA/vtr-verilog-to-routing/vpr/src/pack/cluster_util.cpp
Line: 1083
Message: Can not find any logic block that can implement molecule.
	Atom channel_router_0_op[339] (router_asc)

Error 2: Command 'vpr' execution has fatal errors
1