###############################################################
#  Generated by:      Cadence Innovus 21.19-s058_1
#  OS:                Linux x86_64(Host ID en4230429l)
#  Generated on:      Wed Mar  5 17:32:08 2025
#  Design:            router_wrap
#  Command:           summaryReport -noHtml -outfile reports/signoff.summaryReport.rpt
###############################################################


==============================
General Design Information
==============================
Design Status: Routed  
Design Name: router_wrap  
# Instances: 24178  
# Hard Macros: 0  
# Std Cells: 24178  
    ------------------------------
    Standard Cells in Netlist
    ------------------------------
               Cell Type   Instance Count  Area (um^2)  
                 AND2_X1              420         446.8800  
                 AND3_X1               15          19.9500  
               AOI211_X1               30          39.9000  
                AOI21_X1              100         106.4000  
               AOI221_X1               40          63.8400  
                AOI22_X1             1420        1888.6000  
                  BUF_X1               96          76.6080  
               CLKBUF_X1              329         262.5420  
               CLKBUF_X2               17          18.0880  
               CLKBUF_X3                7           9.3100  
           CLKGATETST_X1               65         259.3500  
           CLKGATETST_X4               38         202.1600  
           CLKGATETST_X8               17         131.1380  
              WELLTAP_X1              246         130.8720  
             FILLCELL_X1            11549        3072.0340  
            FILLCELL_X16              178         757.5680  
             FILLCELL_X2                4           1.0640  
            FILLCELL_X32               33         280.8960  
             FILLCELL_X4             2379        2531.2560  
             FILLCELL_X8              762        1621.5360  
                  INV_X1             1245         662.3400  
                  INV_X2                1           0.7980  
               LOGIC0_X1              405         215.4600  
               LOGIC1_X1               17           9.0440  
                 MUX2_X1               30          55.8600  
                NAND2_X1              825         658.3500  
                NAND3_X1              425         452.2000  
                NAND4_X1               30          39.9000  
                 NOR2_X1              560         446.8800  
                 NOR3_X1              120         127.6800  
                 NOR4_X1               10          13.3000  
               OAI211_X1              255         339.1500  
                OAI21_X1              180         191.5200  
               OAI221_X1               40          63.8400  
               OAI222_X1               10          21.2800  
                OAI22_X1               10          13.3000  
                  OR2_X1               45          47.8800  
                  OR3_X1               15          19.9500  
                 SDFF_X1             2200       13459.6000  
                XNOR2_X1               10          15.9600  
# Pads: 0  
# Net: 9864  
# Special Net: 10  
# IO Pins: 
    ------------------------------
    Issued IO Information
    ------------------------------
    # Unplaced IO Pin  0  
    # Floating IO  0  
    # IO Connected to Non-IO Inst  
        ------------------------------
        IO Connected to Non-IO Inst
        ------------------------------
                     IO Name      Non-IO Inst Name  
                        rst_  rtr_wrap/FE_OFC6_rst  
                         clk  rtr_wrap/CTS_ccl_a_buf_00033  
                  my_ypos[1]  rtr_wrap/ic_0/rc0/U19  
                  my_ypos[0]  rtr_wrap/ic_0/rc0/U21  
                  my_xpos[1]  rtr_wrap/ic_0/rc0/U7  
                  my_xpos[0]  rtr_wrap/ic_0/rc0/U5  
                   ilck_4[1]    rtr_wrap/oc_4/U103  
                   ilck_4[0]    rtr_wrap/oc_4/U100  
                   iack_4[1]     rtr_wrap/oc_4/U13  
                   iack_4[0]     rtr_wrap/oc_4/U23  
                      ovch_4  rtr_wrap/oc_4/ovch_reg_0_  
                    ovalid_4  rtr_wrap/oc_4/ovalid_reg  
                 odata_4[34]  rtr_wrap/oc_4/odata_reg_34_  
                 odata_4[33]  rtr_wrap/oc_4/odata_reg_33_  
                 odata_4[32]  rtr_wrap/oc_4/odata_reg_32_  
                 odata_4[31]  rtr_wrap/oc_4/odata_reg_31_  
                 odata_4[30]  rtr_wrap/oc_4/odata_reg_30_  
                 odata_4[29]  rtr_wrap/oc_4/odata_reg_29_  
                 odata_4[28]  rtr_wrap/oc_4/odata_reg_28_  
                 odata_4[27]  rtr_wrap/oc_4/odata_reg_27_  
                 odata_4[26]  rtr_wrap/oc_4/odata_reg_26_  
                 odata_4[25]  rtr_wrap/oc_4/odata_reg_25_  
                 odata_4[24]  rtr_wrap/oc_4/odata_reg_24_  
                 odata_4[23]  rtr_wrap/oc_4/odata_reg_23_  
                 odata_4[22]  rtr_wrap/oc_4/odata_reg_22_  
                 odata_4[21]  rtr_wrap/oc_4/odata_reg_21_  
                 odata_4[20]  rtr_wrap/oc_4/odata_reg_20_  
                 odata_4[19]  rtr_wrap/oc_4/odata_reg_19_  
                 odata_4[18]  rtr_wrap/oc_4/odata_reg_18_  
                 odata_4[17]  rtr_wrap/oc_4/odata_reg_17_  
                 odata_4[16]  rtr_wrap/oc_4/odata_reg_16_  
                 odata_4[15]  rtr_wrap/oc_4/odata_reg_15_  
                 odata_4[14]  rtr_wrap/oc_4/odata_reg_14_  
                 odata_4[13]  rtr_wrap/oc_4/odata_reg_13_  
                 odata_4[12]  rtr_wrap/oc_4/odata_reg_12_  
                 odata_4[11]  rtr_wrap/oc_4/odata_reg_11_  
                 odata_4[10]  rtr_wrap/oc_4/odata_reg_10_  
                  odata_4[9]  rtr_wrap/oc_4/odata_reg_9_  
                  odata_4[8]  rtr_wrap/oc_4/odata_reg_8_  
                  odata_4[7]  rtr_wrap/oc_4/odata_reg_7_  
                  odata_4[6]  rtr_wrap/oc_4/odata_reg_6_  
                  odata_4[5]  rtr_wrap/oc_4/odata_reg_5_  
                  odata_4[4]  rtr_wrap/oc_4/odata_reg_4_  
                  odata_4[3]  rtr_wrap/oc_4/odata_reg_3_  
                  odata_4[2]  rtr_wrap/oc_4/odata_reg_2_  
                  odata_4[1]  rtr_wrap/oc_4/odata_reg_1_  
                  odata_4[0]  rtr_wrap/oc_4/odata_reg_0_  
                   ilck_3[1]    rtr_wrap/oc_3/U103  
                   ilck_3[0]    rtr_wrap/oc_3/U100  
                   iack_3[1]     rtr_wrap/oc_3/U13  
                   iack_3[0]     rtr_wrap/oc_3/U23  
                      ovch_3  rtr_wrap/oc_3/ovch_reg_0_  
                    ovalid_3  rtr_wrap/oc_3/ovalid_reg  
                 odata_3[34]  rtr_wrap/oc_3/odata_reg_34_  
                 odata_3[33]  rtr_wrap/oc_3/odata_reg_33_  
                 odata_3[32]  rtr_wrap/oc_3/odata_reg_32_  
                 odata_3[31]  rtr_wrap/oc_3/odata_reg_31_  
                 odata_3[30]  rtr_wrap/oc_3/odata_reg_30_  
                 odata_3[29]  rtr_wrap/oc_3/odata_reg_29_  
                 odata_3[28]  rtr_wrap/oc_3/odata_reg_28_  
                 odata_3[27]  rtr_wrap/oc_3/odata_reg_27_  
                 odata_3[26]  rtr_wrap/oc_3/odata_reg_26_  
                 odata_3[25]  rtr_wrap/oc_3/odata_reg_25_  
                 odata_3[24]  rtr_wrap/oc_3/odata_reg_24_  
                 odata_3[23]  rtr_wrap/oc_3/odata_reg_23_  
                 odata_3[22]  rtr_wrap/oc_3/odata_reg_22_  
                 odata_3[21]  rtr_wrap/oc_3/odata_reg_21_  
                 odata_3[20]  rtr_wrap/oc_3/odata_reg_20_  
                 odata_3[19]  rtr_wrap/oc_3/odata_reg_19_  
                 odata_3[18]  rtr_wrap/oc_3/odata_reg_18_  
                 odata_3[17]  rtr_wrap/oc_3/odata_reg_17_  
                 odata_3[16]  rtr_wrap/oc_3/odata_reg_16_  
                 odata_3[15]  rtr_wrap/oc_3/odata_reg_15_  
                 odata_3[14]  rtr_wrap/oc_3/odata_reg_14_  
                 odata_3[13]  rtr_wrap/oc_3/odata_reg_13_  
                 odata_3[12]  rtr_wrap/oc_3/odata_reg_12_  
                 odata_3[11]  rtr_wrap/oc_3/odata_reg_11_  
                 odata_3[10]  rtr_wrap/oc_3/odata_reg_10_  
                  odata_3[9]  rtr_wrap/oc_3/odata_reg_9_  
                  odata_3[8]  rtr_wrap/oc_3/odata_reg_8_  
                  odata_3[7]  rtr_wrap/oc_3/odata_reg_7_  
                  odata_3[6]  rtr_wrap/oc_3/odata_reg_6_  
                  odata_3[5]  rtr_wrap/oc_3/odata_reg_5_  
                  odata_3[4]  rtr_wrap/oc_3/odata_reg_4_  
                  odata_3[3]  rtr_wrap/oc_3/odata_reg_3_  
                  odata_3[2]  rtr_wrap/oc_3/odata_reg_2_  
                  odata_3[1]  rtr_wrap/oc_3/odata_reg_1_  
                  odata_3[0]  rtr_wrap/oc_3/odata_reg_0_  
                   ilck_2[1]    rtr_wrap/oc_2/U103  
                   ilck_2[0]    rtr_wrap/oc_2/U100  
                   iack_2[1]     rtr_wrap/oc_2/U13  
                   iack_2[0]     rtr_wrap/oc_2/U23  
                      ovch_2  rtr_wrap/oc_2/ovch_reg_0_  
                    ovalid_2  rtr_wrap/oc_2/ovalid_reg  
                 odata_2[34]  rtr_wrap/oc_2/odata_reg_34_  
                 odata_2[33]  rtr_wrap/oc_2/odata_reg_33_  
                 odata_2[32]  rtr_wrap/oc_2/odata_reg_32_  
                 odata_2[31]  rtr_wrap/oc_2/odata_reg_31_  
                 odata_2[30]  rtr_wrap/oc_2/odata_reg_30_  
                 odata_2[29]  rtr_wrap/oc_2/odata_reg_29_  
                 odata_2[28]  rtr_wrap/oc_2/odata_reg_28_  
                 odata_2[27]  rtr_wrap/oc_2/odata_reg_27_  
                 odata_2[26]  rtr_wrap/oc_2/odata_reg_26_  
                 odata_2[25]  rtr_wrap/oc_2/odata_reg_25_  
                 odata_2[24]  rtr_wrap/oc_2/odata_reg_24_  
                 odata_2[23]  rtr_wrap/oc_2/odata_reg_23_  
                 odata_2[22]  rtr_wrap/oc_2/odata_reg_22_  
                 odata_2[21]  rtr_wrap/oc_2/odata_reg_21_  
                 odata_2[20]  rtr_wrap/oc_2/odata_reg_20_  
                 odata_2[19]  rtr_wrap/oc_2/odata_reg_19_  
                 odata_2[18]  rtr_wrap/oc_2/odata_reg_18_  
                 odata_2[17]  rtr_wrap/oc_2/odata_reg_17_  
                 odata_2[16]  rtr_wrap/oc_2/odata_reg_16_  
                 odata_2[15]  rtr_wrap/oc_2/odata_reg_15_  
                 odata_2[14]  rtr_wrap/oc_2/odata_reg_14_  
                 odata_2[13]  rtr_wrap/oc_2/odata_reg_13_  
                 odata_2[12]  rtr_wrap/oc_2/odata_reg_12_  
                 odata_2[11]  rtr_wrap/oc_2/odata_reg_11_  
                 odata_2[10]  rtr_wrap/oc_2/odata_reg_10_  
                  odata_2[9]  rtr_wrap/oc_2/odata_reg_9_  
                  odata_2[8]  rtr_wrap/oc_2/odata_reg_8_  
                  odata_2[7]  rtr_wrap/oc_2/odata_reg_7_  
                  odata_2[6]  rtr_wrap/oc_2/odata_reg_6_  
                  odata_2[5]  rtr_wrap/oc_2/odata_reg_5_  
                  odata_2[4]  rtr_wrap/oc_2/odata_reg_4_  
                  odata_2[3]  rtr_wrap/oc_2/odata_reg_3_  
                  odata_2[2]  rtr_wrap/oc_2/odata_reg_2_  
                  odata_2[1]  rtr_wrap/oc_2/odata_reg_1_  
                  odata_2[0]  rtr_wrap/oc_2/odata_reg_0_  
                   ilck_1[1]    rtr_wrap/oc_1/U103  
                   ilck_1[0]    rtr_wrap/oc_1/U100  
                   iack_1[1]     rtr_wrap/oc_1/U13  
                   iack_1[0]     rtr_wrap/oc_1/U23  
                      ovch_1  rtr_wrap/oc_1/ovch_reg_0_  
                    ovalid_1  rtr_wrap/oc_1/ovalid_reg  
                 odata_1[34]  rtr_wrap/oc_1/odata_reg_34_  
                 odata_1[33]  rtr_wrap/oc_1/odata_reg_33_  
                 odata_1[32]  rtr_wrap/oc_1/odata_reg_32_  
                 odata_1[31]  rtr_wrap/oc_1/odata_reg_31_  
                 odata_1[30]  rtr_wrap/oc_1/odata_reg_30_  
                 odata_1[29]  rtr_wrap/oc_1/odata_reg_29_  
                 odata_1[28]  rtr_wrap/oc_1/odata_reg_28_  
                 odata_1[27]  rtr_wrap/oc_1/odata_reg_27_  
                 odata_1[26]  rtr_wrap/oc_1/odata_reg_26_  
                 odata_1[25]  rtr_wrap/oc_1/odata_reg_25_  
                 odata_1[24]  rtr_wrap/oc_1/odata_reg_24_  
                 odata_1[23]  rtr_wrap/oc_1/odata_reg_23_  
                 odata_1[22]  rtr_wrap/oc_1/odata_reg_22_  
                 odata_1[21]  rtr_wrap/oc_1/odata_reg_21_  
                 odata_1[20]  rtr_wrap/oc_1/odata_reg_20_  
                 odata_1[19]  rtr_wrap/oc_1/odata_reg_19_  
                 odata_1[18]  rtr_wrap/oc_1/odata_reg_18_  
                 odata_1[17]  rtr_wrap/oc_1/odata_reg_17_  
                 odata_1[16]  rtr_wrap/oc_1/odata_reg_16_  
                 odata_1[15]  rtr_wrap/oc_1/odata_reg_15_  
                 odata_1[14]  rtr_wrap/oc_1/odata_reg_14_  
                 odata_1[13]  rtr_wrap/oc_1/odata_reg_13_  
                 odata_1[12]  rtr_wrap/oc_1/odata_reg_12_  
                 odata_1[11]  rtr_wrap/oc_1/odata_reg_11_  
                 odata_1[10]  rtr_wrap/oc_1/odata_reg_10_  
                  odata_1[9]  rtr_wrap/oc_1/odata_reg_9_  
                  odata_1[8]  rtr_wrap/oc_1/odata_reg_8_  
                  odata_1[7]  rtr_wrap/oc_1/odata_reg_7_  
                  odata_1[6]  rtr_wrap/oc_1/odata_reg_6_  
                  odata_1[5]  rtr_wrap/oc_1/odata_reg_5_  
                  odata_1[4]  rtr_wrap/oc_1/odata_reg_4_  
                  odata_1[3]  rtr_wrap/oc_1/odata_reg_3_  
                  odata_1[2]  rtr_wrap/oc_1/odata_reg_2_  
                  odata_1[1]  rtr_wrap/oc_1/odata_reg_1_  
                  odata_1[0]  rtr_wrap/oc_1/odata_reg_0_  
                   ilck_0[1]    rtr_wrap/oc_0/U103  
                   ilck_0[0]    rtr_wrap/oc_0/U100  
                   iack_0[1]     rtr_wrap/oc_0/U13  
                   iack_0[0]     rtr_wrap/oc_0/U23  
                      ovch_0  rtr_wrap/oc_0/ovch_reg_0_  
                    ovalid_0  rtr_wrap/oc_0/ovalid_reg  
                 odata_0[34]  rtr_wrap/oc_0/odata_reg_34_  
                 odata_0[33]  rtr_wrap/oc_0/odata_reg_33_  
                 odata_0[32]  rtr_wrap/oc_0/odata_reg_32_  
                 odata_0[31]  rtr_wrap/oc_0/odata_reg_31_  
                 odata_0[30]  rtr_wrap/oc_0/odata_reg_30_  
                 odata_0[29]  rtr_wrap/oc_0/odata_reg_29_  
                 odata_0[28]  rtr_wrap/oc_0/odata_reg_28_  
                 odata_0[27]  rtr_wrap/oc_0/odata_reg_27_  
                 odata_0[26]  rtr_wrap/oc_0/odata_reg_26_  
                 odata_0[25]  rtr_wrap/oc_0/odata_reg_25_  
                 odata_0[24]  rtr_wrap/oc_0/odata_reg_24_  
                 odata_0[23]  rtr_wrap/oc_0/odata_reg_23_  
                 odata_0[22]  rtr_wrap/oc_0/odata_reg_22_  
                 odata_0[21]  rtr_wrap/oc_0/odata_reg_21_  
                 odata_0[20]  rtr_wrap/oc_0/odata_reg_20_  
                 odata_0[19]  rtr_wrap/oc_0/odata_reg_19_  
                 odata_0[18]  rtr_wrap/oc_0/odata_reg_18_  
                 odata_0[17]  rtr_wrap/oc_0/odata_reg_17_  
                 odata_0[16]  rtr_wrap/oc_0/odata_reg_16_  
                 odata_0[15]  rtr_wrap/oc_0/odata_reg_15_  
                 odata_0[14]  rtr_wrap/oc_0/odata_reg_14_  
                 odata_0[13]  rtr_wrap/oc_0/odata_reg_13_  
                 odata_0[12]  rtr_wrap/oc_0/odata_reg_12_  
                 odata_0[11]  rtr_wrap/oc_0/odata_reg_11_  
                 odata_0[10]  rtr_wrap/oc_0/odata_reg_10_  
                  odata_0[9]  rtr_wrap/oc_0/odata_reg_9_  
                  odata_0[8]  rtr_wrap/oc_0/odata_reg_8_  
                  odata_0[7]  rtr_wrap/oc_0/odata_reg_7_  
                  odata_0[6]  rtr_wrap/oc_0/odata_reg_6_  
                  odata_0[5]  rtr_wrap/oc_0/odata_reg_5_  
                  odata_0[4]  rtr_wrap/oc_0/odata_reg_4_  
                  odata_0[3]  rtr_wrap/oc_0/odata_reg_3_  
                  odata_0[2]  rtr_wrap/oc_0/odata_reg_2_  
                  odata_0[1]  rtr_wrap/oc_0/odata_reg_1_  
                  odata_0[0]  rtr_wrap/oc_0/odata_reg_0_  
                   olck_4[1]  rtr_wrap/ic_4/vc_1/U4  
                   olck_4[0]  rtr_wrap/ic_4/vc_0/U4  
                   ordy_4[1]  rtr_wrap/ic_4/ibuf1/U274  
                   ordy_4[0]  rtr_wrap/ic_4/ibuf0/U274  
                   oack_4[1]  rtr_wrap/ic_4/vc_1/send_reg  
                   oack_4[0]  rtr_wrap/ic_4/vc_0/send_reg  
                      ivch_4  rtr_wrap/ic_4/FE_OFC208_ivch_4  
                    ivalid_4    rtr_wrap/ic_4/U173  
                 idata_4[34]    rtr_wrap/ic_4/U171  
                 idata_4[33]    rtr_wrap/ic_4/U169  
                 idata_4[32]    rtr_wrap/ic_4/U167  
                 idata_4[31]    rtr_wrap/ic_4/U165  
                 idata_4[30]    rtr_wrap/ic_4/U163  
                 idata_4[29]    rtr_wrap/ic_4/U161  
                 idata_4[28]    rtr_wrap/ic_4/U159  
                 idata_4[27]    rtr_wrap/ic_4/U157  
                 idata_4[26]    rtr_wrap/ic_4/U155  
                 idata_4[25]    rtr_wrap/ic_4/U153  
                 idata_4[24]    rtr_wrap/ic_4/U151  
                 idata_4[23]    rtr_wrap/ic_4/U149  
                 idata_4[22]    rtr_wrap/ic_4/U147  
                 idata_4[21]    rtr_wrap/ic_4/U145  
                 idata_4[20]    rtr_wrap/ic_4/U142  
                 idata_4[19]    rtr_wrap/ic_4/U140  
                 idata_4[18]    rtr_wrap/ic_4/U138  
                 idata_4[17]    rtr_wrap/ic_4/U136  
                 idata_4[16]    rtr_wrap/ic_4/U134  
                 idata_4[15]    rtr_wrap/ic_4/U132  
                 idata_4[14]    rtr_wrap/ic_4/U130  
                 idata_4[13]    rtr_wrap/ic_4/U128  
                 idata_4[12]    rtr_wrap/ic_4/U126  
                 idata_4[11]    rtr_wrap/ic_4/U124  
                 idata_4[10]    rtr_wrap/ic_4/U122  
                  idata_4[9]    rtr_wrap/ic_4/U120  
                  idata_4[8]    rtr_wrap/ic_4/U118  
                  idata_4[7]    rtr_wrap/ic_4/U116  
                  idata_4[6]    rtr_wrap/ic_4/U114  
                  idata_4[5]    rtr_wrap/ic_4/U112  
                  idata_4[4]    rtr_wrap/ic_4/U110  
                  idata_4[3]    rtr_wrap/ic_4/U108  
                  idata_4[2]    rtr_wrap/ic_4/U106  
                  idata_4[1]    rtr_wrap/ic_4/U104  
                  idata_4[0]    rtr_wrap/ic_4/U101  
                   olck_3[1]  rtr_wrap/ic_3/vc_1/U4  
                   olck_3[0]  rtr_wrap/ic_3/vc_0/U4  
                   ordy_3[1]  rtr_wrap/ic_3/ibuf1/U274  
                   ordy_3[0]  rtr_wrap/ic_3/ibuf0/U274  
                   oack_3[1]  rtr_wrap/ic_3/vc_1/send_reg  
                   oack_3[0]  rtr_wrap/ic_3/vc_0/send_reg  
                      ivch_3  rtr_wrap/ic_3/FE_OFC207_ivch_3  
                    ivalid_3    rtr_wrap/ic_3/U173  
                 idata_3[34]    rtr_wrap/ic_3/U171  
                 idata_3[33]    rtr_wrap/ic_3/U169  
                 idata_3[32]    rtr_wrap/ic_3/U167  
                 idata_3[31]    rtr_wrap/ic_3/U165  
                 idata_3[30]    rtr_wrap/ic_3/U163  
                 idata_3[29]    rtr_wrap/ic_3/U161  
                 idata_3[28]    rtr_wrap/ic_3/U159  
                 idata_3[27]    rtr_wrap/ic_3/U157  
                 idata_3[26]    rtr_wrap/ic_3/U155  
                 idata_3[25]    rtr_wrap/ic_3/U153  
                 idata_3[24]    rtr_wrap/ic_3/U151  
                 idata_3[23]    rtr_wrap/ic_3/U149  
                 idata_3[22]    rtr_wrap/ic_3/U147  
                 idata_3[21]    rtr_wrap/ic_3/U145  
                 idata_3[20]    rtr_wrap/ic_3/U142  
                 idata_3[19]    rtr_wrap/ic_3/U140  
                 idata_3[18]    rtr_wrap/ic_3/U138  
                 idata_3[17]    rtr_wrap/ic_3/U136  
                 idata_3[16]    rtr_wrap/ic_3/U134  
                 idata_3[15]    rtr_wrap/ic_3/U132  
                 idata_3[14]    rtr_wrap/ic_3/U130  
                 idata_3[13]    rtr_wrap/ic_3/U128  
                 idata_3[12]    rtr_wrap/ic_3/U126  
                 idata_3[11]    rtr_wrap/ic_3/U124  
                 idata_3[10]    rtr_wrap/ic_3/U122  
                  idata_3[9]    rtr_wrap/ic_3/U120  
                  idata_3[8]    rtr_wrap/ic_3/U118  
                  idata_3[7]    rtr_wrap/ic_3/U116  
                  idata_3[6]    rtr_wrap/ic_3/U114  
                  idata_3[5]    rtr_wrap/ic_3/U112  
                  idata_3[4]    rtr_wrap/ic_3/U110  
                  idata_3[3]    rtr_wrap/ic_3/U108  
                  idata_3[2]    rtr_wrap/ic_3/U106  
                  idata_3[1]    rtr_wrap/ic_3/U104  
                  idata_3[0]    rtr_wrap/ic_3/U101  
                   olck_2[1]  rtr_wrap/ic_2/vc_1/U4  
                   olck_2[0]  rtr_wrap/ic_2/vc_0/U4  
                   ordy_2[1]  rtr_wrap/ic_2/ibuf1/U274  
                   ordy_2[0]  rtr_wrap/ic_2/ibuf0/U274  
                   oack_2[1]  rtr_wrap/ic_2/vc_1/send_reg  
                   oack_2[0]  rtr_wrap/ic_2/vc_0/send_reg  
                      ivch_2  rtr_wrap/ic_2/FE_OFC206_ivch_2  
                    ivalid_2    rtr_wrap/ic_2/U173  
                 idata_2[34]    rtr_wrap/ic_2/U171  
                 idata_2[33]    rtr_wrap/ic_2/U169  
                 idata_2[32]    rtr_wrap/ic_2/U167  
                 idata_2[31]    rtr_wrap/ic_2/U165  
                 idata_2[30]    rtr_wrap/ic_2/U163  
                 idata_2[29]    rtr_wrap/ic_2/U161  
                 idata_2[28]    rtr_wrap/ic_2/U159  
                 idata_2[27]    rtr_wrap/ic_2/U157  
                 idata_2[26]    rtr_wrap/ic_2/U155  
                 idata_2[25]    rtr_wrap/ic_2/U153  
                 idata_2[24]    rtr_wrap/ic_2/U151  
                 idata_2[23]    rtr_wrap/ic_2/U149  
                 idata_2[22]    rtr_wrap/ic_2/U147  
                 idata_2[21]    rtr_wrap/ic_2/U145  
                 idata_2[20]    rtr_wrap/ic_2/U142  
                 idata_2[19]    rtr_wrap/ic_2/U140  
                 idata_2[18]    rtr_wrap/ic_2/U138  
                 idata_2[17]    rtr_wrap/ic_2/U136  
                 idata_2[16]    rtr_wrap/ic_2/U134  
                 idata_2[15]    rtr_wrap/ic_2/U132  
                 idata_2[14]    rtr_wrap/ic_2/U130  
                 idata_2[13]    rtr_wrap/ic_2/U128  
                 idata_2[12]    rtr_wrap/ic_2/U126  
                 idata_2[11]    rtr_wrap/ic_2/U124  
                 idata_2[10]    rtr_wrap/ic_2/U122  
                  idata_2[9]    rtr_wrap/ic_2/U120  
                  idata_2[8]    rtr_wrap/ic_2/U118  
                  idata_2[7]    rtr_wrap/ic_2/U116  
                  idata_2[6]    rtr_wrap/ic_2/U114  
                  idata_2[5]    rtr_wrap/ic_2/U112  
                  idata_2[4]    rtr_wrap/ic_2/U110  
                  idata_2[3]    rtr_wrap/ic_2/U108  
                  idata_2[2]    rtr_wrap/ic_2/U106  
                  idata_2[1]    rtr_wrap/ic_2/U104  
                  idata_2[0]    rtr_wrap/ic_2/U101  
                   olck_1[1]  rtr_wrap/ic_1/vc_1/U4  
                   olck_1[0]  rtr_wrap/ic_1/vc_0/U4  
                   ordy_1[1]    FE_OFC204_ordy_1_1  
                   ordy_1[0]  rtr_wrap/ic_1/ibuf0/U274  
                   oack_1[1]  rtr_wrap/ic_1/vc_1/send_reg  
                   oack_1[0]  rtr_wrap/ic_1/vc_0/send_reg  
                      ivch_1  rtr_wrap/ic_1/FE_OFC203_ivch_1  
                    ivalid_1    rtr_wrap/ic_1/U173  
                 idata_1[34]    rtr_wrap/ic_1/U171  
                 idata_1[33]    rtr_wrap/ic_1/U169  
                 idata_1[32]    rtr_wrap/ic_1/U167  
                 idata_1[31]    rtr_wrap/ic_1/U165  
                 idata_1[30]    rtr_wrap/ic_1/U163  
                 idata_1[29]    rtr_wrap/ic_1/U161  
                 idata_1[28]    rtr_wrap/ic_1/U159  
                 idata_1[27]    rtr_wrap/ic_1/U157  
                 idata_1[26]    rtr_wrap/ic_1/U155  
                 idata_1[25]    rtr_wrap/ic_1/U153  
                 idata_1[24]    rtr_wrap/ic_1/U151  
                 idata_1[23]    rtr_wrap/ic_1/U149  
                 idata_1[22]    rtr_wrap/ic_1/U147  
                 idata_1[21]    rtr_wrap/ic_1/U145  
                 idata_1[20]    rtr_wrap/ic_1/U142  
                 idata_1[19]    rtr_wrap/ic_1/U140  
                 idata_1[18]    rtr_wrap/ic_1/U138  
                 idata_1[17]    rtr_wrap/ic_1/U136  
                 idata_1[16]    rtr_wrap/ic_1/U134  
                 idata_1[15]    rtr_wrap/ic_1/U132  
                 idata_1[14]    rtr_wrap/ic_1/U130  
                 idata_1[13]    rtr_wrap/ic_1/U128  
                 idata_1[12]    rtr_wrap/ic_1/U126  
                 idata_1[11]    rtr_wrap/ic_1/U124  
                 idata_1[10]    rtr_wrap/ic_1/U122  
                  idata_1[9]    rtr_wrap/ic_1/U120  
                  idata_1[8]    rtr_wrap/ic_1/U118  
                  idata_1[7]    rtr_wrap/ic_1/U116  
                  idata_1[6]    rtr_wrap/ic_1/U114  
                  idata_1[5]    rtr_wrap/ic_1/U112  
                  idata_1[4]    rtr_wrap/ic_1/U110  
                  idata_1[3]    rtr_wrap/ic_1/U108  
                  idata_1[2]    rtr_wrap/ic_1/U106  
                  idata_1[1]    rtr_wrap/ic_1/U104  
                  idata_1[0]    rtr_wrap/ic_1/U101  
                   olck_0[1]  rtr_wrap/ic_0/vc_1/U4  
                   olck_0[0]  rtr_wrap/ic_0/vc_0/U4  
                   ordy_0[1]  rtr_wrap/ic_0/ibuf1/U274  
                   ordy_0[0]  rtr_wrap/ic_0/ibuf0/U272  
                   oack_0[1]  rtr_wrap/ic_0/vc_1/send_reg  
                   oack_0[0]  rtr_wrap/ic_0/vc_0/send_reg  
                      ivch_0  rtr_wrap/ic_0/FE_OFC202_ivch_0  
                    ivalid_0    rtr_wrap/ic_0/U173  
                 idata_0[34]    rtr_wrap/ic_0/U171  
                 idata_0[33]    rtr_wrap/ic_0/U169  
                 idata_0[32]    rtr_wrap/ic_0/U167  
                 idata_0[31]    rtr_wrap/ic_0/U165  
                 idata_0[30]    rtr_wrap/ic_0/U163  
                 idata_0[29]    rtr_wrap/ic_0/U161  
                 idata_0[28]    rtr_wrap/ic_0/U159  
                 idata_0[27]    rtr_wrap/ic_0/U157  
                 idata_0[26]    rtr_wrap/ic_0/U155  
                 idata_0[25]    rtr_wrap/ic_0/U153  
                 idata_0[24]    rtr_wrap/ic_0/U151  
                 idata_0[23]    rtr_wrap/ic_0/U149  
                 idata_0[22]    rtr_wrap/ic_0/U147  
                 idata_0[21]    rtr_wrap/ic_0/U145  
                 idata_0[20]    rtr_wrap/ic_0/U142  
                 idata_0[19]    rtr_wrap/ic_0/U140  
                 idata_0[18]    rtr_wrap/ic_0/U138  
                 idata_0[17]    rtr_wrap/ic_0/U136  
                 idata_0[16]    rtr_wrap/ic_0/U134  
                 idata_0[15]    rtr_wrap/ic_0/U132  
                 idata_0[14]    rtr_wrap/ic_0/U130  
                 idata_0[13]    rtr_wrap/ic_0/U128  
                 idata_0[12]    rtr_wrap/ic_0/U126  
                 idata_0[11]    rtr_wrap/ic_0/U124  
                 idata_0[10]    rtr_wrap/ic_0/U122  
                  idata_0[9]    rtr_wrap/ic_0/U120  
                  idata_0[8]    rtr_wrap/ic_0/U118  
                  idata_0[7]    rtr_wrap/ic_0/U116  
                  idata_0[6]    rtr_wrap/ic_0/U114  
                  idata_0[5]    rtr_wrap/ic_0/U112  
                  idata_0[4]    rtr_wrap/ic_0/U110  
                  idata_0[3]    rtr_wrap/ic_0/U108  
                  idata_0[2]    rtr_wrap/ic_0/U106  
                  idata_0[1]    rtr_wrap/ic_0/U104  
                  idata_0[0]    rtr_wrap/ic_0/U101  426  426  
# Pins: 
    ------------------------------
    Correctness of Pin Connectivity for All Instances
    ------------------------------
    # Floating Terms  0  
    # Output Term Marked Tie Hi/Lo  0  
    # Output Term Shorted to PG Net  0  33837  
# PG Pins: 
    ------------------------------
    Correctness of PG Pin Connectivity for All Instances
    ------------------------------
    # Instances that No Net Defined for Any PG Pin  0  
    # Floating PG Terms  0  
    # PG Pins Connect to Non-PG Net  0  
    # Power Pins Connect Ground Net  0  
    # Ground Pins Connect Power Net  0  48356  
Average Pins Per Net(Signal): 3.430  

==============================
General Library Information
==============================
# Routing Layers: 10  
# Masterslice Layers: 2  
# Pin Layers: 
    General Caution:
        1) Library have metal1 and metal4 pins, you should setPlaceMode -prerouteAsObs {1 2 3}                                 to ensure these pins are accessible after placement

    ------------------------------
    Pin Layers
    ------------------------------
    metal4  
    metal1  2  
# Layers: 
    ------------------------------
    Layer OVERLAP Information
    ------------------------------
    Type  Overlap  
    ------------------------------
    Layer metal10 Information
    ------------------------------
    Type  Routing  
    Wire Pitch X  1.600 um  
    Wire Pitch Y  1.600 um  
    Offset X  0.095 um  
    Offset Y  0.070 um  
    Wire Width  0.800 um  
    Spacing  0.800 um  
    ------------------------------
    Layer via9 Information
    ------------------------------
    Type  Cut  
    Wire Width  0.800 um  
    Vias  
        ------------------------------
        Via list in layer via9
        ------------------------------
                Vias in via9  Default  
                      via9_0      Yes  For complete list click here  
    Multiple Orientation Vias  CAUTION: There is only one default via in this layer  
    ------------------------------
    Layer metal9 Information
    ------------------------------
    Type  Routing  
    Wire Pitch X  1.600 um  
    Wire Pitch Y  1.600 um  
    Offset X  0.095 um  
    Offset Y  0.070 um  
    Wire Width  0.800 um  
    Spacing  0.800 um  
    ------------------------------
    Layer via8 Information
    ------------------------------
    Type  Cut  
    Wire Width  0.400 um  
    Vias  
        ------------------------------
        Via list in layer via8
        ------------------------------
                Vias in via8  Default  
                      via8_0      Yes  For complete list click here  
    Multiple Orientation Vias  CAUTION: There is only one default via in this layer  
    ------------------------------
    Layer metal8 Information
    ------------------------------
    Type  Routing  
    Wire Pitch X  0.800 um  
    Wire Pitch Y  0.800 um  
    Offset X  0.095 um  
    Offset Y  0.070 um  
    Wire Width  0.400 um  
    Spacing  0.400 um  
    ------------------------------
    Layer via7 Information
    ------------------------------
    Type  Cut  
    Wire Width  0.400 um  
    Vias  
        ------------------------------
        Via list in layer via7
        ------------------------------
                Vias in via7  Default  
                      via7_0      Yes  For complete list click here  
    Multiple Orientation Vias  CAUTION: There is only one default via in this layer  
    ------------------------------
    Layer metal7 Information
    ------------------------------
    Type  Routing  
    Wire Pitch X  0.800 um  
    Wire Pitch Y  0.800 um  
    Offset X  0.095 um  
    Offset Y  0.070 um  
    Wire Width  0.400 um  
    Spacing  0.400 um  
    ------------------------------
    Layer via6 Information
    ------------------------------
    Type  Cut  
    Wire Width  0.140 um  
    Vias  
        ------------------------------
        Via list in layer via6
        ------------------------------
                Vias in via6  Default  
                      via6_0      Yes  For complete list click here  
    Multiple Orientation Vias  CAUTION: There is only one default via in this layer  
    ------------------------------
    Layer metal6 Information
    ------------------------------
    Type  Routing  
    Wire Pitch X  0.280 um  
    Wire Pitch Y  0.280 um  
    Offset X  0.095 um  
    Offset Y  0.070 um  
    Wire Width  0.140 um  
    Spacing  0.140 um  
    ------------------------------
    Layer via5 Information
    ------------------------------
    Type  Cut  
    Wire Width  0.140 um  
    Vias  
        ------------------------------
        Via list in layer via5
        ------------------------------
                Vias in via5  Default  
                      via5_0      Yes  For complete list click here  
    Multiple Orientation Vias  CAUTION: There is only one default via in this layer  
    ------------------------------
    Layer metal5 Information
    ------------------------------
    Type  Routing  
    Wire Pitch X  0.280 um  
    Wire Pitch Y  0.280 um  
    Offset X  0.095 um  
    Offset Y  0.070 um  
    Wire Width  0.140 um  
    Spacing  0.140 um  
    ------------------------------
    Layer via4 Information
    ------------------------------
    Type  Cut  
    Wire Width  0.140 um  
    Vias  
        ------------------------------
        Via list in layer via4
        ------------------------------
                Vias in via4  Default  
                      via4_0      Yes  For complete list click here  
    Multiple Orientation Vias  CAUTION: There is only one default via in this layer  
    ------------------------------
    Layer metal4 Information
    ------------------------------
    Type  Routing  
    Wire Pitch X  0.280 um  
    Wire Pitch Y  0.280 um  
    Offset X  0.095 um  
    Offset Y  0.070 um  
    Wire Width  0.140 um  
    Spacing  0.140 um  
    ------------------------------
    Layer via3 Information
    ------------------------------
    Type  Cut  
    Wire Width  0.070 um  
    Vias  
        ------------------------------
        Via list in layer via3
        ------------------------------
                Vias in via3  Default  
                      via3_1      Yes  
                      via3_0      Yes  
                      via3_2      Yes  For complete list click here  
    ------------------------------
    Layer metal3 Information
    ------------------------------
    Type  Routing  
    Wire Pitch X  0.140 um  
    Wire Pitch Y  0.140 um  
    Offset X  0.095 um  
    Offset Y  0.070 um  
    Wire Width  0.070 um  
    Spacing  0.070 um  
    ------------------------------
    Layer via2 Information
    ------------------------------
    Type  Cut  
    Wire Width  0.070 um  
    Vias  
        ------------------------------
        Via list in layer via2
        ------------------------------
                Vias in via2  Default  
                      via2_3      Yes  
                      via2_2      Yes  
                      via2_1      Yes  
                      via2_0      Yes  
                      via2_6      Yes  
                      via2_7      Yes  
                      via2_5      Yes  
                      via2_4      Yes  
                      via2_8      Yes  For complete list click here  
    ------------------------------
    Layer metal2 Information
    ------------------------------
    Type  Routing  
    Wire Pitch X  0.190 um  
    Wire Pitch Y  0.190 um  
    Offset X  0.095 um  
    Offset Y  0.070 um  
    Wire Width  0.070 um  
    Spacing  0.070 um  
    ------------------------------
    Layer via1 Information
    ------------------------------
    Type  Cut  
    Wire Width  0.070 um  
    Vias  
        ------------------------------
        Via list in layer via1
        ------------------------------
                Vias in via1  Default  
                      via1_8      Yes  
                      via1_7      Yes  
                      via1_6      Yes  
                      via1_5      Yes  
                      via1_3      Yes  
                      via1_2      Yes  
                      via1_1      Yes  
                      via1_0      Yes  
                      via1_4      Yes  For complete list click here  
    ------------------------------
    Layer metal1 Information
    ------------------------------
    Type  Routing  
    Wire Pitch X  0.140 um  
    Wire Pitch Y  0.140 um  
    Offset X  0.095 um  
    Offset Y  0.070 um  
    Wire Width  0.070 um  
    Spacing  0.065 um  
    ------------------------------
    Layer active Information
    ------------------------------
    Type  Masterslice  
    ------------------------------
    Layer poly Information
    ------------------------------
    Type  Masterslice  22  
# Pins without Physical Port: 0  
# Pins in Library without Timing Lib: 0  
# Pins Missing Direction: 0  
Antenna Summary Report: 
    General Caution:
        1) All Antenna Constructs are absent for the layer section of LEF.
    ------------------------------
    These Pins have antenna info
    ------------------------------
               Cell Name      List of Pin Name  
                 AND2_X1                    ZN  
                 AND2_X1                    A2  
                 AND2_X1                    A1  
                 AND2_X2                    ZN  
                 AND2_X2                    A2  
                 AND2_X2                    A1  
                 AND2_X4                    ZN  
                 AND2_X4                    A2  
                 AND2_X4                    A1  
                 AND3_X1                    ZN  
                 AND3_X1                    A3  
                 AND3_X1                    A2  
                 AND3_X1                    A1  
                 AND3_X2                    ZN  
                 AND3_X2                    A3  
                 AND3_X2                    A2  
                 AND3_X2                    A1  
                 AND3_X4                    ZN  
                 AND3_X4                    A3  
                 AND3_X4                    A2  
                 AND3_X4                    A1  
                 AND4_X1                    ZN  
                 AND4_X1                    A4  
                 AND4_X1                    A3  
                 AND4_X1                    A2  
                 AND4_X1                    A1  
                 AND4_X2                    ZN  
                 AND4_X2                    A4  
                 AND4_X2                    A3  
                 AND4_X2                    A2  
                 AND4_X2                    A1  
                 AND4_X4                    ZN  
                 AND4_X4                    A4  
                 AND4_X4                    A3  
                 AND4_X4                    A2  
                 AND4_X4                    A1  
              ANTENNA_X1                     A  
               AOI211_X1                    ZN  
               AOI211_X1                    C2  
               AOI211_X1                    C1  
               AOI211_X1                     B  
               AOI211_X1                     A  
               AOI211_X2                    ZN  
               AOI211_X2                    C2  
               AOI211_X2                    C1  
               AOI211_X2                     B  
               AOI211_X2                     A  
               AOI211_X4                    ZN  
               AOI211_X4                    C2  
               AOI211_X4                    C1  
               AOI211_X4                     B  
               AOI211_X4                     A  
                AOI21_X1                    ZN  
                AOI21_X1                    B2  
                AOI21_X1                    B1  
                AOI21_X1                     A  
                AOI21_X2                    ZN  
                AOI21_X2                    B2  
                AOI21_X2                    B1  
                AOI21_X2                     A  
                AOI21_X4                    ZN  
                AOI21_X4                    B2  
                AOI21_X4                    B1  
                AOI21_X4                     A  
               AOI221_X1                    ZN  
               AOI221_X1                    C2  
               AOI221_X1                    C1  
               AOI221_X1                    B2  
               AOI221_X1                    B1  
               AOI221_X1                     A  
               AOI221_X2                    ZN  
               AOI221_X2                    C2  
               AOI221_X2                    C1  
               AOI221_X2                    B2  
               AOI221_X2                    B1  
               AOI221_X2                     A  
               AOI221_X4                    ZN  
               AOI221_X4                    C2  
               AOI221_X4                    C1  
               AOI221_X4                    B2  
               AOI221_X4                    B1  
               AOI221_X4                     A  
               AOI222_X1                    ZN  
               AOI222_X1                    C2  
               AOI222_X1                    C1  
               AOI222_X1                    B2  
               AOI222_X1                    B1  
               AOI222_X1                    A2  
               AOI222_X1                    A1  
               AOI222_X2                    ZN  
               AOI222_X2                    C2  
               AOI222_X2                    C1  
               AOI222_X2                    B2  
               AOI222_X2                    B1  
               AOI222_X2                    A2  
               AOI222_X2                    A1  
               AOI222_X4                    ZN  
               AOI222_X4                    C2  
               AOI222_X4                    C1  
               AOI222_X4                    B2  
               AOI222_X4                    B1  
               AOI222_X4                    A2  
               AOI222_X4                    A1  
                AOI22_X1                    ZN  
                AOI22_X1                    B2  
                AOI22_X1                    B1  
                AOI22_X1                    A2  
                AOI22_X1                    A1  
                AOI22_X2                    ZN  
                AOI22_X2                    B2  
                AOI22_X2                    B1  
                AOI22_X2                    A2  
                AOI22_X2                    A1  
                AOI22_X4                    ZN  
                AOI22_X4                    B2  
                AOI22_X4                    B1  
                AOI22_X4                    A2  
                AOI22_X4                    A1  
                  BUF_X1                     Z  
                  BUF_X1                     A  
                 BUF_X16                     Z  
                 BUF_X16                     A  
                  BUF_X2                     Z  
                  BUF_X2                     A  
                 BUF_X32                     Z  
                 BUF_X32                     A  
                  BUF_X4                     Z  
                  BUF_X4                     A  
                  BUF_X8                     Z  
                  BUF_X8                     A  
               CLKBUF_X1                     Z  
               CLKBUF_X1                     A  
               CLKBUF_X2                     Z  
               CLKBUF_X2                     A  
               CLKBUF_X3                     Z  
               CLKBUF_X3                     A  
           CLKGATETST_X1                   GCK  
           CLKGATETST_X1                    SE  
           CLKGATETST_X1                     E  
           CLKGATETST_X1                    CK  
           CLKGATETST_X2                   GCK  
           CLKGATETST_X2                    SE  
           CLKGATETST_X2                     E  
           CLKGATETST_X2                    CK  
           CLKGATETST_X4                   GCK  
           CLKGATETST_X4                    SE  
           CLKGATETST_X4                     E  
           CLKGATETST_X4                    CK  
           CLKGATETST_X8                   GCK  
           CLKGATETST_X8                    SE  
           CLKGATETST_X8                     E  
           CLKGATETST_X8                    CK  
              CLKGATE_X1                   GCK  
              CLKGATE_X1                     E  
              CLKGATE_X1                    CK  
              CLKGATE_X2                   GCK  
              CLKGATE_X2                     E  
              CLKGATE_X2                    CK  
              CLKGATE_X4                   GCK  
              CLKGATE_X4                     E  
              CLKGATE_X4                    CK  
              CLKGATE_X8                   GCK  
              CLKGATE_X8                     E  
              CLKGATE_X8                    CK  
                DFFRS_X1                    QN  
                DFFRS_X1                     Q  
                DFFRS_X1                    CK  
                DFFRS_X1                    SN  
                DFFRS_X1                    RN  
                DFFRS_X1                     D  
                DFFRS_X2                    QN  
                DFFRS_X2                     Q  
                DFFRS_X2                    CK  
                DFFRS_X2                    SN  
                DFFRS_X2                    RN  
                DFFRS_X2                     D  
                 DFFR_X1                    QN  
                 DFFR_X1                     Q  
                 DFFR_X1                    CK  
                 DFFR_X1                    RN  
                 DFFR_X1                     D  
                 DFFR_X2                    QN  
                 DFFR_X2                     Q  
                 DFFR_X2                    CK  
                 DFFR_X2                    RN  
                 DFFR_X2                     D  
                 DFFS_X1                    QN  
                 DFFS_X1                     Q  
                 DFFS_X1                    CK  
                 DFFS_X1                    SN  
                 DFFS_X1                     D  
                 DFFS_X2                    QN  
                 DFFS_X2                     Q  
                 DFFS_X2                    CK  
                 DFFS_X2                    SN  
                 DFFS_X2                     D  
                  DFF_X1                    QN  
                  DFF_X1                     Q  
                  DFF_X1                    CK  
                  DFF_X1                     D  
                  DFF_X2                    QN  
                  DFF_X2                     Q  
                  DFF_X2                    CK  
                  DFF_X2                     D  
                  DLH_X1                     Q  
                  DLH_X1                     G  
                  DLH_X1                     D  
                  DLH_X2                     Q  
                  DLH_X2                     G  
                  DLH_X2                     D  
                  DLL_X1                     Q  
                  DLL_X1                    GN  
                  DLL_X1                     D  
                  DLL_X2                     Q  
                  DLL_X2                    GN  
                  DLL_X2                     D  
                   FA_X1                     S  
                   FA_X1                    CO  
                   FA_X1                    CI  
                   FA_X1                     B  
                   FA_X1                     A  
                   HA_X1                     S  
                   HA_X1                    CO  
                   HA_X1                     B  
                   HA_X1                     A  
                  INV_X1                    ZN  
                  INV_X1                     A  
                 INV_X16                    ZN  
                 INV_X16                     A  
                  INV_X2                    ZN  
                  INV_X2                     A  
                 INV_X32                    ZN  
                 INV_X32                     A  
                  INV_X4                    ZN  
                  INV_X4                     A  
                  INV_X8                    ZN  
                  INV_X8                     A  
               LOGIC0_X1                     Z  
               LOGIC1_X1                     Z  
                 MUX2_X1                     Z  
                 MUX2_X1                     S  
                 MUX2_X1                     B  
                 MUX2_X1                     A  
                 MUX2_X2                     Z  
                 MUX2_X2                     S  
                 MUX2_X2                     B  
                 MUX2_X2                     A  
                NAND2_X1                    ZN  
                NAND2_X1                    A2  
                NAND2_X1                    A1  
                NAND2_X2                    ZN  
                NAND2_X2                    A2  
                NAND2_X2                    A1  
                NAND2_X4                    ZN  
                NAND2_X4                    A2  
                NAND2_X4                    A1  
                NAND3_X1                    ZN  
                NAND3_X1                    A3  
                NAND3_X1                    A2  
                NAND3_X1                    A1  
                NAND3_X2                    ZN  
                NAND3_X2                    A3  
                NAND3_X2                    A2  
                NAND3_X2                    A1  
                NAND3_X4                    ZN  
                NAND3_X4                    A3  
                NAND3_X4                    A2  
                NAND3_X4                    A1  
                NAND4_X1                    ZN  
                NAND4_X1                    A4  
                NAND4_X1                    A3  
                NAND4_X1                    A2  
                NAND4_X1                    A1  
                NAND4_X2                    ZN  
                NAND4_X2                    A4  
                NAND4_X2                    A3  
                NAND4_X2                    A2  
                NAND4_X2                    A1  
                NAND4_X4                    ZN  
                NAND4_X4                    A4  
                NAND4_X4                    A3  
                NAND4_X4                    A2  
                NAND4_X4                    A1  
                 NOR2_X1                    ZN  
                 NOR2_X1                    A2  
                 NOR2_X1                    A1  
                 NOR2_X2                    ZN  
                 NOR2_X2                    A2  
                 NOR2_X2                    A1  
                 NOR2_X4                    ZN  
                 NOR2_X4                    A2  
                 NOR2_X4                    A1  
                 NOR3_X1                    ZN  
                 NOR3_X1                    A3  
                 NOR3_X1                    A2  
                 NOR3_X1                    A1  
                 NOR3_X2                    ZN  
                 NOR3_X2                    A3  
                 NOR3_X2                    A2  
                 NOR3_X2                    A1  
                 NOR3_X4                    ZN  
                 NOR3_X4                    A3  
                 NOR3_X4                    A2  
                 NOR3_X4                    A1  
                 NOR4_X1                    ZN  
                 NOR4_X1                    A4  
                 NOR4_X1                    A3  
                 NOR4_X1                    A2  
                 NOR4_X1                    A1  
                 NOR4_X2                    ZN  
                 NOR4_X2                    A4  
                 NOR4_X2                    A3  
                 NOR4_X2                    A2  
                 NOR4_X2                    A1  
                 NOR4_X4                    ZN  
                 NOR4_X4                    A4  
                 NOR4_X4                    A3  
                 NOR4_X4                    A2  
                 NOR4_X4                    A1  
               OAI211_X1                    ZN  
               OAI211_X1                    C2  
               OAI211_X1                    C1  
               OAI211_X1                     B  
               OAI211_X1                     A  
               OAI211_X2                    ZN  
               OAI211_X2                    C2  
               OAI211_X2                    C1  
               OAI211_X2                     B  
               OAI211_X2                     A  
               OAI211_X4                    ZN  
               OAI211_X4                    C2  
               OAI211_X4                    C1  
               OAI211_X4                     B  
               OAI211_X4                     A  
                OAI21_X1                    ZN  
                OAI21_X1                    B2  
                OAI21_X1                    B1  
                OAI21_X1                     A  
                OAI21_X2                    ZN  
                OAI21_X2                    B2  
                OAI21_X2                    B1  
                OAI21_X2                     A  
                OAI21_X4                    ZN  
                OAI21_X4                    B2  
                OAI21_X4                    B1  
                OAI21_X4                     A  
               OAI221_X1                    ZN  
               OAI221_X1                    C2  
               OAI221_X1                    C1  
               OAI221_X1                    B2  
               OAI221_X1                    B1  
               OAI221_X1                     A  
               OAI221_X2                    ZN  
               OAI221_X2                    C2  
               OAI221_X2                    C1  
               OAI221_X2                    B2  
               OAI221_X2                    B1  
               OAI221_X2                     A  
               OAI221_X4                    ZN  
               OAI221_X4                    C2  
               OAI221_X4                    C1  
               OAI221_X4                    B2  
               OAI221_X4                    B1  
               OAI221_X4                     A  
               OAI222_X1                    ZN  
               OAI222_X1                    C2  
               OAI222_X1                    C1  
               OAI222_X1                    B2  
               OAI222_X1                    B1  
               OAI222_X1                    A2  
               OAI222_X1                    A1  
               OAI222_X2                    ZN  
               OAI222_X2                    C2  
               OAI222_X2                    C1  
               OAI222_X2                    B2  
               OAI222_X2                    B1  
               OAI222_X2                    A2  
               OAI222_X2                    A1  
               OAI222_X4                    ZN  
               OAI222_X4                    C2  
               OAI222_X4                    C1  
               OAI222_X4                    B2  
               OAI222_X4                    B1  
               OAI222_X4                    A2  
               OAI222_X4                    A1  
                OAI22_X1                    ZN  
                OAI22_X1                    B2  
                OAI22_X1                    B1  
                OAI22_X1                    A2  
                OAI22_X1                    A1  
                OAI22_X2                    ZN  
                OAI22_X2                    B2  
                OAI22_X2                    B1  
                OAI22_X2                    A2  
                OAI22_X2                    A1  
                OAI22_X4                    ZN  
                OAI22_X4                    B2  
                OAI22_X4                    B1  
                OAI22_X4                    A2  
                OAI22_X4                    A1  
                OAI33_X1                    ZN  
                OAI33_X1                    B3  
                OAI33_X1                    B2  
                OAI33_X1                    B1  
                OAI33_X1                    A3  
                OAI33_X1                    A2  
                OAI33_X1                    A1  
                  OR2_X1                    ZN  
                  OR2_X1                    A2  
                  OR2_X1                    A1  
                  OR2_X2                    ZN  
                  OR2_X2                    A2  
                  OR2_X2                    A1  
                  OR2_X4                    ZN  
                  OR2_X4                    A2  
                  OR2_X4                    A1  
                  OR3_X1                    ZN  
                  OR3_X1                    A3  
                  OR3_X1                    A2  
                  OR3_X1                    A1  
                  OR3_X2                    ZN  
                  OR3_X2                    A3  
                  OR3_X2                    A2  
                  OR3_X2                    A1  
                  OR3_X4                    ZN  
                  OR3_X4                    A3  
                  OR3_X4                    A2  
                  OR3_X4                    A1  
                  OR4_X1                    ZN  
                  OR4_X1                    A4  
                  OR4_X1                    A3  
                  OR4_X1                    A2  
                  OR4_X1                    A1  
                  OR4_X2                    ZN  
                  OR4_X2                    A4  
                  OR4_X2                    A3  
                  OR4_X2                    A2  
                  OR4_X2                    A1  
                  OR4_X4                    ZN  
                  OR4_X4                    A4  
                  OR4_X4                    A3  
                  OR4_X4                    A2  
                  OR4_X4                    A1  
               SDFFRS_X1                    QN  
               SDFFRS_X1                     Q  
               SDFFRS_X1                    CK  
               SDFFRS_X1                    SN  
               SDFFRS_X1                    SI  
               SDFFRS_X1                    SE  
               SDFFRS_X1                    RN  
               SDFFRS_X1                     D  
               SDFFRS_X2                    QN  
               SDFFRS_X2                     Q  
               SDFFRS_X2                    CK  
               SDFFRS_X2                    SN  
               SDFFRS_X2                    SI  
               SDFFRS_X2                    SE  
               SDFFRS_X2                    RN  
               SDFFRS_X2                     D  
                SDFFR_X1                    QN  
                SDFFR_X1                     Q  
                SDFFR_X1                    CK  
                SDFFR_X1                    SI  
                SDFFR_X1                    SE  
                SDFFR_X1                    RN  
                SDFFR_X1                     D  
                SDFFR_X2                    QN  
                SDFFR_X2                     Q  
                SDFFR_X2                    CK  
                SDFFR_X2                    SI  
                SDFFR_X2                    SE  
                SDFFR_X2                    RN  
                SDFFR_X2                     D  
                SDFFS_X1                    QN  
                SDFFS_X1                     Q  
                SDFFS_X1                    CK  
                SDFFS_X1                    SN  
                SDFFS_X1                    SI  
                SDFFS_X1                    SE  
                SDFFS_X1                     D  
                SDFFS_X2                    QN  
                SDFFS_X2                     Q  
                SDFFS_X2                    CK  
                SDFFS_X2                    SN  
                SDFFS_X2                    SI  
                SDFFS_X2                    SE  
                SDFFS_X2                     D  
                 SDFF_X1                    QN  
                 SDFF_X1                     Q  
                 SDFF_X1                    CK  
                 SDFF_X1                    SI  
                 SDFF_X1                    SE  
                 SDFF_X1                     D  
                 SDFF_X2                    QN  
                 SDFF_X2                     Q  
                 SDFF_X2                    CK  
                 SDFF_X2                    SI  
                 SDFF_X2                    SE  
                 SDFF_X2                     D  
                 TBUF_X1                     Z  
                 TBUF_X1                    EN  
                 TBUF_X1                     A  
                TBUF_X16                     Z  
                TBUF_X16                    EN  
                TBUF_X16                     A  
                 TBUF_X2                     Z  
                 TBUF_X2                    EN  
                 TBUF_X2                     A  
                 TBUF_X4                     Z  
                 TBUF_X4                    EN  
                 TBUF_X4                     A  
                 TBUF_X8                     Z  
                 TBUF_X8                    EN  
                 TBUF_X8                     A  
                 TINV_X1                    ZN  
                 TINV_X1                     I  
                 TINV_X1                    EN  
                 TLAT_X1                     Q  
                 TLAT_X1                    OE  
                 TLAT_X1                     G  
                 TLAT_X1                     D  
                XNOR2_X1                    ZN  
                XNOR2_X1                     B  
                XNOR2_X1                     A  
                XNOR2_X2                    ZN  
                XNOR2_X2                     B  
                XNOR2_X2                     A  
                 XOR2_X1                     Z  
                 XOR2_X1                     B  
                 XOR2_X1                     A  
                 XOR2_X2                     Z  
                 XOR2_X2                     B  
                 XOR2_X2                     A  For more information click here  
# Cells Missing LEF Info: 0  
# Cells with Dimension Errors: 0  

==============================
Netlist Information
==============================
# HFO (>200) Nets: 0  
# No-driven Nets: 516  
    General Caution:
        1) TODO
    No-driven Nets  
    rtr_wrap/oc_4/clk_gate_cnt1_reg/TE  
    rtr_wrap/oc_4/clk_gate_cnt0_reg/TE  
    rtr_wrap/oc_4/clk_gate_ovalid_reg/TE  
    rtr_wrap/oc_3/clk_gate_cnt1_reg/TE  
    rtr_wrap/oc_3/clk_gate_cnt0_reg/TE  
    rtr_wrap/oc_3/clk_gate_ovalid_reg/TE  
    rtr_wrap/oc_2/clk_gate_cnt1_reg/TE  
    rtr_wrap/oc_2/clk_gate_cnt0_reg/TE  
    rtr_wrap/oc_2/clk_gate_ovalid_reg/TE  
    rtr_wrap/oc_1/clk_gate_cnt1_reg/TE  
    rtr_wrap/oc_1/clk_gate_cnt0_reg/TE  
    rtr_wrap/oc_1/clk_gate_ovalid_reg/TE  
    rtr_wrap/oc_0/clk_gate_cnt1_reg/TE  
    rtr_wrap/oc_0/clk_gate_cnt0_reg/TE  
    rtr_wrap/oc_0/clk_gate_ovalid_reg/TE  
    rtr_wrap/cb/muxcont_4/clk_gate_last_reg/TE  
    rtr_wrap/cb/muxcont_4/a0/rst_  
    rtr_wrap/cb/muxcont_4/a0/clk  
    rtr_wrap/cb/muxcont_4/a0/grt[0]  
    rtr_wrap/cb/muxcont_4/grt0[0]  
    rtr_wrap/cb/muxcont_3/clk_gate_last_reg/TE  
    rtr_wrap/cb/muxcont_3/a0/rst_  
    rtr_wrap/cb/muxcont_3/a0/clk  
    rtr_wrap/cb/muxcont_3/req[0]  
    rtr_wrap/cb/muxcont_2/clk_gate_last_reg/TE  
    rtr_wrap/cb/muxcont_2/a0/rst_  
    rtr_wrap/cb/muxcont_2/a0/clk  
    rtr_wrap/cb/muxcont_2/a0/grt[0]  
    rtr_wrap/cb/muxcont_1/clk_gate_last_reg/TE  
    rtr_wrap/cb/muxcont_1/a0/rst_  
    rtr_wrap/cb/muxcont_1/a0/clk  
    rtr_wrap/cb/muxcont_1/a0/grt[0]  
    rtr_wrap/cb/muxcont_1/grt0[0]  
    rtr_wrap/cb/muxcont_0/clk_gate_last_reg/TE  
    rtr_wrap/cb/muxcont_0/a0/rst_  
    rtr_wrap/cb/muxcont_0/a0/clk  
    rtr_wrap/ic_4/ibuf1/clk_gate_ram_reg_4_/TE  
    rtr_wrap/ic_4/ibuf1/clk_gate_ram_reg_3_/TE  
    rtr_wrap/ic_4/ibuf1/clk_gate_ram_reg_2_/TE  
    rtr_wrap/ic_4/ibuf1/clk_gate_ram_reg_1_/TE  
    rtr_wrap/ic_4/ibuf1/clk_gate_ram_reg_0_/TE  
    rtr_wrap/ic_4/ibuf1/clk_gate_d_cnt_reg/TE  
    rtr_wrap/ic_4/ibuf1/clk_gate_rd_addr_reg/TE  
    rtr_wrap/ic_4/ibuf1/clk_gate_wr_addr_reg/TE  
    rtr_wrap/ic_4/ibuf1/d_cnt[1]  
    rtr_wrap/ic_4/ibuf1/full  
    rtr_wrap/ic_4/ibuf1/empty  
    rtr_wrap/ic_4/ibuf0/clk_gate_ram_reg_4_/TE  
    rtr_wrap/ic_4/ibuf0/clk_gate_ram_reg_3_/TE  
    rtr_wrap/ic_4/ibuf0/clk_gate_ram_reg_2_/TE  
    rtr_wrap/ic_4/ibuf0/clk_gate_ram_reg_1_/TE  
    rtr_wrap/ic_4/ibuf0/clk_gate_ram_reg_0_/TE  
    rtr_wrap/ic_4/ibuf0/clk_gate_d_cnt_reg/TE  
    rtr_wrap/ic_4/ibuf0/clk_gate_rd_addr_reg/TE  
    rtr_wrap/ic_4/ibuf0/clk_gate_wr_addr_reg/TE  
    rtr_wrap/ic_4/ibuf0/d_cnt[1]  
    rtr_wrap/ic_4/ibuf0/full  
    rtr_wrap/ic_4/ibuf0/empty  
    rtr_wrap/ic_4/rc1/clk_gate_ovch1_reg/TE  
    rtr_wrap/ic_4/rc0/clk_gate_ovch1_reg/TE  
    rtr_wrap/ic_4/vc_1/clk_gate_send_reg/TE  
    rtr_wrap/ic_4/vc_0/clk_gate_send_reg/TE  
    rtr_wrap/ic_4/net34085  
    rtr_wrap/ic_4/net34084  
    rtr_wrap/ic_4/net34083  
    rtr_wrap/ic_4/net34088  
    rtr_wrap/ic_4/net34087  
    rtr_wrap/ic_4/net34086  
    rtr_wrap/ic_4/net34120  
    rtr_wrap/ic_4/net34119  
    rtr_wrap/ic_4/net34118  
    rtr_wrap/ic_4/net34117  
    rtr_wrap/ic_4/net34116  
    rtr_wrap/ic_4/net34115  
    rtr_wrap/ic_4/net34114  
    rtr_wrap/ic_4/net34113  
    rtr_wrap/ic_4/net34112  
    rtr_wrap/ic_4/net34111  
    rtr_wrap/ic_4/net34110  
    rtr_wrap/ic_4/net34109  
    rtr_wrap/ic_4/net34108  
    rtr_wrap/ic_4/net34107  
    rtr_wrap/ic_4/net34106  
    rtr_wrap/ic_4/net34105  
    rtr_wrap/ic_4/net34104  
    rtr_wrap/ic_4/net34103  
    rtr_wrap/ic_4/net34102  
    rtr_wrap/ic_4/net34101  
    rtr_wrap/ic_4/net34100  
    rtr_wrap/ic_4/net34099  
    rtr_wrap/ic_4/net34098  
    rtr_wrap/ic_4/net34097  
    rtr_wrap/ic_4/net34096  
    rtr_wrap/ic_4/net34095  
    rtr_wrap/ic_4/net34094  
    rtr_wrap/ic_4/net34093  
    rtr_wrap/ic_4/net34092  
    rtr_wrap/ic_4/net34091  
    rtr_wrap/ic_4/net34090  
    rtr_wrap/ic_4/net34089  
    rtr_wrap/ic_4/net34152  
    rtr_wrap/ic_4/net34151  
    rtr_wrap/ic_4/net34150  
    rtr_wrap/ic_4/net34149  
    rtr_wrap/ic_4/net34148  
    rtr_wrap/ic_4/net34147  
    rtr_wrap/ic_4/net34146  
    rtr_wrap/ic_4/net34145  
    rtr_wrap/ic_4/net34144  
    rtr_wrap/ic_4/net34143  
    rtr_wrap/ic_4/net34142  
    rtr_wrap/ic_4/net34141  
    rtr_wrap/ic_4/net34140  
    rtr_wrap/ic_4/net34139  
    rtr_wrap/ic_4/net34138  
    rtr_wrap/ic_4/net34137  
    rtr_wrap/ic_4/net34136  
    rtr_wrap/ic_4/net34135  
    rtr_wrap/ic_4/net34134  
    rtr_wrap/ic_4/net34133  
    rtr_wrap/ic_4/net34132  
    rtr_wrap/ic_4/net34131  
    rtr_wrap/ic_4/net34130  
    rtr_wrap/ic_4/net34129  
    rtr_wrap/ic_4/net34128  
    rtr_wrap/ic_4/net34127  
    rtr_wrap/ic_4/net34126  
    rtr_wrap/ic_4/net34125  
    rtr_wrap/ic_4/net34124  
    rtr_wrap/ic_4/net34123  
    rtr_wrap/ic_4/net34122  
    rtr_wrap/ic_4/net34121  
    rtr_wrap/ic_3/ibuf1/clk_gate_ram_reg_4_/TE  
    rtr_wrap/ic_3/ibuf1/clk_gate_ram_reg_3_/TE  
    rtr_wrap/ic_3/ibuf1/clk_gate_ram_reg_2_/TE  
    rtr_wrap/ic_3/ibuf1/clk_gate_ram_reg_1_/TE  
    rtr_wrap/ic_3/ibuf1/clk_gate_ram_reg_0_/TE  
    rtr_wrap/ic_3/ibuf1/clk_gate_d_cnt_reg/TE  
    rtr_wrap/ic_3/ibuf1/clk_gate_rd_addr_reg/TE  
    rtr_wrap/ic_3/ibuf1/clk_gate_wr_addr_reg/TE  
    rtr_wrap/ic_3/ibuf1/d_cnt[1]  
    rtr_wrap/ic_3/ibuf1/full  
    rtr_wrap/ic_3/ibuf1/empty  
    rtr_wrap/ic_3/ibuf0/clk_gate_ram_reg_4_/TE  
    rtr_wrap/ic_3/ibuf0/clk_gate_ram_reg_3_/TE  
    rtr_wrap/ic_3/ibuf0/clk_gate_ram_reg_2_/TE  
    rtr_wrap/ic_3/ibuf0/clk_gate_ram_reg_1_/TE  
    rtr_wrap/ic_3/ibuf0/clk_gate_ram_reg_0_/TE  
    rtr_wrap/ic_3/ibuf0/clk_gate_d_cnt_reg/TE  
    rtr_wrap/ic_3/ibuf0/clk_gate_rd_addr_reg/TE  
    rtr_wrap/ic_3/ibuf0/clk_gate_wr_addr_reg/TE  
    rtr_wrap/ic_3/ibuf0/d_cnt[1]  
    rtr_wrap/ic_3/ibuf0/full  
    rtr_wrap/ic_3/ibuf0/empty  
    rtr_wrap/ic_3/rc1/clk_gate_ovch1_reg/TE  
    rtr_wrap/ic_3/rc0/clk_gate_ovch1_reg/TE  
    rtr_wrap/ic_3/vc_1/clk_gate_send_reg/TE  
    rtr_wrap/ic_3/vc_0/clk_gate_send_reg/TE  
    rtr_wrap/ic_3/net34155  
    rtr_wrap/ic_3/net34154  
    rtr_wrap/ic_3/net34153  
    rtr_wrap/ic_3/net34158  
    rtr_wrap/ic_3/net34157  
    rtr_wrap/ic_3/net34156  
    rtr_wrap/ic_3/net34190  
    rtr_wrap/ic_3/net34189  
    rtr_wrap/ic_3/net34188  
    rtr_wrap/ic_3/net34187  
    rtr_wrap/ic_3/net34186  
    rtr_wrap/ic_3/net34185  
    rtr_wrap/ic_3/net34184  
    rtr_wrap/ic_3/net34183  
    rtr_wrap/ic_3/net34182  
    rtr_wrap/ic_3/net34181  
    rtr_wrap/ic_3/net34180  
    rtr_wrap/ic_3/net34179  
    rtr_wrap/ic_3/net34178  
    rtr_wrap/ic_3/net34177  
    rtr_wrap/ic_3/net34176  
    rtr_wrap/ic_3/net34175  
    rtr_wrap/ic_3/net34174  
    rtr_wrap/ic_3/net34173  
    rtr_wrap/ic_3/net34172  
    rtr_wrap/ic_3/net34171  
    rtr_wrap/ic_3/net34170  
    rtr_wrap/ic_3/net34169  
    rtr_wrap/ic_3/net34168  
    rtr_wrap/ic_3/net34167  
    rtr_wrap/ic_3/net34166  
    rtr_wrap/ic_3/net34165  
    rtr_wrap/ic_3/net34164  
    rtr_wrap/ic_3/net34163  
    rtr_wrap/ic_3/net34162  
    rtr_wrap/ic_3/net34161  
    rtr_wrap/ic_3/net34160  
    rtr_wrap/ic_3/net34159  
    rtr_wrap/ic_3/net34222  
    rtr_wrap/ic_3/net34221  
    rtr_wrap/ic_3/net34220  
    rtr_wrap/ic_3/net34219  
    rtr_wrap/ic_3/net34218  
    rtr_wrap/ic_3/net34217  
    rtr_wrap/ic_3/net34216  
    rtr_wrap/ic_3/net34215  
    rtr_wrap/ic_3/net34214  
    rtr_wrap/ic_3/net34213  
    rtr_wrap/ic_3/net34212  
    rtr_wrap/ic_3/net34211  
    rtr_wrap/ic_3/net34210  
    rtr_wrap/ic_3/net34209  
    rtr_wrap/ic_3/net34208  
    rtr_wrap/ic_3/net34207  
    rtr_wrap/ic_3/net34206  
    rtr_wrap/ic_3/net34205  
    rtr_wrap/ic_3/net34204  
    rtr_wrap/ic_3/net34203  
    rtr_wrap/ic_3/net34202  
    rtr_wrap/ic_3/net34201  
    rtr_wrap/ic_3/net34200  
    rtr_wrap/ic_3/net34199  
    rtr_wrap/ic_3/net34198  
    rtr_wrap/ic_3/net34197  
    rtr_wrap/ic_3/net34196  
    rtr_wrap/ic_3/net34195  
    rtr_wrap/ic_3/net34194  
    rtr_wrap/ic_3/net34193  
    rtr_wrap/ic_3/net34192  
    rtr_wrap/ic_3/net34191  
    rtr_wrap/ic_2/ibuf1/clk_gate_ram_reg_4_/TE  
    rtr_wrap/ic_2/ibuf1/clk_gate_ram_reg_3_/TE  
    rtr_wrap/ic_2/ibuf1/clk_gate_ram_reg_2_/TE  
    rtr_wrap/ic_2/ibuf1/clk_gate_ram_reg_1_/TE  
    rtr_wrap/ic_2/ibuf1/clk_gate_ram_reg_0_/TE  
    rtr_wrap/ic_2/ibuf1/clk_gate_d_cnt_reg/TE  
    rtr_wrap/ic_2/ibuf1/clk_gate_rd_addr_reg/TE  
    rtr_wrap/ic_2/ibuf1/clk_gate_wr_addr_reg/TE  
    rtr_wrap/ic_2/ibuf1/d_cnt[1]  
    rtr_wrap/ic_2/ibuf1/full  
    rtr_wrap/ic_2/ibuf1/empty  
    rtr_wrap/ic_2/ibuf0/clk_gate_ram_reg_4_/TE  
    rtr_wrap/ic_2/ibuf0/clk_gate_ram_reg_3_/TE  
    rtr_wrap/ic_2/ibuf0/clk_gate_ram_reg_2_/TE  
    rtr_wrap/ic_2/ibuf0/clk_gate_ram_reg_1_/TE  
    rtr_wrap/ic_2/ibuf0/clk_gate_ram_reg_0_/TE  
    rtr_wrap/ic_2/ibuf0/clk_gate_d_cnt_reg/TE  
    rtr_wrap/ic_2/ibuf0/clk_gate_rd_addr_reg/TE  
    rtr_wrap/ic_2/ibuf0/clk_gate_wr_addr_reg/TE  
    rtr_wrap/ic_2/ibuf0/d_cnt[1]  
    rtr_wrap/ic_2/ibuf0/full  
    rtr_wrap/ic_2/ibuf0/empty  
    rtr_wrap/ic_2/rc1/clk_gate_ovch1_reg/TE  
    rtr_wrap/ic_2/rc0/clk_gate_ovch1_reg/TE  
    rtr_wrap/ic_2/vc_1/clk_gate_send_reg/TE  
    rtr_wrap/ic_2/vc_0/clk_gate_send_reg/TE  
    rtr_wrap/ic_2/net34225  
    rtr_wrap/ic_2/net34224  
    rtr_wrap/ic_2/net34223  
    rtr_wrap/ic_2/net34228  
    rtr_wrap/ic_2/net34227  
    rtr_wrap/ic_2/net34226  
    rtr_wrap/ic_2/net34260  
    rtr_wrap/ic_2/net34259  
    rtr_wrap/ic_2/net34258  
    rtr_wrap/ic_2/net34257  
    rtr_wrap/ic_2/net34256  
    rtr_wrap/ic_2/net34255  
    rtr_wrap/ic_2/net34254  
    rtr_wrap/ic_2/net34253  
    rtr_wrap/ic_2/net34252  
    rtr_wrap/ic_2/net34251  
    rtr_wrap/ic_2/net34250  
    rtr_wrap/ic_2/net34249  
    rtr_wrap/ic_2/net34248  
    rtr_wrap/ic_2/net34247  
    rtr_wrap/ic_2/net34246  
    rtr_wrap/ic_2/net34245  
    rtr_wrap/ic_2/net34244  
    rtr_wrap/ic_2/net34243  
    rtr_wrap/ic_2/net34242  
    rtr_wrap/ic_2/net34241  
    rtr_wrap/ic_2/net34240  
    rtr_wrap/ic_2/net34239  
    rtr_wrap/ic_2/net34238  
    rtr_wrap/ic_2/net34237  
    rtr_wrap/ic_2/net34236  
    rtr_wrap/ic_2/net34235  
    rtr_wrap/ic_2/net34234  
    rtr_wrap/ic_2/net34233  
    rtr_wrap/ic_2/net34232  
    rtr_wrap/ic_2/net34231  
    rtr_wrap/ic_2/net34230  
    rtr_wrap/ic_2/net34229  
    rtr_wrap/ic_2/net34292  
    rtr_wrap/ic_2/net34291  
    rtr_wrap/ic_2/net34290  
    rtr_wrap/ic_2/net34289  
    rtr_wrap/ic_2/net34288  
    rtr_wrap/ic_2/net34287  
    rtr_wrap/ic_2/net34286  
    rtr_wrap/ic_2/net34285  
    rtr_wrap/ic_2/net34284  
    rtr_wrap/ic_2/net34283  
    rtr_wrap/ic_2/net34282  
    rtr_wrap/ic_2/net34281  
    rtr_wrap/ic_2/net34280  
    rtr_wrap/ic_2/net34279  
    rtr_wrap/ic_2/net34278  
    rtr_wrap/ic_2/net34277  
    rtr_wrap/ic_2/net34276  
    rtr_wrap/ic_2/net34275  
    rtr_wrap/ic_2/net34274  
    rtr_wrap/ic_2/net34273  
    rtr_wrap/ic_2/net34272  
    rtr_wrap/ic_2/net34271  
    rtr_wrap/ic_2/net34270  
    rtr_wrap/ic_2/net34269  
    rtr_wrap/ic_2/net34268  
    rtr_wrap/ic_2/net34267  
    rtr_wrap/ic_2/net34266  
    rtr_wrap/ic_2/net34265  
    rtr_wrap/ic_2/net34264  
    rtr_wrap/ic_2/net34263  
    rtr_wrap/ic_2/net34262  
    rtr_wrap/ic_2/net34261  
    rtr_wrap/ic_1/ibuf1/clk_gate_ram_reg_4_/TE  
    rtr_wrap/ic_1/ibuf1/clk_gate_ram_reg_3_/TE  
    rtr_wrap/ic_1/ibuf1/clk_gate_ram_reg_2_/TE  
    rtr_wrap/ic_1/ibuf1/clk_gate_ram_reg_1_/TE  
    rtr_wrap/ic_1/ibuf1/clk_gate_ram_reg_0_/TE  
    rtr_wrap/ic_1/ibuf1/clk_gate_d_cnt_reg/TE  
    rtr_wrap/ic_1/ibuf1/clk_gate_rd_addr_reg/TE  
    rtr_wrap/ic_1/ibuf1/clk_gate_wr_addr_reg/TE  
    rtr_wrap/ic_1/ibuf1/d_cnt[1]  
    rtr_wrap/ic_1/ibuf1/full  
    rtr_wrap/ic_1/ibuf1/empty  
    rtr_wrap/ic_1/ibuf0/clk_gate_ram_reg_4_/TE  
    rtr_wrap/ic_1/ibuf0/clk_gate_ram_reg_3_/TE  
    rtr_wrap/ic_1/ibuf0/clk_gate_ram_reg_2_/TE  
    rtr_wrap/ic_1/ibuf0/clk_gate_ram_reg_1_/TE  
    rtr_wrap/ic_1/ibuf0/clk_gate_ram_reg_0_/TE  
    rtr_wrap/ic_1/ibuf0/clk_gate_d_cnt_reg/TE  
    rtr_wrap/ic_1/ibuf0/clk_gate_rd_addr_reg/TE  
    rtr_wrap/ic_1/ibuf0/clk_gate_wr_addr_reg/TE  
    rtr_wrap/ic_1/ibuf0/d_cnt[1]  
    rtr_wrap/ic_1/ibuf0/full  
    rtr_wrap/ic_1/ibuf0/empty  
    rtr_wrap/ic_1/rc1/clk_gate_ovch1_reg/TE  
    rtr_wrap/ic_1/rc0/clk_gate_ovch1_reg/TE  
    rtr_wrap/ic_1/vc_1/clk_gate_send_reg/TE  
    rtr_wrap/ic_1/vc_0/clk_gate_send_reg/TE  
    rtr_wrap/ic_1/net34295  
    rtr_wrap/ic_1/net34294  
    rtr_wrap/ic_1/net34293  
    rtr_wrap/ic_1/net34298  
    rtr_wrap/ic_1/net34297  
    rtr_wrap/ic_1/net34296  
    rtr_wrap/ic_1/net34330  
    rtr_wrap/ic_1/net34329  
    rtr_wrap/ic_1/net34328  
    rtr_wrap/ic_1/net34327  
    rtr_wrap/ic_1/net34326  
    rtr_wrap/ic_1/net34325  
    rtr_wrap/ic_1/net34324  
    rtr_wrap/ic_1/net34323  
    rtr_wrap/ic_1/net34322  
    rtr_wrap/ic_1/net34321  
    rtr_wrap/ic_1/net34320  
    rtr_wrap/ic_1/net34319  
    rtr_wrap/ic_1/net34318  
    rtr_wrap/ic_1/net34317  
    rtr_wrap/ic_1/net34316  
    rtr_wrap/ic_1/net34315  
    rtr_wrap/ic_1/net34314  
    rtr_wrap/ic_1/net34313  
    rtr_wrap/ic_1/net34312  
    rtr_wrap/ic_1/net34311  
    rtr_wrap/ic_1/net34310  
    rtr_wrap/ic_1/net34309  
    rtr_wrap/ic_1/net34308  
    rtr_wrap/ic_1/net34307  
    rtr_wrap/ic_1/net34306  
    rtr_wrap/ic_1/net34305  
    rtr_wrap/ic_1/net34304  
    rtr_wrap/ic_1/net34303  
    rtr_wrap/ic_1/net34302  
    rtr_wrap/ic_1/net34301  
    rtr_wrap/ic_1/net34300  
    rtr_wrap/ic_1/net34299  
    rtr_wrap/ic_1/net34362  
    rtr_wrap/ic_1/net34361  
    rtr_wrap/ic_1/net34360  
    rtr_wrap/ic_1/net34359  
    rtr_wrap/ic_1/net34358  
    rtr_wrap/ic_1/net34357  
    rtr_wrap/ic_1/net34356  
    rtr_wrap/ic_1/net34355  
    rtr_wrap/ic_1/net34354  
    rtr_wrap/ic_1/net34353  
    rtr_wrap/ic_1/net34352  
    rtr_wrap/ic_1/net34351  
    rtr_wrap/ic_1/net34350  
    rtr_wrap/ic_1/net34349  
    rtr_wrap/ic_1/net34348  
    rtr_wrap/ic_1/net34347  
    rtr_wrap/ic_1/net34346  
    rtr_wrap/ic_1/net34345  
    rtr_wrap/ic_1/net34344  
    rtr_wrap/ic_1/net34343  
    rtr_wrap/ic_1/net34342  
    rtr_wrap/ic_1/net34341  
    rtr_wrap/ic_1/net34340  
    rtr_wrap/ic_1/net34339  
    rtr_wrap/ic_1/net34338  
    rtr_wrap/ic_1/net34337  
    rtr_wrap/ic_1/net34336  
    rtr_wrap/ic_1/net34335  
    rtr_wrap/ic_1/net34334  
    rtr_wrap/ic_1/net34333  
    rtr_wrap/ic_1/net34332  
    rtr_wrap/ic_1/net34331  
    rtr_wrap/ic_0/ibuf1/clk_gate_ram_reg_4_/TE  
    rtr_wrap/ic_0/ibuf1/clk_gate_ram_reg_3_/TE  
    rtr_wrap/ic_0/ibuf1/clk_gate_ram_reg_2_/TE  
    rtr_wrap/ic_0/ibuf1/clk_gate_ram_reg_1_/TE  
    rtr_wrap/ic_0/ibuf1/clk_gate_ram_reg_0_/TE  
    rtr_wrap/ic_0/ibuf1/clk_gate_d_cnt_reg/TE  
    rtr_wrap/ic_0/ibuf1/clk_gate_rd_addr_reg/TE  
    rtr_wrap/ic_0/ibuf1/clk_gate_wr_addr_reg/TE  
    rtr_wrap/ic_0/ibuf1/d_cnt[1]  
    rtr_wrap/ic_0/ibuf1/full  
    rtr_wrap/ic_0/ibuf1/empty  
    rtr_wrap/ic_0/ibuf0/clk_gate_ram_reg_4_/TE  
    rtr_wrap/ic_0/ibuf0/clk_gate_ram_reg_3_/TE  
    rtr_wrap/ic_0/ibuf0/clk_gate_ram_reg_2_/TE  
    rtr_wrap/ic_0/ibuf0/clk_gate_ram_reg_1_/TE  
    rtr_wrap/ic_0/ibuf0/clk_gate_ram_reg_0_/TE  
    rtr_wrap/ic_0/ibuf0/clk_gate_d_cnt_reg/TE  
    rtr_wrap/ic_0/ibuf0/clk_gate_rd_addr_reg/TE  
    rtr_wrap/ic_0/ibuf0/clk_gate_wr_addr_reg/TE  
    rtr_wrap/ic_0/ibuf0/d_cnt[1]  
    rtr_wrap/ic_0/ibuf0/full  
    rtr_wrap/ic_0/ibuf0/empty  
    rtr_wrap/ic_0/rc1/clk_gate_ovch1_reg/TE  
    rtr_wrap/ic_0/rc0/clk_gate_ovch1_reg/TE  
    rtr_wrap/ic_0/vc_1/clk_gate_send_reg/TE  
    rtr_wrap/ic_0/vc_0/clk_gate_send_reg/TE  
    rtr_wrap/ic_0/net34365  
    rtr_wrap/ic_0/net34364  
    rtr_wrap/ic_0/net34363  
    rtr_wrap/ic_0/net34368  
    rtr_wrap/ic_0/net34367  
    rtr_wrap/ic_0/net34366  
    rtr_wrap/ic_0/net34400  
    rtr_wrap/ic_0/net34399  
    rtr_wrap/ic_0/net34398  
    rtr_wrap/ic_0/net34397  
    rtr_wrap/ic_0/net34396  
    rtr_wrap/ic_0/net34395  
    rtr_wrap/ic_0/net34394  
    rtr_wrap/ic_0/net34393  
    rtr_wrap/ic_0/net34392  
    rtr_wrap/ic_0/net34391  
    rtr_wrap/ic_0/net34390  
    rtr_wrap/ic_0/net34389  
    rtr_wrap/ic_0/net34388  
    rtr_wrap/ic_0/net34387  
    rtr_wrap/ic_0/net34386  
    rtr_wrap/ic_0/net34385  
    rtr_wrap/ic_0/net34384  
    rtr_wrap/ic_0/net34383  
    rtr_wrap/ic_0/net34382  
    rtr_wrap/ic_0/net34381  
    rtr_wrap/ic_0/net34380  
    rtr_wrap/ic_0/net34379  
    rtr_wrap/ic_0/net34378  
    rtr_wrap/ic_0/net34377  
    rtr_wrap/ic_0/net34376  
    rtr_wrap/ic_0/net34375  
    rtr_wrap/ic_0/net34374  
    rtr_wrap/ic_0/net34373  
    rtr_wrap/ic_0/net34372  
    rtr_wrap/ic_0/net34371  
    rtr_wrap/ic_0/net34370  
    rtr_wrap/ic_0/net34369  
    rtr_wrap/ic_0/net34432  
    rtr_wrap/ic_0/net34431  
    rtr_wrap/ic_0/net34430  
    rtr_wrap/ic_0/net34429  
    rtr_wrap/ic_0/net34428  
    rtr_wrap/ic_0/net34427  
    rtr_wrap/ic_0/net34426  
    rtr_wrap/ic_0/net34425  
    rtr_wrap/ic_0/net34424  
    rtr_wrap/ic_0/net34423  
    rtr_wrap/ic_0/net34422  
    rtr_wrap/ic_0/net34421  
    rtr_wrap/ic_0/net34420  
    rtr_wrap/ic_0/net34419  
    rtr_wrap/ic_0/net34418  
    rtr_wrap/ic_0/net34417  
    rtr_wrap/ic_0/net34416  
    rtr_wrap/ic_0/net34415  
    rtr_wrap/ic_0/net34414  
    rtr_wrap/ic_0/net34413  
    rtr_wrap/ic_0/net34412  
    rtr_wrap/ic_0/net34411  
    rtr_wrap/ic_0/net34410  
    rtr_wrap/ic_0/net34409  
    rtr_wrap/ic_0/net34408  
    rtr_wrap/ic_0/net34407  
    rtr_wrap/ic_0/net34406  
    rtr_wrap/ic_0/net34405  
    rtr_wrap/ic_0/net34404  
    rtr_wrap/ic_0/net34403  
    rtr_wrap/ic_0/net34402  
    rtr_wrap/ic_0/net34401  
# Multi-driven Nets: 0  
# Assign Statements: 0  
Is Design Uniquified: YES  
# Pins in Netlist without timing lib: 0  

==============================

==============================
: Internal  External  
No of Nets:       9338           0  
No of Connections:      24925           0  
Total Net Length (X): 7.7903e+04  0.0000e+00  
Total Net Length (Y): 5.6277e+04  0.0000e+00  
Total Net Length: 1.3418e+05  0.0000e+00  

==============================
Timing Information
==============================
# Clocks in design: 
    ------------------------------
    Clocks in Design
    ------------------------------
    analysis_default/ideal_clock  1  
# Generated clocks: 0  
# "dont_use" cells from .libs: 
    ------------------------------
    Dont_use Cell List
    ------------------------------
    ANTENNA_X1  
    WELLTAP_X1  
    FILLCELL_X1  
    FILLCELL_X16  
    FILLCELL_X2  
    FILLCELL_X32  
    FILLCELL_X4  
    FILLCELL_X8  
    LOGIC0_X1  
    LOGIC1_X1  10  
# "dont_touch" cells from .libs: 
    ------------------------------
    Dont_touch Cell List
    ------------------------------
    ANTENNA_X1  
    WELLTAP_X1  
    FILLCELL_X1  
    FILLCELL_X16  
    FILLCELL_X2  
    FILLCELL_X32  
    FILLCELL_X4  
    FILLCELL_X8  
    LOGIC0_X1  
    LOGIC1_X1  10  
# Cells in .lib with max_tran: 
    ------------------------------
    Cell List with max_tran
    ------------------------------
               Cell Name  Max Transition (ps)  
                 AND2_X1  198  
                 AND2_X2  198  
                 AND2_X4  198  
                 AND3_X1  198  
                 AND3_X2  198  
                 AND3_X4  198  
                 AND4_X1  198  
                 AND4_X2  198  
                 AND4_X4  198  
              ANTENNA_X1  198  
               AOI211_X1  198  
               AOI211_X2  198  
               AOI211_X4  198  
                AOI21_X1  198  
                AOI21_X2  198  
                AOI21_X4  198  
               AOI221_X1  198  
               AOI221_X2  198  
               AOI221_X4  198  
               AOI222_X1  198  
               AOI222_X2  198  
               AOI222_X4  198  
                AOI22_X1  198  
                AOI22_X2  198  
                AOI22_X4  198  
                  BUF_X1  198  
                 BUF_X16  198  
                  BUF_X2  198  
                 BUF_X32  198  
                  BUF_X4  198  
                  BUF_X8  198  
               CLKBUF_X1  198  
               CLKBUF_X2  198  
               CLKBUF_X3  198  
           CLKGATETST_X1  198  
           CLKGATETST_X2  198  
           CLKGATETST_X4  198  
           CLKGATETST_X8  198  
              CLKGATE_X1  198  
              CLKGATE_X2  198  
              CLKGATE_X4  198  
              CLKGATE_X8  198  
                DFFRS_X1  198  
                DFFRS_X2  198  
                 DFFR_X1  198  
                 DFFR_X2  198  
                 DFFS_X1  198  
                 DFFS_X2  198  
                  DFF_X1  198  
                  DFF_X2  198  
                  DLH_X1  198  
                  DLH_X2  198  
                  DLL_X1  198  
                  DLL_X2  198  
                   FA_X1  198  
                   HA_X1  198  
                  INV_X1  198  
                 INV_X16  198  
                  INV_X2  198  
                 INV_X32  198  
                  INV_X4  198  
                  INV_X8  198  
               LOGIC0_X1  198  
               LOGIC1_X1  198  
                 MUX2_X1  198  
                 MUX2_X2  198  
                NAND2_X1  198  
                NAND2_X2  198  
                NAND2_X4  198  
                NAND3_X1  198  
                NAND3_X2  198  
                NAND3_X4  198  
                NAND4_X1  198  
                NAND4_X2  198  
                NAND4_X4  198  
                 NOR2_X1  198  
                 NOR2_X2  198  
                 NOR2_X4  198  
                 NOR3_X1  198  
                 NOR3_X2  198  
                 NOR3_X4  198  
                 NOR4_X1  198  
                 NOR4_X2  198  
                 NOR4_X4  198  
               OAI211_X1  198  
               OAI211_X2  198  
               OAI211_X4  198  
                OAI21_X1  198  
                OAI21_X2  198  
                OAI21_X4  198  
               OAI221_X1  198  
               OAI221_X2  198  
               OAI221_X4  198  
               OAI222_X1  198  
               OAI222_X2  198  
               OAI222_X4  198  
                OAI22_X1  198  
                OAI22_X2  198  
                OAI22_X4  198  
                OAI33_X1  198  
                  OR2_X1  198  
                  OR2_X2  198  
                  OR2_X4  198  
                  OR3_X1  198  
                  OR3_X2  198  
                  OR3_X4  198  
                  OR4_X1  198  
                  OR4_X2  198  
                  OR4_X4  198  
               SDFFRS_X1  198  
               SDFFRS_X2  198  
                SDFFR_X1  198  
                SDFFR_X2  198  
                SDFFS_X1  198  
                SDFFS_X2  198  
                 SDFF_X1  198  
                 SDFF_X2  198  
                 TBUF_X1  198  
                TBUF_X16  198  
                 TBUF_X2  198  
                 TBUF_X4  198  
                 TBUF_X8  198  
                 TINV_X1  198  
                 TLAT_X1  198  
                XNOR2_X1  198  
                XNOR2_X2  198  
                 XOR2_X1  198  
                 XOR2_X2  198  128  
# Cells in .lib with max_cap: 
    ------------------------------
    Cell List with max_cap
    ------------------------------
               Cell Name  Max Capacitance (pf)  
                 AND2_X1  0.060577  
                 AND2_X2  0.120850  
                 AND2_X4  0.241699  
                 AND3_X1  0.060425  
                 AND3_X2  0.120544  
                 AND3_X4  0.241089  
                 AND4_X1  0.060272  
                 AND4_X2  0.120392  
                 AND4_X4  0.241089  
               AOI211_X1  0.014496  
               AOI211_X2  0.028992  
               AOI211_X4  0.242310  
                AOI21_X1  0.025330  
                AOI21_X2  0.050659  
                AOI21_X4  0.101013  
               AOI221_X1  0.013809  
               AOI221_X2  0.027618  
               AOI221_X4  0.242310  
               AOI222_X1  0.013008  
               AOI222_X2  0.025635  
               AOI222_X4  0.242310  
                AOI22_X1  0.024605  
                AOI22_X2  0.049133  
                AOI22_X4  0.097961  
                  BUF_X1  0.060654  
                 BUF_X16  0.965576  
                  BUF_X2  0.121155  
                 BUF_X32  1.904300  
                  BUF_X4  0.242310  
                  BUF_X8  0.484009  
               CLKBUF_X1  0.060730  
               CLKBUF_X2  0.121460  
               CLKBUF_X3  0.181885  
           CLKGATETST_X1  0.060730  
           CLKGATETST_X2  0.121460  
           CLKGATETST_X4  0.242920  
           CLKGATETST_X8  0.484619  
              CLKGATE_X1  0.060730  
              CLKGATE_X2  0.121307  
              CLKGATE_X4  0.242310  
              CLKGATE_X8  0.484619  
                DFFRS_X1  0.060272  
                DFFRS_X2  0.120850  
                 DFFR_X1  0.060272  
                 DFFR_X2  0.120544  
                 DFFS_X1  0.060272  
                 DFFS_X2  0.120544  
                  DFF_X1  0.060272  
                  DFF_X2  0.120544  
                  DLH_X1  0.060577  
                  DLH_X2  0.120697  
                  DLL_X1  0.060272  
                  DLL_X2  0.120544  
                   FA_X1  0.060272  
                   HA_X1  0.025253  
                  INV_X1  0.060730  
                 INV_X16  0.969238  
                  INV_X2  0.121460  
                 INV_X32  1.923830  
                  INV_X4  0.242920  
                  INV_X8  0.485229  
                 MUX2_X1  0.060501  
                 MUX2_X2  0.120850  
                NAND2_X1  0.059357  
                NAND2_X2  0.118713  
                NAND2_X4  0.237427  
                NAND3_X1  0.058365  
                NAND3_X2  0.116272  
                NAND3_X4  0.233154  
                NAND4_X1  0.056000  
                NAND4_X2  0.111542  
                NAND4_X4  0.222778  
                 NOR2_X1  0.026703  
                 NOR2_X2  0.053406  
                 NOR2_X4  0.106811  
                 NOR3_X1  0.016022  
                 NOR3_X2  0.031738  
                 NOR3_X4  0.063324  
                 NOR4_X1  0.010471  
                 NOR4_X2  0.020905  
                 NOR4_X4  0.041504  
               OAI211_X1  0.025559  
               OAI211_X2  0.050812  
               OAI211_X4  0.101624  
                OAI21_X1  0.026054  
                OAI21_X2  0.052109  
                OAI21_X4  0.104065  
               OAI221_X1  0.022163  
               OAI221_X2  0.043869  
               OAI221_X4  0.242310  
               OAI222_X1  0.020065  
               OAI222_X2  0.039597  
               OAI222_X4  0.242310  
                OAI22_X1  0.023232  
                OAI22_X2  0.046310  
                OAI22_X4  0.092468  
                OAI33_X1  0.011482  
                  OR2_X1  0.060577  
                  OR2_X2  0.121155  
                  OR2_X4  0.242310  
                  OR3_X1  0.060577  
                  OR3_X2  0.121155  
                  OR3_X4  0.242310  
                  OR4_X1  0.060577  
                  OR4_X2  0.120850  
                  OR4_X4  0.241699  
               SDFFRS_X1  0.060577  
               SDFFRS_X2  0.120850  
                SDFFR_X1  0.060425  
                SDFFR_X2  0.121155  
                SDFFS_X1  0.060577  
                SDFFS_X2  0.120850  
                 SDFF_X1  0.060425  
                 SDFF_X2  0.121155  
                 TBUF_X1  0.051575  
                TBUF_X16  0.820312  
                 TBUF_X2  0.103607  
                 TBUF_X4  0.206909  
                 TBUF_X8  0.412598  
                 TINV_X1  0.022621  
                 TLAT_X1  0.022583  
                XNOR2_X1  0.026016  
                XNOR2_X2  0.052033  
                 XOR2_X1  0.025330  
                 XOR2_X2  0.050507  125  
# Cells in .lib with max_fanout: 0  
SDC max_cap: N/A  
SDC max_tran: 500.000000 ps  
SDC max_fanout: 20  
Default Ext. Scale Factor: 1.000  
Detail Ext. Scale Factor: 1.000  

==============================
Floorplan/Placement Information
==============================
Total area of Standard cells: 28774.284 um^2  
Total area of Standard cells(Subtracting Physical Cells): 20379.058 um^2  
Total area of Macros: 0.000 um^2  
Total area of Blockages: 0.000 um^2  
Total area of Pad cells: 0.000 um^2  
Total area of Core: 28774.284 um^2  
Total area of Chip: 37060.078 um^2  
Effective Utilization: 1.0000e+00  
Number of Cell Rows: 121  
% Pure Gate Density #1 (Subtracting BLOCKAGES): 100.000%  
% Pure Gate Density #2 (Subtracting BLOCKAGES and Physical Cells): 70.824%  
% Pure Gate Density #3 (Subtracting MACROS): 100.000%  
% Pure Gate Density #4 (Subtracting MACROS and Physical Cells): 70.824%  
% Pure Gate Density #5 (Subtracting MACROS and BLOCKAGES): 100.000%  
% Pure Gate Density #6 (Subtracting MACROS and BLOCKAGES for insts are not placed): 70.824%  
% Core Density (Counting Std Cells and MACROs): 100.000%  
% Core Density #2(Subtracting Physical Cells): 70.824%  
% Chip Density (Counting Std Cells and MACROs and IOs): 77.642%  
% Chip Density #2(Subtracting Physical Cells): 54.989%  
# Macros within 5 sites of IO pad: No  
Macro halo defined?: No  

==============================
Wire Length Distribution
==============================
Total metal1 wire length: 4710.6400 um  
Total metal2 wire length: 39763.7300 um  
Total metal3 wire length: 59772.0700 um  
Total metal4 wire length: 21230.4950 um  
Total metal5 wire length: 20333.4800 um  
Total metal6 wire length: 8694.0000 um  
Total metal7 wire length: 104.7200 um  
Total metal8 wire length: 0.0000 um  
Total metal9 wire length: 0.0000 um  
Total metal10 wire length: 0.0000 um  
Total wire length: 154609.1350 um  
Average wire length/net: 15.6741 um  
Area of Power Net Distribution: 
    ------------------------------
    Area of Power Net Distribution
    ------------------------------
    Layer Name  Area of Power Net  Routable Area  Percentage  
    metal1  1761.4482  28774.2840  6.1216%  
    metal2  0.0000  28774.2840  0.0000%  
    metal3  0.0000  28774.2840  0.0000%  
    metal4  0.0000  28774.2840  0.0000%  
    metal5  0.0000  28774.2840  0.0000%  
    metal6  0.0000  28774.2840  0.0000%  
    metal7  0.0000  28774.2840  0.0000%  
    metal8  6110.6304  28774.2840  21.2364%  
    metal9  6125.0112  28774.2840  21.2864%  
    metal10  0.0000  28774.2840  0.0000%  For more information click here  
